[ 2016-11-15T13:34:04+08:00 ] ::1 /CESBack/index.php/Home/Home/home?n=admin&p=21232f297a57a5a743894a0e4a801fc
INFO: [ app_init ] --START--
INFO: Run Behavior\BuildLiteBehavior [ RunTime:0.000012s ]
INFO: [ app_init ] --END-- [ RunTime:0.000527s ]
INFO: [ app_begin ] --START--
INFO: Run Behavior\ReadHtmlCacheBehavior [ RunTime:0.000540s ]
INFO: [ app_begin ] --END-- [ RunTime:0.000579s ]
SQL: SHOW COLUMNS FROM `tb_admin` [ RunTime:0.0021s ]
SQL: SELECT * FROM `tb_admin` WHERE `user` = 'admin' AND `password` = '21232f297a57a5a743894a0e4a801fc'  [ RunTime:0.0016s ]

[ 2016-11-15T13:34:04+08:00 ] ::1 /CESBack/index.php/Home/Index/index
INFO: [ app_init ] --START--
INFO: Run Behavior\BuildLiteBehavior [ RunTime:0.000010s ]
INFO: [ app_init ] --END-- [ RunTime:0.000263s ]
INFO: [ app_begin ] --START--
INFO: Run Behavior\ReadHtmlCacheBehavior [ RunTime:0.000341s ]
INFO: [ app_begin ] --END-- [ RunTime:0.000376s ]
INFO: [ view_parse ] --START--
INFO: [ template_filter ] --START--
INFO: Run Behavior\ContentReplaceBehavior [ RunTime:0.000045s ]
INFO: [ template_filter ] --END-- [ RunTime:0.000085s ]
INFO: Run Behavior\ParseTemplateBehavior [ RunTime:0.009882s ]
INFO: [ view_parse ] --END-- [ RunTime:0.009930s ]
INFO: [ view_filter ] --START--
INFO: Run Behavior\WriteHtmlCacheBehavior [ RunTime:0.000398s ]
INFO: [ view_filter ] --END-- [ RunTime:0.000433s ]
INFO: [ app_end ] --START--
INFO: Run Behavior\ShowPageTraceBehavior [ RunTime:0.001308s ]
INFO: [ app_end ] --END-- [ RunTime:0.001346s ]

[ 2016-11-15T13:34:16+08:00 ] ::1 /CESBack/index.php/Home/Index/login
INFO: [ app_init ] --START--
INFO: Run Behavior\BuildLiteBehavior [ RunTime:0.000015s ]
INFO: [ app_init ] --END-- [ RunTime:0.000405s ]
INFO: [ app_begin ] --START--
INFO: Run Behavior\ReadHtmlCacheBehavior [ RunTime:0.000397s ]
INFO: [ app_begin ] --END-- [ RunTime:0.000423s ]
SQL: SHOW COLUMNS FROM `tb_admin` [ RunTime:0.0019s ]
SQL: SELECT * FROM `tb_admin` WHERE `user` = 'admin' AND `password` = '21232f297a57a5a743894a0e4a801fc3'  [ RunTime:0.0002s ]

[ 2016-11-15T13:34:16+08:00 ] ::1 /CESBack/index.php/Home/Home/home?n=admin&p=21232f297a57a5a743894a0e4a801fc3
INFO: [ app_init ] --START--
INFO: Run Behavior\BuildLiteBehavior [ RunTime:0.000010s ]
INFO: [ app_init ] --END-- [ RunTime:0.000286s ]
INFO: [ app_begin ] --START--
INFO: Run Behavior\ReadHtmlCacheBehavior [ RunTime:0.000362s ]
INFO: [ app_begin ] --END-- [ RunTime:0.000405s ]
SQL: SHOW COLUMNS FROM `tb_admin` [ RunTime:0.0017s ]
SQL: SELECT * FROM `tb_admin` WHERE `user` = 'admin' AND `password` = '21232f297a57a5a743894a0e4a801fc3'  [ RunTime:0.0005s ]
INFO: [ view_parse ] --START--
INFO: [ template_filter ] --START--
INFO: Run Behavior\ContentReplaceBehavior [ RunTime:0.000195s ]
INFO: [ template_filter ] --END-- [ RunTime:0.000246s ]
NOTIC: [8] Undefined variable: weChatMatch /Users/lawrance/Data/CESBack/CESBack/Runtime/Cache/Home/a6d249f0cce0a592f6432f4291a590e1.php 第 731 行.
NOTIC: [8] Undefined variable: weChatSub /Users/lawrance/Data/CESBack/CESBack/Runtime/Cache/Home/a6d249f0cce0a592f6432f4291a590e1.php 第 732 行.
NOTIC: [8] Undefined variable: weChatNum /Users/lawrance/Data/CESBack/CESBack/Runtime/Cache/Home/a6d249f0cce0a592f6432f4291a590e1.php 第 733 行.
NOTIC: [8] Undefined variable: weCESNum /Users/lawrance/Data/CESBack/CESBack/Runtime/Cache/Home/a6d249f0cce0a592f6432f4291a590e1.php 第 734 行.
INFO: Run Behavior\ParseTemplateBehavior [ RunTime:0.009194s ]
INFO: [ view_parse ] --END-- [ RunTime:0.009261s ]
INFO: [ view_filter ] --START--
INFO: Run Behavior\WriteHtmlCacheBehavior [ RunTime:0.000121s ]
INFO: [ view_filter ] --END-- [ RunTime:0.000140s ]
INFO: [ app_end ] --START--
INFO: Run Behavior\ShowPageTraceBehavior [ RunTime:0.000445s ]
INFO: [ app_end ] --END-- [ RunTime:0.000489s ]

[ 2016-11-15T13:34:17+08:00 ] ::1 /CESBack/index.php/Home/Home/img/favicon.ico
INFO: [ app_init ] --START--
INFO: Run Behavior\BuildLiteBehavior [ RunTime:0.000018s ]
INFO: [ app_init ] --END-- [ RunTime:0.000510s ]

[ 2016-11-15T13:34:50+08:00 ] ::1 /CESBack/index.php/Home/WeChat/setWeChatMenu
INFO: [ app_init ] --START--
INFO: Run Behavior\BuildLiteBehavior [ RunTime:0.000005s ]
INFO: [ app_init ] --END-- [ RunTime:0.000163s ]
INFO: [ app_begin ] --START--
INFO: Run Behavior\ReadHtmlCacheBehavior [ RunTime:0.000206s ]
INFO: [ app_begin ] --END-- [ RunTime:0.000226s ]
INFO: [ view_parse ] --START--
INFO: [ template_filter ] --START--
INFO: Run Behavior\ContentReplaceBehavior [ RunTime:0.000280s ]
INFO: [ template_filter ] --END-- [ RunTime:0.000311s ]
NOTIC: [8] Undefined variable: username /Users/lawrance/Data/CESBack/CESBack/Runtime/Cache/Home/e9ab43b435adfb923aae1d2a429f6062.php 第 288 行.
INFO: Run Behavior\ParseTemplateBehavior [ RunTime:0.011835s ]
INFO: [ view_parse ] --END-- [ RunTime:0.011861s ]
INFO: [ view_filter ] --START--
INFO: Run Behavior\WriteHtmlCacheBehavior [ RunTime:0.000123s ]
INFO: [ view_filter ] --END-- [ RunTime:0.000136s ]
INFO: [ app_end ] --START--
INFO: Run Behavior\ShowPageTraceBehavior [ RunTime:0.000305s ]
INFO: [ app_end ] --END-- [ RunTime:0.000324s ]

[ 2016-11-15T13:34:50+08:00 ] ::1 /CESBack/index.php/Home/WeChat/img/favicon.ico
INFO: [ app_init ] --START--
INFO: Run Behavior\BuildLiteBehavior [ RunTime:0.000012s ]
INFO: [ app_init ] --END-- [ RunTime:0.000325s ]

[ 2016-11-15T13:50:39+08:00 ] ::1 /CESBack/index.php/Home/WeChat/setWeChatMenu?
INFO: [ app_init ] --START--
INFO: Run Behavior\BuildLiteBehavior [ RunTime:0.000005s ]
INFO: [ app_init ] --END-- [ RunTime:0.000160s ]
INFO: [ app_begin ] --START--
INFO: Run Behavior\ReadHtmlCacheBehavior [ RunTime:0.000198s ]
INFO: [ app_begin ] --END-- [ RunTime:0.000217s ]
INFO: [ view_parse ] --START--
INFO: [ template_filter ] --START--
INFO: Run Behavior\ContentReplaceBehavior [ RunTime:0.000350s ]
INFO: [ template_filter ] --END-- [ RunTime:0.000387s ]
NOTIC: [8] Undefined variable: username /Users/lawrance/Data/CESBack/CESBack/Runtime/Cache/Home/e9ab43b435adfb923aae1d2a429f6062.php 第 288 行.
INFO: Run Behavior\ParseTemplateBehavior [ RunTime:0.009845s ]
INFO: [ view_parse ] --END-- [ RunTime:0.009864s ]
INFO: [ view_filter ] --START--
INFO: Run Behavior\WriteHtmlCacheBehavior [ RunTime:0.000115s ]
INFO: [ view_filter ] --END-- [ RunTime:0.000129s ]
INFO: [ app_end ] --START--
INFO: Run Behavior\ShowPageTraceBehavior [ RunTime:0.000344s ]
INFO: [ app_end ] --END-- [ RunTime:0.000399s ]

[ 2016-11-15T13:50:44+08:00 ] ::1 /CESBack/index.php/Home/WeChat/setWeChatMenu?&
INFO: [ app_init ] --START--
INFO: Run Behavior\BuildLiteBehavior [ RunTime:0.000005s ]
INFO: [ app_init ] --END-- [ RunTime:0.000157s ]
INFO: [ app_begin ] --START--
INFO: Run Behavior\ReadHtmlCacheBehavior [ RunTime:0.000194s ]
INFO: [ app_begin ] --END-- [ RunTime:0.000213s ]
INFO: [ view_parse ] --START--
INFO: [ template_filter ] --START--
INFO: Run Behavior\ContentReplaceBehavior [ RunTime:0.000285s ]
INFO: [ template_filter ] --END-- [ RunTime:0.000316s ]
NOTIC: [8] Undefined variable: username /Users/lawrance/Data/CESBack/CESBack/Runtime/Cache/Home/e9ab43b435adfb923aae1d2a429f6062.php 第 288 行.
INFO: Run Behavior\ParseTemplateBehavior [ RunTime:0.009076s ]
INFO: [ view_parse ] --END-- [ RunTime:0.009095s ]
INFO: [ view_filter ] --START--
INFO: Run Behavior\WriteHtmlCacheBehavior [ RunTime:0.000107s ]
INFO: [ view_filter ] --END-- [ RunTime:0.000125s ]
INFO: [ app_end ] --START--
INFO: Run Behavior\ShowPageTraceBehavior [ RunTime:0.000373s ]
INFO: [ app_end ] --END-- [ RunTime:0.000399s ]

[ 2016-11-15T15:04:58+08:00 ] ::1 /CESBack/index.php/Home/Home/home?n=admin&p=21232f297a57a5a743894a0e4a801fc
INFO: [ app_init ] --START--
INFO: Run Behavior\BuildLiteBehavior [ RunTime:0.000011s ]
INFO: [ app_init ] --END-- [ RunTime:0.000438s ]
INFO: [ app_begin ] --START--
INFO: Run Behavior\ReadHtmlCacheBehavior [ RunTime:0.000783s ]
INFO: [ app_begin ] --END-- [ RunTime:0.000858s ]
SQL: SHOW COLUMNS FROM `tb_admin` [ RunTime:0.0012s ]
SQL: SELECT * FROM `tb_admin` WHERE `user` = 'admin' AND `password` = '21232f297a57a5a743894a0e4a801fc'  [ RunTime:0.0002s ]

[ 2016-11-15T15:04:58+08:00 ] ::1 /CESBack/index.php/Home/Index/index
INFO: [ app_init ] --START--
INFO: Run Behavior\BuildLiteBehavior [ RunTime:0.000005s ]
INFO: [ app_init ] --END-- [ RunTime:0.000158s ]
INFO: [ app_begin ] --START--
INFO: Run Behavior\ReadHtmlCacheBehavior [ RunTime:0.000401s ]
INFO: [ app_begin ] --END-- [ RunTime:0.000455s ]
INFO: [ view_parse ] --START--
INFO: [ template_filter ] --START--
INFO: Run Behavior\ContentReplaceBehavior [ RunTime:0.000054s ]
INFO: [ template_filter ] --END-- [ RunTime:0.000083s ]
INFO: Run Behavior\ParseTemplateBehavior [ RunTime:0.005885s ]
INFO: [ view_parse ] --END-- [ RunTime:0.005925s ]
INFO: [ view_filter ] --START--
INFO: Run Behavior\WriteHtmlCacheBehavior [ RunTime:0.000326s ]
INFO: [ view_filter ] --END-- [ RunTime:0.000346s ]
INFO: [ app_end ] --START--
INFO: Run Behavior\ShowPageTraceBehavior [ RunTime:0.000468s ]
INFO: [ app_end ] --END-- [ RunTime:0.000495s ]

[ 2016-11-15T15:05:05+08:00 ] ::1 /CESBack/index.php/Home/Index/login
INFO: [ app_init ] --START--
INFO: Run Behavior\BuildLiteBehavior [ RunTime:0.000007s ]
INFO: [ app_init ] --END-- [ RunTime:0.000182s ]
INFO: [ app_begin ] --START--
INFO: Run Behavior\ReadHtmlCacheBehavior [ RunTime:0.000366s ]
INFO: [ app_begin ] --END-- [ RunTime:0.000400s ]
SQL: SHOW COLUMNS FROM `tb_admin` [ RunTime:0.0019s ]
SQL: SELECT * FROM `tb_admin` WHERE `user` = 'admin' AND `password` = '21232f297a57a5a743894a0e4a801fc3'  [ RunTime:0.0002s ]

[ 2016-11-15T15:05:05+08:00 ] ::1 /CESBack/index.php/Home/Home/home?n=admin&p=21232f297a57a5a743894a0e4a801fc3
INFO: [ app_init ] --START--
INFO: Run Behavior\BuildLiteBehavior [ RunTime:0.000013s ]
INFO: [ app_init ] --END-- [ RunTime:0.000411s ]
INFO: [ app_begin ] --START--
INFO: Run Behavior\ReadHtmlCacheBehavior [ RunTime:0.000257s ]
INFO: [ app_begin ] --END-- [ RunTime:0.000283s ]
SQL: SHOW COLUMNS FROM `tb_admin` [ RunTime:0.0022s ]
SQL: SELECT * FROM `tb_admin` WHERE `user` = 'admin' AND `password` = '21232f297a57a5a743894a0e4a801fc3'  [ RunTime:0.0002s ]
INFO: [ view_parse ] --START--
INFO: [ template_filter ] --START--
INFO: Run Behavior\ContentReplaceBehavior [ RunTime:0.000147s ]
INFO: [ template_filter ] --END-- [ RunTime:0.000192s ]
NOTIC: [8] Undefined variable: weChatMatch /Users/lawrance/Data/CESBack/CESBack/Runtime/Cache/Home/a6d249f0cce0a592f6432f4291a590e1.php 第 731 行.
NOTIC: [8] Undefined variable: weChatSub /Users/lawrance/Data/CESBack/CESBack/Runtime/Cache/Home/a6d249f0cce0a592f6432f4291a590e1.php 第 732 行.
NOTIC: [8] Undefined variable: weChatNum /Users/lawrance/Data/CESBack/CESBack/Runtime/Cache/Home/a6d249f0cce0a592f6432f4291a590e1.php 第 733 行.
NOTIC: [8] Undefined variable: weCESNum /Users/lawrance/Data/CESBack/CESBack/Runtime/Cache/Home/a6d249f0cce0a592f6432f4291a590e1.php 第 734 行.
INFO: Run Behavior\ParseTemplateBehavior [ RunTime:0.009080s ]
INFO: [ view_parse ] --END-- [ RunTime:0.009108s ]
INFO: [ view_filter ] --START--
INFO: Run Behavior\WriteHtmlCacheBehavior [ RunTime:0.000176s ]
INFO: [ view_filter ] --END-- [ RunTime:0.000202s ]
INFO: [ app_end ] --START--
INFO: Run Behavior\ShowPageTraceBehavior [ RunTime:0.000469s ]
INFO: [ app_end ] --END-- [ RunTime:0.000516s ]

[ 2016-11-15T15:05:14+08:00 ] ::1 /CESBack/index.php/Home/WeChat/setWeChatMenu
INFO: [ app_init ] --START--
INFO: Run Behavior\BuildLiteBehavior [ RunTime:0.000009s ]
INFO: [ app_init ] --END-- [ RunTime:0.000220s ]
INFO: [ app_begin ] --START--
INFO: Run Behavior\ReadHtmlCacheBehavior [ RunTime:0.000225s ]
INFO: [ app_begin ] --END-- [ RunTime:0.000244s ]
INFO: [ view_parse ] --START--
INFO: [ template_filter ] --START--
INFO: Run Behavior\ContentReplaceBehavior [ RunTime:0.000327s ]
INFO: [ template_filter ] --END-- [ RunTime:0.000355s ]
NOTIC: [8] Undefined variable: username /Users/lawrance/Data/CESBack/CESBack/Runtime/Cache/Home/e9ab43b435adfb923aae1d2a429f6062.php 第 288 行.
INFO: Run Behavior\ParseTemplateBehavior [ RunTime:0.014435s ]
INFO: [ view_parse ] --END-- [ RunTime:0.014471s ]
INFO: [ view_filter ] --START--
INFO: Run Behavior\WriteHtmlCacheBehavior [ RunTime:0.000103s ]
INFO: [ view_filter ] --END-- [ RunTime:0.000117s ]
INFO: [ app_end ] --START--
INFO: Run Behavior\ShowPageTraceBehavior [ RunTime:0.000350s ]
INFO: [ app_end ] --END-- [ RunTime:0.000370s ]

[ 2016-11-15T15:07:10+08:00 ] ::1 /CESBack/index.php/Home/WeChat/setWeChatMenu
INFO: [ app_init ] --START--
INFO: Run Behavior\BuildLiteBehavior [ RunTime:0.000007s ]
INFO: [ app_init ] --END-- [ RunTime:0.000186s ]
INFO: [ app_begin ] --START--
INFO: Run Behavior\ReadHtmlCacheBehavior [ RunTime:0.000224s ]
INFO: [ app_begin ] --END-- [ RunTime:0.000242s ]
INFO: [ view_parse ] --START--
INFO: [ template_filter ] --START--
INFO: Run Behavior\ContentReplaceBehavior [ RunTime:0.000274s ]
INFO: [ template_filter ] --END-- [ RunTime:0.000294s ]
NOTIC: [8] Undefined variable: username /Users/lawrance/Data/CESBack/CESBack/Runtime/Cache/Home/e9ab43b435adfb923aae1d2a429f6062.php 第 288 行.
INFO: Run Behavior\ParseTemplateBehavior [ RunTime:0.008715s ]
INFO: [ view_parse ] --END-- [ RunTime:0.008734s ]
INFO: [ view_filter ] --START--
INFO: Run Behavior\WriteHtmlCacheBehavior [ RunTime:0.000117s ]
INFO: [ view_filter ] --END-- [ RunTime:0.000134s ]
INFO: [ app_end ] --START--
INFO: Run Behavior\ShowPageTraceBehavior [ RunTime:0.000423s ]
INFO: [ app_end ] --END-- [ RunTime:0.000458s ]

[ 2016-11-15T15:08:01+08:00 ] ::1 /CESBack/index.php/Home/WeChat/setWeChatMenu
INFO: [ app_init ] --START--
INFO: Run Behavior\BuildLiteBehavior [ RunTime:0.000006s ]
INFO: [ app_init ] --END-- [ RunTime:0.000178s ]
INFO: [ app_begin ] --START--
INFO: Run Behavior\ReadHtmlCacheBehavior [ RunTime:0.000209s ]
INFO: [ app_begin ] --END-- [ RunTime:0.000227s ]
INFO: [ view_parse ] --START--
INFO: [ template_filter ] --START--
INFO: Run Behavior\ContentReplaceBehavior [ RunTime:0.000308s ]
INFO: [ template_filter ] --END-- [ RunTime:0.000333s ]
NOTIC: [8] Undefined variable: username /Users/lawrance/Data/CESBack/CESBack/Runtime/Cache/Home/e9ab43b435adfb923aae1d2a429f6062.php 第 288 行.
INFO: Run Behavior\ParseTemplateBehavior [ RunTime:0.009564s ]
INFO: [ view_parse ] --END-- [ RunTime:0.009582s ]
INFO: [ view_filter ] --START--
INFO: Run Behavior\WriteHtmlCacheBehavior [ RunTime:0.000091s ]
INFO: [ view_filter ] --END-- [ RunTime:0.000104s ]
INFO: [ app_end ] --START--
INFO: Run Behavior\ShowPageTraceBehavior [ RunTime:0.000419s ]
INFO: [ app_end ] --END-- [ RunTime:0.000446s ]

[ 2016-11-15T15:08:04+08:00 ] ::1 /CESBack/index.php/Home/WeChat/setWeChatMenu
INFO: [ app_init ] --START--
INFO: Run Behavior\BuildLiteBehavior [ RunTime:0.000008s ]
INFO: [ app_init ] --END-- [ RunTime:0.000223s ]
INFO: [ app_begin ] --START--
INFO: Run Behavior\ReadHtmlCacheBehavior [ RunTime:0.000285s ]
INFO: [ app_begin ] --END-- [ RunTime:0.000314s ]
INFO: [ view_parse ] --START--
INFO: [ template_filter ] --START--
INFO: Run Behavior\ContentReplaceBehavior [ RunTime:0.000327s ]
INFO: [ template_filter ] --END-- [ RunTime:0.000366s ]
NOTIC: [8] Undefined variable: username /Users/lawrance/Data/CESBack/CESBack/Runtime/Cache/Home/e9ab43b435adfb923aae1d2a429f6062.php 第 288 行.
INFO: Run Behavior\ParseTemplateBehavior [ RunTime:0.012023s ]
INFO: [ view_parse ] --END-- [ RunTime:0.012054s ]
INFO: [ view_filter ] --START--
INFO: Run Behavior\WriteHtmlCacheBehavior [ RunTime:0.000126s ]
INFO: [ view_filter ] --END-- [ RunTime:0.000142s ]
INFO: [ app_end ] --START--
INFO: Run Behavior\ShowPageTraceBehavior [ RunTime:0.000431s ]
INFO: [ app_end ] --END-- [ RunTime:0.000471s ]

[ 2016-11-15T15:08:33+08:00 ] ::1 /CESBack/index.php/Home/WeChat/setWeChatMenu
INFO: [ app_init ] --START--
INFO: Run Behavior\BuildLiteBehavior [ RunTime:0.000005s ]
INFO: [ app_init ] --END-- [ RunTime:0.000157s ]
INFO: [ app_begin ] --START--
INFO: Run Behavior\ReadHtmlCacheBehavior [ RunTime:0.000196s ]
INFO: [ app_begin ] --END-- [ RunTime:0.000215s ]
INFO: [ view_parse ] --START--
INFO: [ template_filter ] --START--
INFO: Run Behavior\ContentReplaceBehavior [ RunTime:0.000360s ]
INFO: [ template_filter ] --END-- [ RunTime:0.000407s ]
NOTIC: [8] Undefined variable: username /Users/lawrance/Data/CESBack/CESBack/Runtime/Cache/Home/e9ab43b435adfb923aae1d2a429f6062.php 第 288 行.
INFO: Run Behavior\ParseTemplateBehavior [ RunTime:0.010387s ]
INFO: [ view_parse ] --END-- [ RunTime:0.010406s ]
INFO: [ view_filter ] --START--
INFO: Run Behavior\WriteHtmlCacheBehavior [ RunTime:0.000108s ]
INFO: [ view_filter ] --END-- [ RunTime:0.000122s ]
INFO: [ app_end ] --START--
INFO: Run Behavior\ShowPageTraceBehavior [ RunTime:0.000522s ]
INFO: [ app_end ] --END-- [ RunTime:0.000553s ]

[ 2016-11-15T15:08:35+08:00 ] ::1 /CESBack/index.php/Home/WeChat/messageGroupSend
INFO: [ app_init ] --START--
INFO: Run Behavior\BuildLiteBehavior [ RunTime:0.000005s ]
INFO: [ app_init ] --END-- [ RunTime:0.000153s ]
INFO: [ app_begin ] --START--
INFO: Run Behavior\ReadHtmlCacheBehavior [ RunTime:0.000195s ]
INFO: [ app_begin ] --END-- [ RunTime:0.000214s ]
INFO: [ view_parse ] --START--
INFO: [ template_filter ] --START--
INFO: Run Behavior\ContentReplaceBehavior [ RunTime:0.000104s ]
INFO: [ template_filter ] --END-- [ RunTime:0.000131s ]
NOTIC: [8] Undefined variable: username /Users/lawrance/Data/CESBack/CESBack/Runtime/Cache/Home/56713eb9ebee661560e69ac8dbf22e24.php 第 288 行.
INFO: Run Behavior\ParseTemplateBehavior [ RunTime:0.005430s ]
INFO: [ view_parse ] --END-- [ RunTime:0.005446s ]
INFO: [ view_filter ] --START--
INFO: Run Behavior\WriteHtmlCacheBehavior [ RunTime:0.000089s ]
INFO: [ view_filter ] --END-- [ RunTime:0.000101s ]
INFO: [ app_end ] --START--
INFO: Run Behavior\ShowPageTraceBehavior [ RunTime:0.000300s ]
INFO: [ app_end ] --END-- [ RunTime:0.000326s ]

[ 2016-11-15T15:08:38+08:00 ] ::1 /CESBack/index.php/Home/WeChat/setWeChatMenu
INFO: [ app_init ] --START--
INFO: Run Behavior\BuildLiteBehavior [ RunTime:0.000005s ]
INFO: [ app_init ] --END-- [ RunTime:0.000156s ]
INFO: [ app_begin ] --START--
INFO: Run Behavior\ReadHtmlCacheBehavior [ RunTime:0.000196s ]
INFO: [ app_begin ] --END-- [ RunTime:0.000214s ]
INFO: [ view_parse ] --START--
INFO: [ template_filter ] --START--
INFO: Run Behavior\ContentReplaceBehavior [ RunTime:0.000542s ]
INFO: [ template_filter ] --END-- [ RunTime:0.000633s ]
NOTIC: [8] Undefined variable: username /Users/lawrance/Data/CESBack/CESBack/Runtime/Cache/Home/e9ab43b435adfb923aae1d2a429f6062.php 第 288 行.
INFO: Run Behavior\ParseTemplateBehavior [ RunTime:0.010256s ]
INFO: [ view_parse ] --END-- [ RunTime:0.010284s ]
INFO: [ view_filter ] --START--
INFO: Run Behavior\WriteHtmlCacheBehavior [ RunTime:0.000162s ]
INFO: [ view_filter ] --END-- [ RunTime:0.000187s ]
INFO: [ app_end ] --START--
INFO: Run Behavior\ShowPageTraceBehavior [ RunTime:0.000487s ]
INFO: [ app_end ] --END-- [ RunTime:0.000535s ]

[ 2016-11-15T15:08:39+08:00 ] ::1 /CESBack/index.php/Home/WeChat/messageGroupSend
INFO: [ app_init ] --START--
INFO: Run Behavior\BuildLiteBehavior [ RunTime:0.000006s ]
INFO: [ app_init ] --END-- [ RunTime:0.000162s ]
INFO: [ app_begin ] --START--
INFO: Run Behavior\ReadHtmlCacheBehavior [ RunTime:0.000200s ]
INFO: [ app_begin ] --END-- [ RunTime:0.000219s ]
INFO: [ view_parse ] --START--
INFO: [ template_filter ] --START--
INFO: Run Behavior\ContentReplaceBehavior [ RunTime:0.000103s ]
INFO: [ template_filter ] --END-- [ RunTime:0.000122s ]
NOTIC: [8] Undefined variable: username /Users/lawrance/Data/CESBack/CESBack/Runtime/Cache/Home/56713eb9ebee661560e69ac8dbf22e24.php 第 288 行.
INFO: Run Behavior\ParseTemplateBehavior [ RunTime:0.004139s ]
INFO: [ view_parse ] --END-- [ RunTime:0.004155s ]
INFO: [ view_filter ] --START--
INFO: Run Behavior\WriteHtmlCacheBehavior [ RunTime:0.000076s ]
INFO: [ view_filter ] --END-- [ RunTime:0.000089s ]
INFO: [ app_end ] --START--
INFO: Run Behavior\ShowPageTraceBehavior [ RunTime:0.000286s ]
INFO: [ app_end ] --END-- [ RunTime:0.000329s ]

[ 2016-11-15T15:09:25+08:00 ] ::1 /CESBack/index.php/Home/WeChat/messageGroupSend
INFO: [ app_init ] --START--
INFO: Run Behavior\BuildLiteBehavior [ RunTime:0.000005s ]
INFO: [ app_init ] --END-- [ RunTime:0.000154s ]
INFO: [ app_begin ] --START--
INFO: Run Behavior\ReadHtmlCacheBehavior [ RunTime:0.000196s ]
INFO: [ app_begin ] --END-- [ RunTime:0.000215s ]
INFO: [ view_parse ] --START--
INFO: [ template_filter ] --START--
INFO: Run Behavior\ContentReplaceBehavior [ RunTime:0.000108s ]
INFO: [ template_filter ] --END-- [ RunTime:0.000127s ]
NOTIC: [8] Undefined variable: username /Users/lawrance/Data/CESBack/CESBack/Runtime/Cache/Home/56713eb9ebee661560e69ac8dbf22e24.php 第 288 行.
INFO: Run Behavior\ParseTemplateBehavior [ RunTime:0.004373s ]
INFO: [ view_parse ] --END-- [ RunTime:0.004391s ]
INFO: [ view_filter ] --START--
INFO: Run Behavior\WriteHtmlCacheBehavior [ RunTime:0.000085s ]
INFO: [ view_filter ] --END-- [ RunTime:0.000097s ]
INFO: [ app_end ] --START--
INFO: Run Behavior\ShowPageTraceBehavior [ RunTime:0.000281s ]
INFO: [ app_end ] --END-- [ RunTime:0.000299s ]

[ 2016-11-15T15:10:00+08:00 ] ::1 /CESBack/index.php/Home/WeChat/messageGroupSend
INFO: [ app_init ] --START--
INFO: Run Behavior\BuildLiteBehavior [ RunTime:0.000008s ]
INFO: [ app_init ] --END-- [ RunTime:0.000223s ]
INFO: [ app_begin ] --START--
INFO: Run Behavior\ReadHtmlCacheBehavior [ RunTime:0.000227s ]
INFO: [ app_begin ] --END-- [ RunTime:0.000246s ]
INFO: [ view_parse ] --START--
INFO: [ template_filter ] --START--
INFO: Run Behavior\ContentReplaceBehavior [ RunTime:0.000150s ]
INFO: [ template_filter ] --END-- [ RunTime:0.000173s ]
NOTIC: [8] Undefined variable: username /Users/lawrance/Data/CESBack/CESBack/Runtime/Cache/Home/56713eb9ebee661560e69ac8dbf22e24.php 第 288 行.
INFO: Run Behavior\ParseTemplateBehavior [ RunTime:0.006376s ]
INFO: [ view_parse ] --END-- [ RunTime:0.006404s ]
INFO: [ view_filter ] --START--
INFO: Run Behavior\WriteHtmlCacheBehavior [ RunTime:0.000099s ]
INFO: [ view_filter ] --END-- [ RunTime:0.000112s ]
INFO: [ app_end ] --START--
INFO: Run Behavior\ShowPageTraceBehavior [ RunTime:0.000360s ]
INFO: [ app_end ] --END-- [ RunTime:0.000397s ]

[ 2016-11-15T15:12:06+08:00 ] ::1 /CESBack/index.php/Home/WeChat/messageGroupSend
INFO: [ app_init ] --START--
INFO: Run Behavior\BuildLiteBehavior [ RunTime:0.000008s ]
INFO: [ app_init ] --END-- [ RunTime:0.000218s ]
INFO: [ app_begin ] --START--
INFO: Run Behavior\ReadHtmlCacheBehavior [ RunTime:0.000225s ]
INFO: [ app_begin ] --END-- [ RunTime:0.000244s ]
INFO: [ view_parse ] --START--
INFO: [ template_filter ] --START--
INFO: Run Behavior\ContentReplaceBehavior [ RunTime:0.000174s ]
INFO: [ template_filter ] --END-- [ RunTime:0.000200s ]
NOTIC: [8] Undefined variable: username /Users/lawrance/Data/CESBack/CESBack/Runtime/Cache/Home/56713eb9ebee661560e69ac8dbf22e24.php 第 289 行.
INFO: Run Behavior\ParseTemplateBehavior [ RunTime:0.007077s ]
INFO: [ view_parse ] --END-- [ RunTime:0.007099s ]
INFO: [ view_filter ] --START--
INFO: Run Behavior\WriteHtmlCacheBehavior [ RunTime:0.000091s ]
INFO: [ view_filter ] --END-- [ RunTime:0.000104s ]
INFO: [ app_end ] --START--
INFO: Run Behavior\ShowPageTraceBehavior [ RunTime:0.000356s ]
INFO: [ app_end ] --END-- [ RunTime:0.000381s ]

[ 2016-11-15T15:12:07+08:00 ] ::1 /CESBack/index.php/Home/Test/getInfo?limit=10&offset=0&_=1479193926885
INFO: [ app_init ] --START--
INFO: Run Behavior\BuildLiteBehavior [ RunTime:0.000009s ]
INFO: [ app_init ] --END-- [ RunTime:0.000232s ]
INFO: [ app_begin ] --START--
INFO: Run Behavior\ReadHtmlCacheBehavior [ RunTime:0.000252s ]
INFO: [ app_begin ] --END-- [ RunTime:0.000275s ]
ERR: 无法加载控制器:Test

[ 2016-11-15T15:12:37+08:00 ] ::1 /CESBack/index.php/Home/WeChat/messageGroupSend
INFO: [ app_init ] --START--
INFO: Run Behavior\BuildLiteBehavior [ RunTime:0.000013s ]
INFO: [ app_init ] --END-- [ RunTime:0.000627s ]
INFO: [ app_begin ] --START--
INFO: Run Behavior\ReadHtmlCacheBehavior [ RunTime:0.000279s ]
INFO: [ app_begin ] --END-- [ RunTime:0.000315s ]
INFO: [ view_parse ] --START--
INFO: [ template_filter ] --START--
INFO: Run Behavior\ContentReplaceBehavior [ RunTime:0.000176s ]
INFO: [ template_filter ] --END-- [ RunTime:0.000252s ]
NOTIC: [8] Undefined variable: username /Users/lawrance/Data/CESBack/CESBack/Runtime/Cache/Home/56713eb9ebee661560e69ac8dbf22e24.php 第 289 行.
INFO: Run Behavior\ParseTemplateBehavior [ RunTime:0.006920s ]
INFO: [ view_parse ] --END-- [ RunTime:0.006957s ]
INFO: [ view_filter ] --START--
INFO: Run Behavior\WriteHtmlCacheBehavior [ RunTime:0.000110s ]
INFO: [ view_filter ] --END-- [ RunTime:0.000125s ]
INFO: [ app_end ] --START--
INFO: Run Behavior\ShowPageTraceBehavior [ RunTime:0.000684s ]
INFO: [ app_end ] --END-- [ RunTime:0.000742s ]

[ 2016-11-15T15:12:37+08:00 ] ::1 /CESBack/index.php/Home/Test/getInfo?limit=10&offset=0&_=1479193957210
INFO: [ app_init ] --START--
INFO: Run Behavior\BuildLiteBehavior [ RunTime:0.000008s ]
INFO: [ app_init ] --END-- [ RunTime:0.000350s ]
INFO: [ app_begin ] --START--
INFO: Run Behavior\ReadHtmlCacheBehavior [ RunTime:0.000428s ]
INFO: [ app_begin ] --END-- [ RunTime:0.000474s ]
ERR: 无法加载控制器:Test

[ 2016-11-15T15:13:34+08:00 ] ::1 /CESBack/index.php/Home/WeChat/messageGroupSend
INFO: [ app_init ] --START--
INFO: Run Behavior\BuildLiteBehavior [ RunTime:0.000011s ]
INFO: [ app_init ] --END-- [ RunTime:0.000214s ]
INFO: [ app_begin ] --START--
INFO: Run Behavior\ReadHtmlCacheBehavior [ RunTime:0.000225s ]
INFO: [ app_begin ] --END-- [ RunTime:0.000246s ]
INFO: [ view_parse ] --START--
INFO: [ template_filter ] --START--
INFO: Run Behavior\ContentReplaceBehavior [ RunTime:0.000152s ]
INFO: [ template_filter ] --END-- [ RunTime:0.000194s ]
NOTIC: [8] Undefined variable: username /Users/lawrance/Data/CESBack/CESBack/Runtime/Cache/Home/56713eb9ebee661560e69ac8dbf22e24.php 第 289 行.
INFO: Run Behavior\ParseTemplateBehavior [ RunTime:0.009692s ]
INFO: [ view_parse ] --END-- [ RunTime:0.009723s ]
INFO: [ view_filter ] --START--
INFO: Run Behavior\WriteHtmlCacheBehavior [ RunTime:0.000135s ]
INFO: [ view_filter ] --END-- [ RunTime:0.000156s ]
INFO: [ app_end ] --START--
INFO: Run Behavior\ShowPageTraceBehavior [ RunTime:0.000411s ]
INFO: [ app_end ] --END-- [ RunTime:0.000445s ]

[ 2016-11-15T15:13:34+08:00 ] ::1 /CESBack/index.php/Home/WeChat/getInfo?limit=10&offset=0&_=1479194014786
INFO: [ app_init ] --START--
INFO: Run Behavior\BuildLiteBehavior [ RunTime:0.000011s ]
INFO: [ app_init ] --END-- [ RunTime:0.000321s ]
INFO: [ app_begin ] --START--
INFO: Run Behavior\ReadHtmlCacheBehavior [ RunTime:0.000423s ]
INFO: [ app_begin ] --END-- [ RunTime:0.000475s ]
INFO: [ app_end ] --START--
INFO: Run Behavior\ShowPageTraceBehavior [ RunTime:0.000877s ]
INFO: [ app_end ] --END-- [ RunTime:0.001019s ]

[ 2016-11-15T15:13:50+08:00 ] ::1 /CESBack/index.php/Home/WeChat/setWeChatMenu
INFO: [ app_init ] --START--
INFO: Run Behavior\BuildLiteBehavior [ RunTime:0.000009s ]
INFO: [ app_init ] --END-- [ RunTime:0.000248s ]
INFO: [ app_begin ] --START--
INFO: Run Behavior\ReadHtmlCacheBehavior [ RunTime:0.000525s ]
INFO: [ app_begin ] --END-- [ RunTime:0.000601s ]
INFO: [ view_parse ] --START--
INFO: [ template_filter ] --START--
INFO: Run Behavior\ContentReplaceBehavior [ RunTime:0.000566s ]
INFO: [ template_filter ] --END-- [ RunTime:0.000612s ]
NOTIC: [8] Undefined variable: username /Users/lawrance/Data/CESBack/CESBack/Runtime/Cache/Home/e9ab43b435adfb923aae1d2a429f6062.php 第 288 行.
INFO: Run Behavior\ParseTemplateBehavior [ RunTime:0.011717s ]
INFO: [ view_parse ] --END-- [ RunTime:0.011740s ]
INFO: [ view_filter ] --START--
INFO: Run Behavior\WriteHtmlCacheBehavior [ RunTime:0.000108s ]
INFO: [ view_filter ] --END-- [ RunTime:0.000122s ]
INFO: [ app_end ] --START--
INFO: Run Behavior\ShowPageTraceBehavior [ RunTime:0.000427s ]
INFO: [ app_end ] --END-- [ RunTime:0.000455s ]

[ 2016-11-15T15:13:51+08:00 ] ::1 /CESBack/index.php/Home/WeChat/messageGroupSend
INFO: [ app_init ] --START--
INFO: Run Behavior\BuildLiteBehavior [ RunTime:0.000005s ]
INFO: [ app_init ] --END-- [ RunTime:0.000162s ]
INFO: [ app_begin ] --START--
INFO: Run Behavior\ReadHtmlCacheBehavior [ RunTime:0.000198s ]
INFO: [ app_begin ] --END-- [ RunTime:0.000216s ]
INFO: [ view_parse ] --START--
INFO: [ template_filter ] --START--
INFO: Run Behavior\ContentReplaceBehavior [ RunTime:0.000187s ]
INFO: [ template_filter ] --END-- [ RunTime:0.000241s ]
NOTIC: [8] Undefined variable: username /Users/lawrance/Data/CESBack/CESBack/Runtime/Cache/Home/56713eb9ebee661560e69ac8dbf22e24.php 第 289 行.
INFO: Run Behavior\ParseTemplateBehavior [ RunTime:0.006010s ]
INFO: [ view_parse ] --END-- [ RunTime:0.006027s ]
INFO: [ view_filter ] --START--
INFO: Run Behavior\WriteHtmlCacheBehavior [ RunTime:0.000096s ]
INFO: [ view_filter ] --END-- [ RunTime:0.000109s ]
INFO: [ app_end ] --START--
INFO: Run Behavior\ShowPageTraceBehavior [ RunTime:0.000340s ]
INFO: [ app_end ] --END-- [ RunTime:0.000364s ]

[ 2016-11-15T15:13:51+08:00 ] ::1 /CESBack/index.php/Home/WeChat/getInfo?limit=10&offset=0&_=1479194031273
INFO: [ app_init ] --START--
INFO: Run Behavior\BuildLiteBehavior [ RunTime:0.000010s ]
INFO: [ app_init ] --END-- [ RunTime:0.000294s ]
INFO: [ app_begin ] --START--
INFO: Run Behavior\ReadHtmlCacheBehavior [ RunTime:0.000491s ]
INFO: [ app_begin ] --END-- [ RunTime:0.000542s ]
INFO: [ app_end ] --START--
INFO: Run Behavior\ShowPageTraceBehavior [ RunTime:0.000450s ]
INFO: [ app_end ] --END-- [ RunTime:0.000508s ]

[ 2016-11-15T15:16:40+08:00 ] ::1 /CESBack/index.php/Home/WeChat/searchInfo?&limit=10&offset=0&_=1479194031274
INFO: [ app_init ] --START--
INFO: Run Behavior\BuildLiteBehavior [ RunTime:0.000016s ]
INFO: [ app_init ] --END-- [ RunTime:0.000398s ]
INFO: [ app_begin ] --START--
INFO: Run Behavior\ReadHtmlCacheBehavior [ RunTime:0.000458s ]
INFO: [ app_begin ] --END-- [ RunTime:0.000507s ]
NOTIC: [8] Undefined index: class /Users/lawrance/Data/CESBack/CESBack/Home/Controller/WeChatController.class.php 第 35 行.
NOTIC: [8] Undefined index: pro /Users/lawrance/Data/CESBack/CESBack/Home/Controller/WeChatController.class.php 第 36 行.
NOTIC: [8] Undefined index: gra /Users/lawrance/Data/CESBack/CESBack/Home/Controller/WeChatController.class.php 第 37 行.
INFO: [ app_end ] --START--
INFO: Run Behavior\ShowPageTraceBehavior [ RunTime:0.000436s ]
INFO: [ app_end ] --END-- [ RunTime:0.000491s ]

[ 2016-11-15T15:19:08+08:00 ] ::1 /CESBack/index.php/Home/WeChat/getInfo?limit=10&offset=0&_=1479194031275
INFO: [ app_init ] --START--
INFO: Run Behavior\BuildLiteBehavior [ RunTime:0.000014s ]
INFO: [ app_init ] --END-- [ RunTime:0.000354s ]
INFO: [ app_begin ] --START--
INFO: Run Behavior\ReadHtmlCacheBehavior [ RunTime:0.000440s ]
INFO: [ app_begin ] --END-- [ RunTime:0.000484s ]
INFO: [ app_end ] --START--
INFO: Run Behavior\ShowPageTraceBehavior [ RunTime:0.000521s ]
INFO: [ app_end ] --END-- [ RunTime:0.000584s ]

[ 2016-11-15T15:19:09+08:00 ] ::1 /CESBack/index.php/Home/WeChat/getInfo?limit=10&offset=0&_=1479194031276
INFO: [ app_init ] --START--
INFO: Run Behavior\BuildLiteBehavior [ RunTime:0.000010s ]
INFO: [ app_init ] --END-- [ RunTime:0.000313s ]
INFO: [ app_begin ] --START--
INFO: Run Behavior\ReadHtmlCacheBehavior [ RunTime:0.000375s ]
INFO: [ app_begin ] --END-- [ RunTime:0.000420s ]
INFO: [ app_end ] --START--
INFO: Run Behavior\ShowPageTraceBehavior [ RunTime:0.000390s ]
INFO: [ app_end ] --END-- [ RunTime:0.000464s ]

[ 2016-11-15T15:19:10+08:00 ] ::1 /CESBack/index.php/Home/WeChat/getInfo?limit=10&offset=0&_=1479194031277
INFO: [ app_init ] --START--
INFO: Run Behavior\BuildLiteBehavior [ RunTime:0.000016s ]
INFO: [ app_init ] --END-- [ RunTime:0.000344s ]
INFO: [ app_begin ] --START--
INFO: Run Behavior\ReadHtmlCacheBehavior [ RunTime:0.000498s ]
INFO: [ app_begin ] --END-- [ RunTime:0.000547s ]
INFO: [ app_end ] --START--
INFO: Run Behavior\ShowPageTraceBehavior [ RunTime:0.000481s ]
INFO: [ app_end ] --END-- [ RunTime:0.000552s ]

[ 2016-11-15T15:19:10+08:00 ] ::1 /CESBack/index.php/Home/WeChat/getInfo?limit=10&offset=0&_=1479194031278
INFO: [ app_init ] --START--
INFO: Run Behavior\BuildLiteBehavior [ RunTime:0.000007s ]
INFO: [ app_init ] --END-- [ RunTime:0.000191s ]
INFO: [ app_begin ] --START--
INFO: Run Behavior\ReadHtmlCacheBehavior [ RunTime:0.000538s ]
INFO: [ app_begin ] --END-- [ RunTime:0.000587s ]
INFO: [ app_end ] --START--
INFO: Run Behavior\ShowPageTraceBehavior [ RunTime:0.000456s ]
INFO: [ app_end ] --END-- [ RunTime:0.000517s ]

[ 2016-11-15T15:20:01+08:00 ] ::1 /CESBack/index.php/Home/WeChat/messageGroupSend
INFO: [ app_init ] --START--
INFO: Run Behavior\BuildLiteBehavior [ RunTime:0.000009s ]
INFO: [ app_init ] --END-- [ RunTime:0.000216s ]
INFO: [ app_begin ] --START--
INFO: Run Behavior\ReadHtmlCacheBehavior [ RunTime:0.000223s ]
INFO: [ app_begin ] --END-- [ RunTime:0.000242s ]
INFO: [ view_parse ] --START--
INFO: [ template_filter ] --START--
INFO: Run Behavior\ContentReplaceBehavior [ RunTime:0.000154s ]
INFO: [ template_filter ] --END-- [ RunTime:0.000183s ]
NOTIC: [8] Undefined variable: username /Users/lawrance/Data/CESBack/CESBack/Runtime/Cache/Home/56713eb9ebee661560e69ac8dbf22e24.php 第 289 行.
INFO: Run Behavior\ParseTemplateBehavior [ RunTime:0.007786s ]
INFO: [ view_parse ] --END-- [ RunTime:0.007807s ]
INFO: [ view_filter ] --START--
INFO: Run Behavior\WriteHtmlCacheBehavior [ RunTime:0.000098s ]
INFO: [ view_filter ] --END-- [ RunTime:0.000110s ]
INFO: [ app_end ] --START--
INFO: Run Behavior\ShowPageTraceBehavior [ RunTime:0.000349s ]
INFO: [ app_end ] --END-- [ RunTime:0.000376s ]

[ 2016-11-15T15:20:02+08:00 ] ::1 /CESBack/index.php/Home/WeChat/getInfo?limit=10&offset=0&_=1479194401962
INFO: [ app_init ] --START--
INFO: Run Behavior\BuildLiteBehavior [ RunTime:0.000009s ]
INFO: [ app_init ] --END-- [ RunTime:0.000311s ]
INFO: [ app_begin ] --START--
INFO: Run Behavior\ReadHtmlCacheBehavior [ RunTime:0.000281s ]
INFO: [ app_begin ] --END-- [ RunTime:0.000310s ]
INFO: [ app_end ] --START--
INFO: Run Behavior\ShowPageTraceBehavior [ RunTime:0.000709s ]
INFO: [ app_end ] --END-- [ RunTime:0.000781s ]

[ 2016-11-15T18:38:17+08:00 ] ::1 /CESBack/index.php/Home/WeChat/searchInfo?gra=2013&&limit=10&offset=0&_=1479194401963
INFO: [ app_init ] --START--
INFO: Run Behavior\BuildLiteBehavior [ RunTime:0.000012s ]
INFO: [ app_init ] --END-- [ RunTime:0.000778s ]
INFO: [ app_begin ] --START--
INFO: Run Behavior\ReadHtmlCacheBehavior [ RunTime:0.000654s ]
INFO: [ app_begin ] --END-- [ RunTime:0.000699s ]
NOTIC: [8] Undefined index: class /Users/lawrance/Data/CESBack/CESBack/Home/Controller/WeChatController.class.php 第 35 行.
NOTIC: [8] Undefined index: pro /Users/lawrance/Data/CESBack/CESBack/Home/Controller/WeChatController.class.php 第 36 行.
INFO: [ app_end ] --START--
INFO: Run Behavior\ShowPageTraceBehavior [ RunTime:0.000956s ]
INFO: [ app_end ] --END-- [ RunTime:0.001015s ]

[ 2016-11-15T18:38:36+08:00 ] ::1 /CESBack/index.php/Home/WeChat/searchInfo?gra=2013&&limit=10&offset=0&_=1479194401964
INFO: [ app_init ] --START--
INFO: Run Behavior\BuildLiteBehavior [ RunTime:0.000011s ]
INFO: [ app_init ] --END-- [ RunTime:0.000351s ]
INFO: [ app_begin ] --START--
INFO: Run Behavior\ReadHtmlCacheBehavior [ RunTime:0.000431s ]
INFO: [ app_begin ] --END-- [ RunTime:0.000472s ]
NOTIC: [8] Undefined index: class /Users/lawrance/Data/CESBack/CESBack/Home/Controller/WeChatController.class.php 第 35 行.
NOTIC: [8] Undefined index: pro /Users/lawrance/Data/CESBack/CESBack/Home/Controller/WeChatController.class.php 第 36 行.
INFO: [ app_end ] --START--
INFO: Run Behavior\ShowPageTraceBehavior [ RunTime:0.000435s ]
INFO: [ app_end ] --END-- [ RunTime:0.000479s ]

[ 2016-11-15T18:39:49+08:00 ] ::1 /CESBack/index.php/Home/WeChat/searchInfo?gra=2013&&limit=10&offset=0&_=1479194401965
INFO: [ app_init ] --START--
INFO: Run Behavior\BuildLiteBehavior [ RunTime:0.000011s ]
INFO: [ app_init ] --END-- [ RunTime:0.000345s ]
INFO: [ app_begin ] --START--
INFO: Run Behavior\ReadHtmlCacheBehavior [ RunTime:0.000484s ]
INFO: [ app_begin ] --END-- [ RunTime:0.000534s ]
NOTIC: [8] Undefined index: class /Users/lawrance/Data/CESBack/CESBack/Home/Controller/WeChatController.class.php 第 35 行.
NOTIC: [8] Undefined index: pro /Users/lawrance/Data/CESBack/CESBack/Home/Controller/WeChatController.class.php 第 36 行.
INFO: [ app_end ] --START--
INFO: Run Behavior\ShowPageTraceBehavior [ RunTime:0.000570s ]
INFO: [ app_end ] --END-- [ RunTime:0.000647s ]

[ 2016-11-15T19:56:32+08:00 ] ::1 /CESBack/index.php/Home/WeChat/searchInfo?gra=2013&&limit=10&offset=0&_=1479194401966
INFO: [ app_init ] --START--
INFO: Run Behavior\BuildLiteBehavior [ RunTime:0.000025s ]
INFO: [ app_init ] --END-- [ RunTime:0.002743s ]
INFO: [ app_begin ] --START--
INFO: Run Behavior\ReadHtmlCacheBehavior [ RunTime:0.000664s ]
INFO: [ app_begin ] --END-- [ RunTime:0.000709s ]
NOTIC: [8] Undefined index: class /Users/lawrance/Data/CESBack/CESBack/Home/Controller/WeChatController.class.php 第 35 行.
NOTIC: [8] Undefined index: pro /Users/lawrance/Data/CESBack/CESBack/Home/Controller/WeChatController.class.php 第 36 行.
INFO: [ app_end ] --START--
INFO: Run Behavior\ShowPageTraceBehavior [ RunTime:0.001256s ]
INFO: [ app_end ] --END-- [ RunTime:0.001386s ]

