[ 2016-12-23T10:05:03+08:00 ] ::1 /CESBack/index.php/Home/Home/home
INFO: [ app_init ] --START--
INFO: Run Behavior\BuildLiteBehavior [ RunTime:0.000011s ]
INFO: [ app_init ] --END-- [ RunTime:0.000454s ]
INFO: [ app_begin ] --START--
INFO: Run Behavior\ReadHtmlCacheBehavior [ RunTime:0.000542s ]
INFO: [ app_begin ] --END-- [ RunTime:0.000578s ]
NOTIC: [8] A session had already been started - ignoring session_start() /Users/lawrance/Data/CESBack/ThinkPHP/Common/functions.php 第 1263 行.
NOTIC: [8] Undefined index: token /Users/lawrance/Data/CESBack/CESBack/Home/Controller/MethodController.class.php 第 48 行.
NOTIC: [8] Uninitialized string offset: 1 /Users/lawrance/Data/CESBack/CESBack/Home/Controller/MethodController.class.php 第 42 行.
NOTIC: [8] Undefined offset: 2 /Users/lawrance/Data/CESBack/CESBack/Home/Controller/MethodController.class.php 第 51 行.

[ 2016-12-23T10:05:03+08:00 ] ::1 /CESBack/index.php/Home/Index/index
INFO: [ app_init ] --START--
INFO: Run Behavior\BuildLiteBehavior [ RunTime:0.000010s ]
INFO: [ app_init ] --END-- [ RunTime:0.000317s ]
INFO: [ app_begin ] --START--
INFO: Run Behavior\ReadHtmlCacheBehavior [ RunTime:0.000392s ]
INFO: [ app_begin ] --END-- [ RunTime:0.000425s ]
NOTIC: [8] A session had already been started - ignoring session_start() /Users/lawrance/Data/CESBack/ThinkPHP/Common/functions.php 第 1263 行.
INFO: [ view_parse ] --START--
INFO: [ template_filter ] --START--
INFO: Run Behavior\ContentReplaceBehavior [ RunTime:0.000315s ]
INFO: [ template_filter ] --END-- [ RunTime:0.000349s ]
INFO: Run Behavior\ParseTemplateBehavior [ RunTime:0.010487s ]
INFO: [ view_parse ] --END-- [ RunTime:0.010523s ]
INFO: [ view_filter ] --START--
INFO: Run Behavior\WriteHtmlCacheBehavior [ RunTime:0.000277s ]
INFO: [ view_filter ] --END-- [ RunTime:0.000298s ]
INFO: [ app_end ] --START--
INFO: Run Behavior\ShowPageTraceBehavior [ RunTime:0.000587s ]
INFO: [ app_end ] --END-- [ RunTime:0.000610s ]

[ 2016-12-23T10:05:10+08:00 ] ::1 /CESBack/index.php/Home/Index/login
INFO: [ app_init ] --START--
INFO: Run Behavior\BuildLiteBehavior [ RunTime:0.000008s ]
INFO: [ app_init ] --END-- [ RunTime:0.000210s ]
INFO: [ app_begin ] --START--
INFO: Run Behavior\ReadHtmlCacheBehavior [ RunTime:0.000243s ]
INFO: [ app_begin ] --END-- [ RunTime:0.000262s ]
NOTIC: [8] A session had already been started - ignoring session_start() /Users/lawrance/Data/CESBack/ThinkPHP/Common/functions.php 第 1263 行.
SQL: SHOW COLUMNS FROM `tb_admin` [ RunTime:0.0130s ]
SQL: SELECT * FROM `tb_admin` WHERE `user` = 'admin' AND `password` = '21232f297a57a5a743894a0e4a801fc3'  [ RunTime:0.0016s ]

[ 2016-12-23T10:05:10+08:00 ] ::1 /CESBack/index.php/Home/Home/home
INFO: [ app_init ] --START--
INFO: Run Behavior\BuildLiteBehavior [ RunTime:0.000006s ]
INFO: [ app_init ] --END-- [ RunTime:0.000160s ]
INFO: [ app_begin ] --START--
INFO: Run Behavior\ReadHtmlCacheBehavior [ RunTime:0.000199s ]
INFO: [ app_begin ] --END-- [ RunTime:0.000216s ]
NOTIC: [8] A session had already been started - ignoring session_start() /Users/lawrance/Data/CESBack/ThinkPHP/Common/functions.php 第 1263 行.
INFO: [ view_parse ] --START--
INFO: [ template_filter ] --START--
INFO: Run Behavior\ContentReplaceBehavior [ RunTime:0.000170s ]
INFO: [ template_filter ] --END-- [ RunTime:0.000199s ]
NOTIC: [8] Undefined variable: weChatMatch /Users/lawrance/Data/CESBack/CESBack/Runtime/Cache/Home/a6d249f0cce0a592f6432f4291a590e1.php 第 704 行.
NOTIC: [8] Undefined variable: weChatSub /Users/lawrance/Data/CESBack/CESBack/Runtime/Cache/Home/a6d249f0cce0a592f6432f4291a590e1.php 第 706 行.
NOTIC: [8] Undefined variable: weChatNum /Users/lawrance/Data/CESBack/CESBack/Runtime/Cache/Home/a6d249f0cce0a592f6432f4291a590e1.php 第 708 行.
NOTIC: [8] Undefined variable: weCESNum /Users/lawrance/Data/CESBack/CESBack/Runtime/Cache/Home/a6d249f0cce0a592f6432f4291a590e1.php 第 710 行.
INFO: Run Behavior\ParseTemplateBehavior [ RunTime:0.007806s ]
INFO: [ view_parse ] --END-- [ RunTime:0.007861s ]
INFO: [ view_filter ] --START--
INFO: Run Behavior\WriteHtmlCacheBehavior [ RunTime:0.000138s ]
INFO: [ view_filter ] --END-- [ RunTime:0.000153s ]
INFO: [ app_end ] --START--
INFO: Run Behavior\ShowPageTraceBehavior [ RunTime:0.000529s ]
INFO: [ app_end ] --END-- [ RunTime:0.000626s ]

[ 2016-12-23T10:05:11+08:00 ] ::1 /CESBack/index.php/Home/Home/img/favicon.ico
INFO: [ app_init ] --START--
INFO: Run Behavior\BuildLiteBehavior [ RunTime:0.000053s ]
INFO: [ app_init ] --END-- [ RunTime:0.000580s ]

[ 2016-12-23T10:05:13+08:00 ] ::1 /CESBack/index.php/Home/CourseManage/surveyPublish
INFO: [ app_init ] --START--
INFO: Run Behavior\BuildLiteBehavior [ RunTime:0.000006s ]
INFO: [ app_init ] --END-- [ RunTime:0.000222s ]
INFO: [ app_begin ] --START--
INFO: Run Behavior\ReadHtmlCacheBehavior [ RunTime:0.000279s ]
INFO: [ app_begin ] --END-- [ RunTime:0.000312s ]
NOTIC: [8] A session had already been started - ignoring session_start() /Users/lawrance/Data/CESBack/ThinkPHP/Common/functions.php 第 1263 行.
SQL: SHOW COLUMNS FROM `tb_survey_group` [ RunTime:0.0032s ]
SQL: SELECT * FROM `tb_survey_group`  [ RunTime:0.0005s ]
INFO: [ view_parse ] --START--
INFO: [ template_filter ] --START--
INFO: Run Behavior\ContentReplaceBehavior [ RunTime:0.000941s ]
INFO: [ template_filter ] --END-- [ RunTime:0.001017s ]
INFO: Run Behavior\ParseTemplateBehavior [ RunTime:0.016851s ]
INFO: [ view_parse ] --END-- [ RunTime:0.016886s ]
INFO: [ view_filter ] --START--
INFO: Run Behavior\WriteHtmlCacheBehavior [ RunTime:0.000171s ]
INFO: [ view_filter ] --END-- [ RunTime:0.000197s ]
INFO: [ app_end ] --START--
INFO: Run Behavior\ShowPageTraceBehavior [ RunTime:0.000637s ]
INFO: [ app_end ] --END-- [ RunTime:0.000682s ]

[ 2016-12-23T10:05:14+08:00 ] ::1 /CESBack/index.php/Home/Method/getSurvey?limit=10&offset=0&_=1482458714062
INFO: [ app_init ] --START--
INFO: Run Behavior\BuildLiteBehavior [ RunTime:0.000007s ]
INFO: [ app_init ] --END-- [ RunTime:0.000172s ]
INFO: [ app_begin ] --START--
INFO: Run Behavior\ReadHtmlCacheBehavior [ RunTime:0.000217s ]
INFO: [ app_begin ] --END-- [ RunTime:0.000235s ]
NOTIC: [8] A session had already been started - ignoring session_start() /Users/lawrance/Data/CESBack/ThinkPHP/Common/functions.php 第 1263 行.
SQL: SHOW COLUMNS FROM `tb_survey` [ RunTime:0.0019s ]
SQL: SHOW COLUMNS FROM `tb_survey_group` [ RunTime:0.0010s ]
SQL: SELECT g.group_name,`name`,`survey_id`,`level`,`owner` FROM tb_survey AS s, `tb_survey_group` AS g  WHERE ( g.group_id=s.survey_group )  [ RunTime:0.0013s ]

[ 2016-12-23T10:05:14+08:00 ] ::1 /CESBack/index.php/Home/WeChat/getInfo?limit=10&offset=0&_=1482458714063
INFO: [ app_init ] --START--
INFO: Run Behavior\BuildLiteBehavior [ RunTime:0.000011s ]
INFO: [ app_init ] --END-- [ RunTime:0.000482s ]
INFO: [ app_begin ] --START--
INFO: Run Behavior\ReadHtmlCacheBehavior [ RunTime:0.000451s ]
INFO: [ app_begin ] --END-- [ RunTime:0.000494s ]
NOTIC: [8] A session had already been started - ignoring session_start() /Users/lawrance/Data/CESBack/ThinkPHP/Common/functions.php 第 1263 行.
SQL: SELECT u.stu_name,u.stu_num,u.stu_class,stu_graclass,openid,stu_sex,is_match,p.stu_pro FROM tb_user AS u,tb_proclass_list AS p WHERE p.pro_id=u.stu_pro [ RunTime:0.0131s ]
INFO: [ app_end ] --START--
INFO: Run Behavior\ShowPageTraceBehavior [ RunTime:0.000396s ]
INFO: [ app_end ] --END-- [ RunTime:0.000453s ]

[ 2016-12-23T10:05:14+08:00 ] ::1 /CESBack/index.php/Home/CourseManage/img/favicon.ico
INFO: [ app_init ] --START--
INFO: Run Behavior\BuildLiteBehavior [ RunTime:0.000010s ]
INFO: [ app_init ] --END-- [ RunTime:0.000226s ]

[ 2016-12-23T10:05:18+08:00 ] ::1 /CESBack/index.php/Home/CourseManage/surveyCondition
INFO: [ app_init ] --START--
INFO: Run Behavior\BuildLiteBehavior [ RunTime:0.000005s ]
INFO: [ app_init ] --END-- [ RunTime:0.000155s ]
INFO: [ app_begin ] --START--
INFO: Run Behavior\ReadHtmlCacheBehavior [ RunTime:0.000201s ]
INFO: [ app_begin ] --END-- [ RunTime:0.000220s ]
NOTIC: [8] A session had already been started - ignoring session_start() /Users/lawrance/Data/CESBack/ThinkPHP/Common/functions.php 第 1263 行.
SQL: SHOW COLUMNS FROM `tb_survey_group` [ RunTime:0.0026s ]
SQL: SELECT * FROM `tb_survey_group`  [ RunTime:0.0005s ]
INFO: [ view_parse ] --START--
INFO: [ template_filter ] --START--
INFO: Run Behavior\ContentReplaceBehavior [ RunTime:0.000311s ]
INFO: [ template_filter ] --END-- [ RunTime:0.000345s ]
INFO: Run Behavior\ParseTemplateBehavior [ RunTime:0.009907s ]
INFO: [ view_parse ] --END-- [ RunTime:0.009936s ]
INFO: [ view_filter ] --START--
INFO: Run Behavior\WriteHtmlCacheBehavior [ RunTime:0.000151s ]
INFO: [ view_filter ] --END-- [ RunTime:0.000171s ]
INFO: [ app_end ] --START--
INFO: Run Behavior\ShowPageTraceBehavior [ RunTime:0.000407s ]
INFO: [ app_end ] --END-- [ RunTime:0.000441s ]

[ 2016-12-23T10:05:18+08:00 ] ::1 /CESBack/index.php/Home/CourseManage/getSurveyPlan?limit=10&offset=0&_=1482458718832
INFO: [ app_init ] --START--
INFO: Run Behavior\BuildLiteBehavior [ RunTime:0.000014s ]
INFO: [ app_init ] --END-- [ RunTime:0.000332s ]
INFO: [ app_begin ] --START--
INFO: Run Behavior\ReadHtmlCacheBehavior [ RunTime:0.000398s ]
INFO: [ app_begin ] --END-- [ RunTime:0.000440s ]
NOTIC: [8] A session had already been started - ignoring session_start() /Users/lawrance/Data/CESBack/ThinkPHP/Common/functions.php 第 1263 行.
SQL: SHOW COLUMNS FROM `tb_survey_plan` [ RunTime:0.0043s ]
SQL: SELECT p.id,p.survey_id,p.stu_num,p.openid,p.is_finish,s.name FROM `tb_survey_plan` AS p,tb_survey AS s  WHERE ( s.survey_id=p.survey_id ) [ RunTime:0.0007s ]
INFO: [ app_end ] --START--
INFO: Run Behavior\ShowPageTraceBehavior [ RunTime:0.000511s ]
INFO: [ app_end ] --END-- [ RunTime:0.000568s ]

[ 2016-12-23T10:50:24+08:00 ] ::1 /CESBack/index.php/Home/Home/home
INFO: [ app_init ] --START--
INFO: Run Behavior\BuildLiteBehavior [ RunTime:0.000008s ]
INFO: [ app_init ] --END-- [ RunTime:0.000217s ]
INFO: [ app_begin ] --START--
INFO: Run Behavior\ReadHtmlCacheBehavior [ RunTime:0.000254s ]
INFO: [ app_begin ] --END-- [ RunTime:0.000272s ]
NOTIC: [8] A session had already been started - ignoring session_start() /Users/lawrance/Data/CESBack/ThinkPHP/Common/functions.php 第 1263 行.
INFO: [ view_parse ] --START--
INFO: [ template_filter ] --START--
INFO: Run Behavior\ContentReplaceBehavior [ RunTime:0.000198s ]
INFO: [ template_filter ] --END-- [ RunTime:0.000227s ]
NOTIC: [8] Undefined variable: weChatMatch /Users/lawrance/Data/CESBack/CESBack/Runtime/Cache/Home/a6d249f0cce0a592f6432f4291a590e1.php 第 704 行.
NOTIC: [8] Undefined variable: weChatSub /Users/lawrance/Data/CESBack/CESBack/Runtime/Cache/Home/a6d249f0cce0a592f6432f4291a590e1.php 第 706 行.
NOTIC: [8] Undefined variable: weChatNum /Users/lawrance/Data/CESBack/CESBack/Runtime/Cache/Home/a6d249f0cce0a592f6432f4291a590e1.php 第 708 行.
NOTIC: [8] Undefined variable: weCESNum /Users/lawrance/Data/CESBack/CESBack/Runtime/Cache/Home/a6d249f0cce0a592f6432f4291a590e1.php 第 710 行.
INFO: Run Behavior\ParseTemplateBehavior [ RunTime:0.009397s ]
INFO: [ view_parse ] --END-- [ RunTime:0.009418s ]
INFO: [ view_filter ] --START--
INFO: Run Behavior\WriteHtmlCacheBehavior [ RunTime:0.000110s ]
INFO: [ view_filter ] --END-- [ RunTime:0.000124s ]
INFO: [ app_end ] --START--
INFO: Run Behavior\ShowPageTraceBehavior [ RunTime:0.000356s ]
INFO: [ app_end ] --END-- [ RunTime:0.000378s ]

[ 2016-12-23T11:03:20+08:00 ] ::1 /CESBack/index.php/Home/Home/home
INFO: [ app_init ] --START--
INFO: Run Behavior\BuildLiteBehavior [ RunTime:0.000007s ]
INFO: [ app_init ] --END-- [ RunTime:0.000445s ]
INFO: [ app_begin ] --START--
INFO: Run Behavior\ReadHtmlCacheBehavior [ RunTime:0.000448s ]
INFO: [ app_begin ] --END-- [ RunTime:0.000477s ]
NOTIC: [8] A session had already been started - ignoring session_start() /Users/lawrance/Data/CESBack/ThinkPHP/Common/functions.php 第 1263 行.
SQL: SHOW COLUMNS FROM `tb_user` [ RunTime:0.0017s ]
SQL: SELECT count(*) AS total FROM `tb_user`  WHERE ( openid!='NULL' ) [ RunTime:0.0002s ]
INFO: [ view_parse ] --START--
INFO: [ template_filter ] --START--
INFO: Run Behavior\ContentReplaceBehavior [ RunTime:0.000168s ]
INFO: [ template_filter ] --END-- [ RunTime:0.000193s ]
NOTIC: [8] Undefined variable: weChatMatch /Users/lawrance/Data/CESBack/CESBack/Runtime/Cache/Home/a6d249f0cce0a592f6432f4291a590e1.php 第 704 行.
NOTIC: [8] Undefined variable: weChatSub /Users/lawrance/Data/CESBack/CESBack/Runtime/Cache/Home/a6d249f0cce0a592f6432f4291a590e1.php 第 706 行.
NOTIC: [8] Undefined variable: weChatNum /Users/lawrance/Data/CESBack/CESBack/Runtime/Cache/Home/a6d249f0cce0a592f6432f4291a590e1.php 第 708 行.
NOTIC: [8] Undefined variable: weCESNum /Users/lawrance/Data/CESBack/CESBack/Runtime/Cache/Home/a6d249f0cce0a592f6432f4291a590e1.php 第 710 行.
INFO: Run Behavior\ParseTemplateBehavior [ RunTime:0.007547s ]
INFO: [ view_parse ] --END-- [ RunTime:0.007567s ]
INFO: [ view_filter ] --START--
INFO: Run Behavior\WriteHtmlCacheBehavior [ RunTime:0.000301s ]
INFO: [ view_filter ] --END-- [ RunTime:0.000321s ]
INFO: [ app_end ] --START--
INFO: Run Behavior\ShowPageTraceBehavior [ RunTime:0.000499s ]
INFO: [ app_end ] --END-- [ RunTime:0.000525s ]

[ 2016-12-23T11:03:25+08:00 ] ::1 /CESBack/index.php/Home/Home/home
INFO: [ app_init ] --START--
INFO: Run Behavior\BuildLiteBehavior [ RunTime:0.000006s ]
INFO: [ app_init ] --END-- [ RunTime:0.000169s ]
INFO: [ app_begin ] --START--
INFO: Run Behavior\ReadHtmlCacheBehavior [ RunTime:0.000209s ]
INFO: [ app_begin ] --END-- [ RunTime:0.000227s ]
NOTIC: [8] A session had already been started - ignoring session_start() /Users/lawrance/Data/CESBack/ThinkPHP/Common/functions.php 第 1263 行.
SQL: SHOW COLUMNS FROM `tb_user` [ RunTime:0.0020s ]
SQL: SELECT count(*) AS total FROM `tb_user`  WHERE ( openid!='NULL' ) [ RunTime:0.0002s ]
INFO: [ view_parse ] --START--
INFO: [ template_filter ] --START--
INFO: Run Behavior\ContentReplaceBehavior [ RunTime:0.000162s ]
INFO: [ template_filter ] --END-- [ RunTime:0.000189s ]
NOTIC: [8] Undefined variable: weChatMatch /Users/lawrance/Data/CESBack/CESBack/Runtime/Cache/Home/a6d249f0cce0a592f6432f4291a590e1.php 第 704 行.
NOTIC: [8] Undefined variable: weChatSub /Users/lawrance/Data/CESBack/CESBack/Runtime/Cache/Home/a6d249f0cce0a592f6432f4291a590e1.php 第 706 行.
NOTIC: [8] Undefined variable: weChatNum /Users/lawrance/Data/CESBack/CESBack/Runtime/Cache/Home/a6d249f0cce0a592f6432f4291a590e1.php 第 708 行.
NOTIC: [8] Undefined variable: weCESNum /Users/lawrance/Data/CESBack/CESBack/Runtime/Cache/Home/a6d249f0cce0a592f6432f4291a590e1.php 第 710 行.
INFO: Run Behavior\ParseTemplateBehavior [ RunTime:0.005418s ]
INFO: [ view_parse ] --END-- [ RunTime:0.005440s ]
INFO: [ view_filter ] --START--
INFO: Run Behavior\WriteHtmlCacheBehavior [ RunTime:0.000089s ]
INFO: [ view_filter ] --END-- [ RunTime:0.000101s ]
INFO: [ app_end ] --START--
INFO: Run Behavior\ShowPageTraceBehavior [ RunTime:0.000414s ]
INFO: [ app_end ] --END-- [ RunTime:0.000441s ]

[ 2016-12-23T11:03:51+08:00 ] ::1 /CESBack/index.php/Home/Home/home
INFO: [ app_init ] --START--
INFO: Run Behavior\BuildLiteBehavior [ RunTime:0.000006s ]
INFO: [ app_init ] --END-- [ RunTime:0.000185s ]
INFO: [ app_begin ] --START--
INFO: Run Behavior\ReadHtmlCacheBehavior [ RunTime:0.000320s ]
INFO: [ app_begin ] --END-- [ RunTime:0.000362s ]
NOTIC: [8] A session had already been started - ignoring session_start() /Users/lawrance/Data/CESBack/ThinkPHP/Common/functions.php 第 1263 行.
SQL: SHOW COLUMNS FROM `tb_user` [ RunTime:0.0010s ]
SQL: SELECT count(*) AS total FROM `tb_user`  WHERE ( openid!='NULL' ) [ RunTime:0.0002s ]
INFO: [ view_parse ] --START--
INFO: [ template_filter ] --START--
INFO: Run Behavior\ContentReplaceBehavior [ RunTime:0.000153s ]
INFO: [ template_filter ] --END-- [ RunTime:0.000174s ]
NOTIC: [8] Undefined variable: weChatMatch /Users/lawrance/Data/CESBack/CESBack/Runtime/Cache/Home/a6d249f0cce0a592f6432f4291a590e1.php 第 704 行.
NOTIC: [8] Undefined variable: weChatSub /Users/lawrance/Data/CESBack/CESBack/Runtime/Cache/Home/a6d249f0cce0a592f6432f4291a590e1.php 第 706 行.
NOTIC: [8] Undefined variable: weChatNum /Users/lawrance/Data/CESBack/CESBack/Runtime/Cache/Home/a6d249f0cce0a592f6432f4291a590e1.php 第 708 行.
NOTIC: [8] Undefined variable: weCESNum /Users/lawrance/Data/CESBack/CESBack/Runtime/Cache/Home/a6d249f0cce0a592f6432f4291a590e1.php 第 710 行.
INFO: Run Behavior\ParseTemplateBehavior [ RunTime:0.005575s ]
INFO: [ view_parse ] --END-- [ RunTime:0.005591s ]
INFO: [ view_filter ] --START--
INFO: Run Behavior\WriteHtmlCacheBehavior [ RunTime:0.000087s ]
INFO: [ view_filter ] --END-- [ RunTime:0.000099s ]
INFO: [ app_end ] --START--
INFO: Run Behavior\ShowPageTraceBehavior [ RunTime:0.000321s ]
INFO: [ app_end ] --END-- [ RunTime:0.000345s ]

[ 2016-12-23T11:06:03+08:00 ] ::1 /CESBack/index.php/Home/Home/home
INFO: [ app_init ] --START--
INFO: Run Behavior\BuildLiteBehavior [ RunTime:0.000010s ]
INFO: [ app_init ] --END-- [ RunTime:0.000233s ]
INFO: [ app_begin ] --START--
INFO: Run Behavior\ReadHtmlCacheBehavior [ RunTime:0.000317s ]
INFO: [ app_begin ] --END-- [ RunTime:0.000403s ]
NOTIC: [8] A session had already been started - ignoring session_start() /Users/lawrance/Data/CESBack/ThinkPHP/Common/functions.php 第 1263 行.
ERR: Think\Controller:getTotalUser方法不存在！

[ 2016-12-23T11:08:11+08:00 ] ::1 /CESBack/index.php/Home/Home/home
INFO: [ app_init ] --START--
INFO: Run Behavior\BuildLiteBehavior [ RunTime:0.000006s ]
INFO: [ app_init ] --END-- [ RunTime:0.000158s ]
INFO: [ app_begin ] --START--
INFO: Run Behavior\ReadHtmlCacheBehavior [ RunTime:0.000195s ]
INFO: [ app_begin ] --END-- [ RunTime:0.000212s ]
NOTIC: [8] A session had already been started - ignoring session_start() /Users/lawrance/Data/CESBack/ThinkPHP/Common/functions.php 第 1263 行.
SQL: SHOW COLUMNS FROM `tb_user` [ RunTime:0.0022s ]
SQL: SELECT count(*) AS total FROM `tb_user`  WHERE ( openid!='NULL' ) [ RunTime:0.0002s ]
SQL: SHOW COLUMNS FROM `tb_survey_plan` [ RunTime:0.0011s ]
SQL: SELECT count(*) AS total FROM `tb_survey_plan` [ RunTime:0.0002s ]
INFO: [ view_parse ] --START--
INFO: [ template_filter ] --START--
INFO: Run Behavior\ContentReplaceBehavior [ RunTime:0.000212s ]
INFO: [ template_filter ] --END-- [ RunTime:0.000317s ]
NOTIC: [8] Undefined variable: weChatMatch /Users/lawrance/Data/CESBack/CESBack/Runtime/Cache/Home/a6d249f0cce0a592f6432f4291a590e1.php 第 704 行.
NOTIC: [8] Undefined variable: weChatSub /Users/lawrance/Data/CESBack/CESBack/Runtime/Cache/Home/a6d249f0cce0a592f6432f4291a590e1.php 第 706 行.
NOTIC: [8] Undefined variable: weChatNum /Users/lawrance/Data/CESBack/CESBack/Runtime/Cache/Home/a6d249f0cce0a592f6432f4291a590e1.php 第 708 行.
NOTIC: [8] Undefined variable: weCESNum /Users/lawrance/Data/CESBack/CESBack/Runtime/Cache/Home/a6d249f0cce0a592f6432f4291a590e1.php 第 710 行.
INFO: Run Behavior\ParseTemplateBehavior [ RunTime:0.008038s ]
INFO: [ view_parse ] --END-- [ RunTime:0.008086s ]
INFO: [ view_filter ] --START--
INFO: Run Behavior\WriteHtmlCacheBehavior [ RunTime:0.000598s ]
INFO: [ view_filter ] --END-- [ RunTime:0.000643s ]
INFO: [ app_end ] --START--
INFO: Run Behavior\ShowPageTraceBehavior [ RunTime:0.000487s ]
INFO: [ app_end ] --END-- [ RunTime:0.000521s ]

[ 2016-12-23T13:17:43+08:00 ] ::1 /CESBack/index.php/Home/Home/home
INFO: [ app_init ] --START--
INFO: Run Behavior\BuildLiteBehavior [ RunTime:0.000007s ]
INFO: [ app_init ] --END-- [ RunTime:0.000381s ]
INFO: [ app_begin ] --START--
INFO: Run Behavior\ReadHtmlCacheBehavior [ RunTime:0.000459s ]
INFO: [ app_begin ] --END-- [ RunTime:0.000492s ]
NOTIC: [8] A session had already been started - ignoring session_start() /Users/lawrance/Data/CESBack/ThinkPHP/Common/functions.php 第 1263 行.
SQL: SHOW COLUMNS FROM `tb_user` [ RunTime:0.0013s ]
SQL: SELECT count(*) AS total FROM `tb_user`  WHERE ( openid!='NULL' ) [ RunTime:0.0005s ]
SQL: SHOW COLUMNS FROM `tb_survey_plan` [ RunTime:0.0009s ]
SQL: SELECT count(*) AS total FROM `tb_survey_plan` [ RunTime:0.0002s ]
INFO: [ view_parse ] --START--
INFO: [ template_filter ] --START--
INFO: Run Behavior\ContentReplaceBehavior [ RunTime:0.000172s ]
INFO: [ template_filter ] --END-- [ RunTime:0.000199s ]
NOTIC: [8] Undefined variable: weChatMatch /Users/lawrance/Data/CESBack/CESBack/Runtime/Cache/Home/a6d249f0cce0a592f6432f4291a590e1.php 第 704 行.
NOTIC: [8] Undefined variable: weChatSub /Users/lawrance/Data/CESBack/CESBack/Runtime/Cache/Home/a6d249f0cce0a592f6432f4291a590e1.php 第 706 行.
NOTIC: [8] Undefined variable: weChatNum /Users/lawrance/Data/CESBack/CESBack/Runtime/Cache/Home/a6d249f0cce0a592f6432f4291a590e1.php 第 708 行.
NOTIC: [8] Undefined variable: weCESNum /Users/lawrance/Data/CESBack/CESBack/Runtime/Cache/Home/a6d249f0cce0a592f6432f4291a590e1.php 第 710 行.
INFO: Run Behavior\ParseTemplateBehavior [ RunTime:0.010501s ]
INFO: [ view_parse ] --END-- [ RunTime:0.010523s ]
INFO: [ view_filter ] --START--
INFO: Run Behavior\WriteHtmlCacheBehavior [ RunTime:0.000332s ]
INFO: [ view_filter ] --END-- [ RunTime:0.000350s ]
INFO: [ app_end ] --START--
INFO: Run Behavior\ShowPageTraceBehavior [ RunTime:0.000609s ]
INFO: [ app_end ] --END-- [ RunTime:0.000635s ]

[ 2016-12-23T16:01:55+08:00 ] ::1 /CESBack/index.php/Home/Home/dealHomeCount
INFO: [ app_init ] --START--
INFO: Run Behavior\BuildLiteBehavior [ RunTime:0.000015s ]
INFO: [ app_init ] --END-- [ RunTime:0.000555s ]
INFO: [ app_begin ] --START--
INFO: Run Behavior\ReadHtmlCacheBehavior [ RunTime:0.000600s ]
INFO: [ app_begin ] --END-- [ RunTime:0.000642s ]
NOTIC: [8] A session had already been started - ignoring session_start() /Users/lawrance/Data/CESBack/ThinkPHP/Common/functions.php 第 1263 行.
ERR: 1064:You have an error in your SQL syntax; check the manual that corresponds to your MariaDB server version for the right syntax to use near '%FIELD% FROM %TABLE% %WHERE%' at line 1
 [ SQL语句 ] : SELECT %FIELD% FROM %TABLE% %WHERE%
ERR: 1064:You have an error in your SQL syntax; check the manual that corresponds to your MariaDB server version for the right syntax to use near '%FIELD% FROM %TABLE% %WHERE%' at line 1
 [ SQL语句 ] : SELECT %FIELD% FROM %TABLE% %WHERE%

[ 2016-12-23T16:02:09+08:00 ] ::1 /CESBack/index.php/Home/Home/dealHomeCount
INFO: [ app_init ] --START--
INFO: Run Behavior\BuildLiteBehavior [ RunTime:0.000006s ]
INFO: [ app_init ] --END-- [ RunTime:0.000177s ]
INFO: [ app_begin ] --START--
INFO: Run Behavior\ReadHtmlCacheBehavior [ RunTime:0.000299s ]
INFO: [ app_begin ] --END-- [ RunTime:0.000351s ]
NOTIC: [8] A session had already been started - ignoring session_start() /Users/lawrance/Data/CESBack/ThinkPHP/Common/functions.php 第 1263 行.
SQL: SHOW COLUMNS FROM `tb_home_count` [ RunTime:0.0026s ]
ERR: 1064:You have an error in your SQL syntax; check the manual that corresponds to your MariaDB server version for the right syntax to use near 'ORDER BY time ASC )' at line 1
 [ SQL语句 ] : SELECT `time`,`new`,`all_user`,`survey`,`is_match` FROM `tb_home_count`  WHERE ( ORDER BY time ASC )
ERR: 1064:You have an error in your SQL syntax; check the manual that corresponds to your MariaDB server version for the right syntax to use near 'ORDER BY time ASC )' at line 1
 [ SQL语句 ] : SELECT `time`,`new`,`all_user`,`survey`,`is_match` FROM `tb_home_count`  WHERE ( ORDER BY time ASC )

[ 2016-12-23T16:02:28+08:00 ] ::1 /CESBack/index.php/Home/Home/dealHomeCount
INFO: [ app_init ] --START--
INFO: Run Behavior\BuildLiteBehavior [ RunTime:0.000019s ]
INFO: [ app_init ] --END-- [ RunTime:0.000509s ]
INFO: [ app_begin ] --START--
INFO: Run Behavior\ReadHtmlCacheBehavior [ RunTime:0.000321s ]
INFO: [ app_begin ] --END-- [ RunTime:0.000352s ]
NOTIC: [8] A session had already been started - ignoring session_start() /Users/lawrance/Data/CESBack/ThinkPHP/Common/functions.php 第 1263 行.
SQL: SHOW COLUMNS FROM `tb_home_count` [ RunTime:0.0023s ]
SQL: SELECT `time`,`new`,`all_user`,`survey`,`is_match` FROM `tb_home_count` ORDER BY time ASC [ RunTime:0.0002s ]
INFO: [ app_end ] --START--
INFO: Run Behavior\ShowPageTraceBehavior [ RunTime:0.000557s ]
INFO: [ app_end ] --END-- [ RunTime:0.000580s ]

[ 2016-12-23T16:04:14+08:00 ] ::1 /CESBack/index.php/Home/Home/dealHomeCount
INFO: [ app_init ] --START--
INFO: Run Behavior\BuildLiteBehavior [ RunTime:0.000008s ]
INFO: [ app_init ] --END-- [ RunTime:0.000449s ]
INFO: [ app_begin ] --START--
INFO: Run Behavior\ReadHtmlCacheBehavior [ RunTime:0.000627s ]
INFO: [ app_begin ] --END-- [ RunTime:0.000670s ]
NOTIC: [8] A session had already been started - ignoring session_start() /Users/lawrance/Data/CESBack/ThinkPHP/Common/functions.php 第 1263 行.
SQL: SHOW COLUMNS FROM `tb_home_count` [ RunTime:0.0011s ]
ERR: 1064:You have an error in your SQL syntax; check the manual that corresponds to your MariaDB server version for the right syntax to use near 'AND time<= ) ORDER BY time ASC' at line 1
 [ SQL语句 ] : SELECT `time`,`new`,`all_user`,`survey`,`is_match` FROM `tb_home_count`  WHERE ( time>= AND time<= ) ORDER BY time ASC
ERR: 1064:You have an error in your SQL syntax; check the manual that corresponds to your MariaDB server version for the right syntax to use near 'AND time<= ) ORDER BY time ASC' at line 1
 [ SQL语句 ] : SELECT `time`,`new`,`all_user`,`survey`,`is_match` FROM `tb_home_count`  WHERE ( time>= AND time<= ) ORDER BY time ASC

[ 2016-12-23T16:04:44+08:00 ] ::1 /CESBack/index.php/Home/Home/dealHomeCount
INFO: [ app_init ] --START--
INFO: Run Behavior\BuildLiteBehavior [ RunTime:0.000007s ]
INFO: [ app_init ] --END-- [ RunTime:0.000180s ]
INFO: [ app_begin ] --START--
INFO: Run Behavior\ReadHtmlCacheBehavior [ RunTime:0.000215s ]
INFO: [ app_begin ] --END-- [ RunTime:0.000235s ]
NOTIC: [8] A session had already been started - ignoring session_start() /Users/lawrance/Data/CESBack/ThinkPHP/Common/functions.php 第 1263 行.
SQL: SHOW COLUMNS FROM `tb_home_count` [ RunTime:0.0020s ]
ERR: 1064:You have an error in your SQL syntax; check the manual that corresponds to your MariaDB server version for the right syntax to use near 'AND time <= ) ORDER BY time ASC' at line 1
 [ SQL语句 ] : SELECT `time`,`new`,`all_user`,`survey`,`is_match` FROM `tb_home_count`  WHERE ( time >= AND time <= ) ORDER BY time ASC
ERR: 1064:You have an error in your SQL syntax; check the manual that corresponds to your MariaDB server version for the right syntax to use near 'AND time <= ) ORDER BY time ASC' at line 1
 [ SQL语句 ] : SELECT `time`,`new`,`all_user`,`survey`,`is_match` FROM `tb_home_count`  WHERE ( time >= AND time <= ) ORDER BY time ASC

[ 2016-12-23T16:05:59+08:00 ] ::1 /CESBack/index.php/Home/Home/dealHomeCount
INFO: [ app_init ] --START--
INFO: Run Behavior\BuildLiteBehavior [ RunTime:0.000006s ]
INFO: [ app_init ] --END-- [ RunTime:0.000171s ]
INFO: [ app_begin ] --START--
INFO: Run Behavior\ReadHtmlCacheBehavior [ RunTime:0.000212s ]
INFO: [ app_begin ] --END-- [ RunTime:0.000232s ]
NOTIC: [8] A session had already been started - ignoring session_start() /Users/lawrance/Data/CESBack/ThinkPHP/Common/functions.php 第 1263 行.
SQL: SHOW COLUMNS FROM `tb_home_count` [ RunTime:0.0019s ]
SQL: SELECT `time`,`new`,`all_user`,`survey`,`is_match` FROM `tb_home_count`  WHERE ( time >='' AND time <='' ) ORDER BY time ASC [ RunTime:0.0002s ]
INFO: [ app_end ] --START--
INFO: Run Behavior\ShowPageTraceBehavior [ RunTime:0.000668s ]
INFO: [ app_end ] --END-- [ RunTime:0.000699s ]

[ 2016-12-23T16:06:00+08:00 ] ::1 /CESBack/index.php/Home/Home/dealHomeCount
INFO: [ app_init ] --START--
INFO: Run Behavior\BuildLiteBehavior [ RunTime:0.000006s ]
INFO: [ app_init ] --END-- [ RunTime:0.000175s ]
INFO: [ app_begin ] --START--
INFO: Run Behavior\ReadHtmlCacheBehavior [ RunTime:0.000214s ]
INFO: [ app_begin ] --END-- [ RunTime:0.000234s ]
NOTIC: [8] A session had already been started - ignoring session_start() /Users/lawrance/Data/CESBack/ThinkPHP/Common/functions.php 第 1263 行.
SQL: SHOW COLUMNS FROM `tb_home_count` [ RunTime:0.0017s ]
SQL: SELECT `time`,`new`,`all_user`,`survey`,`is_match` FROM `tb_home_count`  WHERE ( time >='' AND time <='' ) ORDER BY time ASC [ RunTime:0.0002s ]
INFO: [ app_end ] --START--
INFO: Run Behavior\ShowPageTraceBehavior [ RunTime:0.000288s ]
INFO: [ app_end ] --END-- [ RunTime:0.000307s ]

[ 2016-12-23T16:06:56+08:00 ] ::1 /CESBack/index.php/Home/Home/dealHomeCount
INFO: [ app_init ] --START--
INFO: Run Behavior\BuildLiteBehavior [ RunTime:0.000006s ]
INFO: [ app_init ] --END-- [ RunTime:0.000178s ]
INFO: [ app_begin ] --START--
INFO: Run Behavior\ReadHtmlCacheBehavior [ RunTime:0.000217s ]
INFO: [ app_begin ] --END-- [ RunTime:0.000236s ]
NOTIC: [8] A session had already been started - ignoring session_start() /Users/lawrance/Data/CESBack/ThinkPHP/Common/functions.php 第 1263 行.
SQL: SHOW COLUMNS FROM `tb_home_count` [ RunTime:0.0022s ]
SQL: SELECT `time`,`new`,`all_user`,`survey`,`is_match` FROM `tb_home_count`  WHERE ( time >='2016-12-16' AND time <='2016-12-22' ) ORDER BY time ASC [ RunTime:0.0002s ]
INFO: [ app_end ] --START--
INFO: Run Behavior\ShowPageTraceBehavior [ RunTime:0.000327s ]
INFO: [ app_end ] --END-- [ RunTime:0.000349s ]

[ 2016-12-23T16:25:22+08:00 ] ::1 /CESBack/index.php/Home/Home/home
INFO: [ app_init ] --START--
INFO: Run Behavior\BuildLiteBehavior [ RunTime:0.000008s ]
INFO: [ app_init ] --END-- [ RunTime:0.000208s ]
INFO: [ app_begin ] --START--
INFO: Run Behavior\ReadHtmlCacheBehavior [ RunTime:0.000259s ]
INFO: [ app_begin ] --END-- [ RunTime:0.000279s ]
NOTIC: [8] A session had already been started - ignoring session_start() /Users/lawrance/Data/CESBack/ThinkPHP/Common/functions.php 第 1263 行.
SQL: SHOW COLUMNS FROM `tb_home_count` [ RunTime:0.0014s ]
SQL: SELECT `time`,`new`,`all_user`,`survey`,`is_match` FROM `tb_home_count`  WHERE ( time >='2016-12-16' AND time <='2016-12-22' ) ORDER BY time ASC [ RunTime:0.0002s ]
INFO: [ view_parse ] --START--
INFO: [ template_filter ] --START--
INFO: Run Behavior\ContentReplaceBehavior [ RunTime:0.000189s ]
INFO: [ template_filter ] --END-- [ RunTime:0.000217s ]
NOTIC: [8] Array to string conversion /Users/lawrance/Data/CESBack/CESBack/Runtime/Cache/Home/a6d249f0cce0a592f6432f4291a590e1.php 第 704 行.
NOTIC: [8] Array to string conversion /Users/lawrance/Data/CESBack/CESBack/Runtime/Cache/Home/a6d249f0cce0a592f6432f4291a590e1.php 第 706 行.
NOTIC: [8] Array to string conversion /Users/lawrance/Data/CESBack/CESBack/Runtime/Cache/Home/a6d249f0cce0a592f6432f4291a590e1.php 第 708 行.
NOTIC: [8] Array to string conversion /Users/lawrance/Data/CESBack/CESBack/Runtime/Cache/Home/a6d249f0cce0a592f6432f4291a590e1.php 第 710 行.
INFO: Run Behavior\ParseTemplateBehavior [ RunTime:0.008720s ]
INFO: [ view_parse ] --END-- [ RunTime:0.008755s ]
INFO: [ view_filter ] --START--
INFO: Run Behavior\WriteHtmlCacheBehavior [ RunTime:0.000338s ]
INFO: [ view_filter ] --END-- [ RunTime:0.000361s ]
INFO: [ app_end ] --START--
INFO: Run Behavior\ShowPageTraceBehavior [ RunTime:0.000345s ]
INFO: [ app_end ] --END-- [ RunTime:0.000369s ]

[ 2016-12-23T16:25:28+08:00 ] ::1 /CESBack/index.php/Home/WeChat/setWeChatMenu
INFO: [ app_init ] --START--
INFO: Run Behavior\BuildLiteBehavior [ RunTime:0.000005s ]
INFO: [ app_init ] --END-- [ RunTime:0.000154s ]
INFO: [ app_begin ] --START--
INFO: Run Behavior\ReadHtmlCacheBehavior [ RunTime:0.000198s ]
INFO: [ app_begin ] --END-- [ RunTime:0.000215s ]
NOTIC: [8] A session had already been started - ignoring session_start() /Users/lawrance/Data/CESBack/ThinkPHP/Common/functions.php 第 1263 行.
INFO: [ view_parse ] --START--
INFO: [ template_filter ] --START--
INFO: Run Behavior\ContentReplaceBehavior [ RunTime:0.000387s ]
INFO: [ template_filter ] --END-- [ RunTime:0.000417s ]
INFO: Run Behavior\ParseTemplateBehavior [ RunTime:0.012851s ]
INFO: [ view_parse ] --END-- [ RunTime:0.012884s ]
INFO: [ view_filter ] --START--
INFO: Run Behavior\WriteHtmlCacheBehavior [ RunTime:0.000123s ]
INFO: [ view_filter ] --END-- [ RunTime:0.000180s ]
INFO: [ app_end ] --START--
INFO: Run Behavior\ShowPageTraceBehavior [ RunTime:0.000407s ]
INFO: [ app_end ] --END-- [ RunTime:0.000443s ]

[ 2016-12-23T16:25:28+08:00 ] ::1 /CESBack/index.php/Home/WeChat/img/favicon.ico
INFO: [ app_init ] --START--
INFO: Run Behavior\BuildLiteBehavior [ RunTime:0.000014s ]
INFO: [ app_init ] --END-- [ RunTime:0.000460s ]

[ 2016-12-23T16:25:29+08:00 ] ::1 /CESBack/index.php/Home/Home/home
INFO: [ app_init ] --START--
INFO: Run Behavior\BuildLiteBehavior [ RunTime:0.000008s ]
INFO: [ app_init ] --END-- [ RunTime:0.000196s ]
INFO: [ app_begin ] --START--
INFO: Run Behavior\ReadHtmlCacheBehavior [ RunTime:0.000233s ]
INFO: [ app_begin ] --END-- [ RunTime:0.000254s ]
NOTIC: [8] A session had already been started - ignoring session_start() /Users/lawrance/Data/CESBack/ThinkPHP/Common/functions.php 第 1263 行.
SQL: SHOW COLUMNS FROM `tb_home_count` [ RunTime:0.0020s ]
SQL: SELECT `time`,`new`,`all_user`,`survey`,`is_match` FROM `tb_home_count`  WHERE ( time >='2016-12-16' AND time <='2016-12-22' ) ORDER BY time ASC [ RunTime:0.0003s ]
INFO: [ view_parse ] --START--
INFO: [ template_filter ] --START--
INFO: Run Behavior\ContentReplaceBehavior [ RunTime:0.000166s ]
INFO: [ template_filter ] --END-- [ RunTime:0.000195s ]
NOTIC: [8] Array to string conversion /Users/lawrance/Data/CESBack/CESBack/Runtime/Cache/Home/a6d249f0cce0a592f6432f4291a590e1.php 第 704 行.
NOTIC: [8] Array to string conversion /Users/lawrance/Data/CESBack/CESBack/Runtime/Cache/Home/a6d249f0cce0a592f6432f4291a590e1.php 第 706 行.
NOTIC: [8] Array to string conversion /Users/lawrance/Data/CESBack/CESBack/Runtime/Cache/Home/a6d249f0cce0a592f6432f4291a590e1.php 第 708 行.
NOTIC: [8] Array to string conversion /Users/lawrance/Data/CESBack/CESBack/Runtime/Cache/Home/a6d249f0cce0a592f6432f4291a590e1.php 第 710 行.
INFO: Run Behavior\ParseTemplateBehavior [ RunTime:0.007323s ]
INFO: [ view_parse ] --END-- [ RunTime:0.007383s ]
INFO: [ view_filter ] --START--
INFO: Run Behavior\WriteHtmlCacheBehavior [ RunTime:0.000340s ]
INFO: [ view_filter ] --END-- [ RunTime:0.000420s ]
INFO: [ app_end ] --START--
INFO: Run Behavior\ShowPageTraceBehavior [ RunTime:0.000741s ]
INFO: [ app_end ] --END-- [ RunTime:0.000790s ]

[ 2016-12-23T16:26:23+08:00 ] ::1 /CESBack/index.php/Home/Home/home
INFO: [ app_init ] --START--
INFO: Run Behavior\BuildLiteBehavior [ RunTime:0.000007s ]
INFO: [ app_init ] --END-- [ RunTime:0.000208s ]
INFO: [ app_begin ] --START--
INFO: Run Behavior\ReadHtmlCacheBehavior [ RunTime:0.000257s ]
INFO: [ app_begin ] --END-- [ RunTime:0.000282s ]
NOTIC: [8] A session had already been started - ignoring session_start() /Users/lawrance/Data/CESBack/ThinkPHP/Common/functions.php 第 1263 行.
SQL: SHOW COLUMNS FROM `tb_home_count` [ RunTime:0.0020s ]
SQL: SELECT `time`,`new`,`all_user`,`survey`,`is_match` FROM `tb_home_count`  WHERE ( time >='2016-12-16' AND time <='2016-12-22' ) ORDER BY time ASC [ RunTime:0.0002s ]
INFO: [ view_parse ] --START--
INFO: [ template_filter ] --START--
INFO: Run Behavior\ContentReplaceBehavior [ RunTime:0.000149s ]
INFO: [ template_filter ] --END-- [ RunTime:0.000170s ]
NOTIC: [8] Array to string conversion /Users/lawrance/Data/CESBack/CESBack/Runtime/Cache/Home/a6d249f0cce0a592f6432f4291a590e1.php 第 704 行.
NOTIC: [8] Array to string conversion /Users/lawrance/Data/CESBack/CESBack/Runtime/Cache/Home/a6d249f0cce0a592f6432f4291a590e1.php 第 706 行.
NOTIC: [8] Array to string conversion /Users/lawrance/Data/CESBack/CESBack/Runtime/Cache/Home/a6d249f0cce0a592f6432f4291a590e1.php 第 708 行.
NOTIC: [8] Array to string conversion /Users/lawrance/Data/CESBack/CESBack/Runtime/Cache/Home/a6d249f0cce0a592f6432f4291a590e1.php 第 710 行.
INFO: Run Behavior\ParseTemplateBehavior [ RunTime:0.005654s ]
INFO: [ view_parse ] --END-- [ RunTime:0.005670s ]
INFO: [ view_filter ] --START--
INFO: Run Behavior\WriteHtmlCacheBehavior [ RunTime:0.000089s ]
INFO: [ view_filter ] --END-- [ RunTime:0.000101s ]
INFO: [ app_end ] --START--
INFO: Run Behavior\ShowPageTraceBehavior [ RunTime:0.000302s ]
INFO: [ app_end ] --END-- [ RunTime:0.000322s ]

[ 2016-12-23T16:29:06+08:00 ] ::1 /CESBack/index.php/Home/Home/home
INFO: [ app_init ] --START--
INFO: Run Behavior\BuildLiteBehavior [ RunTime:0.000006s ]
INFO: [ app_init ] --END-- [ RunTime:0.000173s ]
INFO: [ app_begin ] --START--
INFO: Run Behavior\ReadHtmlCacheBehavior [ RunTime:0.000210s ]
INFO: [ app_begin ] --END-- [ RunTime:0.000230s ]
NOTIC: [8] A session had already been started - ignoring session_start() /Users/lawrance/Data/CESBack/ThinkPHP/Common/functions.php 第 1263 行.
SQL: SHOW COLUMNS FROM `tb_home_count` [ RunTime:0.0020s ]
SQL: SELECT `time`,`new`,`all_user`,`survey`,`is_match` FROM `tb_home_count`  WHERE ( time >='2016-12-16' AND time <='2016-12-22' ) ORDER BY time ASC [ RunTime:0.0002s ]
INFO: [ view_parse ] --START--
INFO: [ template_filter ] --START--
INFO: Run Behavior\ContentReplaceBehavior [ RunTime:0.000155s ]
INFO: [ template_filter ] --END-- [ RunTime:0.000187s ]
NOTIC: [8] Array to string conversion /Users/lawrance/Data/CESBack/CESBack/Runtime/Cache/Home/a6d249f0cce0a592f6432f4291a590e1.php 第 704 行.
NOTIC: [8] Array to string conversion /Users/lawrance/Data/CESBack/CESBack/Runtime/Cache/Home/a6d249f0cce0a592f6432f4291a590e1.php 第 706 行.
NOTIC: [8] Array to string conversion /Users/lawrance/Data/CESBack/CESBack/Runtime/Cache/Home/a6d249f0cce0a592f6432f4291a590e1.php 第 708 行.
NOTIC: [8] Array to string conversion /Users/lawrance/Data/CESBack/CESBack/Runtime/Cache/Home/a6d249f0cce0a592f6432f4291a590e1.php 第 710 行.
INFO: Run Behavior\ParseTemplateBehavior [ RunTime:0.006331s ]
INFO: [ view_parse ] --END-- [ RunTime:0.006347s ]
INFO: [ view_filter ] --START--
INFO: Run Behavior\WriteHtmlCacheBehavior [ RunTime:0.000107s ]
INFO: [ view_filter ] --END-- [ RunTime:0.000119s ]
INFO: [ app_end ] --START--
INFO: Run Behavior\ShowPageTraceBehavior [ RunTime:0.000531s ]
INFO: [ app_end ] --END-- [ RunTime:0.000569s ]

[ 2016-12-23T16:30:57+08:00 ] ::1 /CESBack/index.php/Home/Home/home
INFO: [ app_init ] --START--
INFO: Run Behavior\BuildLiteBehavior [ RunTime:0.000006s ]
INFO: [ app_init ] --END-- [ RunTime:0.000163s ]
INFO: [ app_begin ] --START--
INFO: Run Behavior\ReadHtmlCacheBehavior [ RunTime:0.000197s ]
INFO: [ app_begin ] --END-- [ RunTime:0.000216s ]
NOTIC: [8] A session had already been started - ignoring session_start() /Users/lawrance/Data/CESBack/ThinkPHP/Common/functions.php 第 1263 行.
SQL: SHOW COLUMNS FROM `tb_home_count` [ RunTime:0.0019s ]
SQL: SELECT `time`,`new`,`all_user`,`survey`,`is_match` FROM `tb_home_count`  WHERE ( time >='2016-12-16' AND time <='2016-12-22' ) ORDER BY time ASC [ RunTime:0.0003s ]
INFO: [ view_parse ] --START--
INFO: [ template_filter ] --START--
INFO: Run Behavior\ContentReplaceBehavior [ RunTime:0.000158s ]
INFO: [ template_filter ] --END-- [ RunTime:0.000184s ]
NOTIC: [8] Array to string conversion /Users/lawrance/Data/CESBack/CESBack/Runtime/Cache/Home/a6d249f0cce0a592f6432f4291a590e1.php 第 704 行.
NOTIC: [8] Array to string conversion /Users/lawrance/Data/CESBack/CESBack/Runtime/Cache/Home/a6d249f0cce0a592f6432f4291a590e1.php 第 706 行.
NOTIC: [8] Array to string conversion /Users/lawrance/Data/CESBack/CESBack/Runtime/Cache/Home/a6d249f0cce0a592f6432f4291a590e1.php 第 708 行.
NOTIC: [8] Array to string conversion /Users/lawrance/Data/CESBack/CESBack/Runtime/Cache/Home/a6d249f0cce0a592f6432f4291a590e1.php 第 710 行.
INFO: Run Behavior\ParseTemplateBehavior [ RunTime:0.005334s ]
INFO: [ view_parse ] --END-- [ RunTime:0.005351s ]
INFO: [ view_filter ] --START--
INFO: Run Behavior\WriteHtmlCacheBehavior [ RunTime:0.000094s ]
INFO: [ view_filter ] --END-- [ RunTime:0.000106s ]
INFO: [ app_end ] --START--
INFO: Run Behavior\ShowPageTraceBehavior [ RunTime:0.000313s ]
INFO: [ app_end ] --END-- [ RunTime:0.000332s ]

[ 2016-12-23T16:33:00+08:00 ] ::1 /CESBack/index.php/Home/Home/home
INFO: [ app_init ] --START--
INFO: Run Behavior\BuildLiteBehavior [ RunTime:0.000014s ]
INFO: [ app_init ] --END-- [ RunTime:0.000567s ]
INFO: [ app_begin ] --START--
INFO: Run Behavior\ReadHtmlCacheBehavior [ RunTime:0.000636s ]
INFO: [ app_begin ] --END-- [ RunTime:0.000684s ]
NOTIC: [8] A session had already been started - ignoring session_start() /Users/lawrance/Data/CESBack/ThinkPHP/Common/functions.php 第 1263 行.
SQL: SHOW COLUMNS FROM `tb_home_count` [ RunTime:0.0351s ]
SQL: SELECT `time`,`new`,`all_user`,`survey`,`is_match` FROM `tb_home_count`  WHERE ( time >='2016-12-16' AND time <='2016-12-22' ) ORDER BY time ASC [ RunTime:0.0011s ]
INFO: [ view_parse ] --START--
INFO: [ template_filter ] --START--
INFO: Run Behavior\ContentReplaceBehavior [ RunTime:0.000197s ]
INFO: [ template_filter ] --END-- [ RunTime:0.000256s ]
INFO: Run Behavior\ParseTemplateBehavior [ RunTime:0.011427s ]
INFO: [ view_parse ] --END-- [ RunTime:0.011481s ]
INFO: [ view_filter ] --START--
INFO: Run Behavior\WriteHtmlCacheBehavior [ RunTime:0.000447s ]
INFO: [ view_filter ] --END-- [ RunTime:0.000489s ]
INFO: [ app_end ] --START--
INFO: Run Behavior\ShowPageTraceBehavior [ RunTime:0.000845s ]
INFO: [ app_end ] --END-- [ RunTime:0.000892s ]

[ 2016-12-23T16:33:50+08:00 ] ::1 /CESBack/index.php/Home/Home/home
INFO: [ app_init ] --START--
INFO: Run Behavior\BuildLiteBehavior [ RunTime:0.000007s ]
INFO: [ app_init ] --END-- [ RunTime:0.000221s ]
INFO: [ app_begin ] --START--
INFO: Run Behavior\ReadHtmlCacheBehavior [ RunTime:0.000326s ]
INFO: [ app_begin ] --END-- [ RunTime:0.000357s ]
NOTIC: [8] A session had already been started - ignoring session_start() /Users/lawrance/Data/CESBack/ThinkPHP/Common/functions.php 第 1263 行.
SQL: SHOW COLUMNS FROM `tb_home_count` [ RunTime:0.0020s ]
SQL: SELECT `time`,`new`,`all_user`,`survey`,`is_match` FROM `tb_home_count`  WHERE ( time >='2016-12-16' AND time <='2016-12-22' ) ORDER BY time ASC [ RunTime:0.0003s ]
INFO: [ view_parse ] --START--
INFO: [ template_filter ] --START--
INFO: Run Behavior\ContentReplaceBehavior [ RunTime:0.000240s ]
INFO: [ template_filter ] --END-- [ RunTime:0.000277s ]
INFO: Run Behavior\ParseTemplateBehavior [ RunTime:0.005511s ]
INFO: [ view_parse ] --END-- [ RunTime:0.005538s ]
INFO: [ view_filter ] --START--
INFO: Run Behavior\WriteHtmlCacheBehavior [ RunTime:0.000112s ]
INFO: [ view_filter ] --END-- [ RunTime:0.000128s ]
INFO: [ app_end ] --START--
INFO: Run Behavior\ShowPageTraceBehavior [ RunTime:0.000520s ]
INFO: [ app_end ] --END-- [ RunTime:0.000562s ]

[ 2016-12-23T16:34:47+08:00 ] ::1 /CESBack/index.php/Home/Home/home
INFO: [ app_init ] --START--
INFO: Run Behavior\BuildLiteBehavior [ RunTime:0.000006s ]
INFO: [ app_init ] --END-- [ RunTime:0.000336s ]
INFO: [ app_begin ] --START--
INFO: Run Behavior\ReadHtmlCacheBehavior [ RunTime:0.000397s ]
INFO: [ app_begin ] --END-- [ RunTime:0.000420s ]
NOTIC: [8] A session had already been started - ignoring session_start() /Users/lawrance/Data/CESBack/ThinkPHP/Common/functions.php 第 1263 行.
SQL: SHOW COLUMNS FROM `tb_home_count` [ RunTime:0.0009s ]
SQL: SELECT `time`,`new`,`all_user`,`survey`,`is_match` FROM `tb_home_count`  WHERE ( time >='2016-12-16' AND time <='2016-12-22' ) ORDER BY time ASC [ RunTime:0.0002s ]
INFO: [ view_parse ] --START--
INFO: [ template_filter ] --START--
INFO: Run Behavior\ContentReplaceBehavior [ RunTime:0.000148s ]
INFO: [ template_filter ] --END-- [ RunTime:0.000179s ]
INFO: Run Behavior\ParseTemplateBehavior [ RunTime:0.006470s ]
INFO: [ view_parse ] --END-- [ RunTime:0.006494s ]
INFO: [ view_filter ] --START--
INFO: Run Behavior\WriteHtmlCacheBehavior [ RunTime:0.000331s ]
INFO: [ view_filter ] --END-- [ RunTime:0.000354s ]
INFO: [ app_end ] --START--
INFO: Run Behavior\ShowPageTraceBehavior [ RunTime:0.000517s ]
INFO: [ app_end ] --END-- [ RunTime:0.000549s ]

[ 2016-12-23T16:40:21+08:00 ] ::1 /CESBack/index.php/Home/Home/home
INFO: [ app_init ] --START--
INFO: Run Behavior\BuildLiteBehavior [ RunTime:0.000009s ]
INFO: [ app_init ] --END-- [ RunTime:0.000212s ]
INFO: [ app_begin ] --START--
INFO: Run Behavior\ReadHtmlCacheBehavior [ RunTime:0.000227s ]
INFO: [ app_begin ] --END-- [ RunTime:0.000247s ]
NOTIC: [8] A session had already been started - ignoring session_start() /Users/lawrance/Data/CESBack/ThinkPHP/Common/functions.php 第 1263 行.
SQL: SHOW COLUMNS FROM `tb_home_count` [ RunTime:0.0019s ]
SQL: SELECT `time`,`new`,`all_user`,`survey`,`is_match` FROM `tb_home_count`  WHERE ( time >='2016-12-16' AND time <='2016-12-22' ) ORDER BY time ASC [ RunTime:0.0002s ]
INFO: [ view_parse ] --START--
INFO: [ template_filter ] --START--
INFO: Run Behavior\ContentReplaceBehavior [ RunTime:0.000180s ]
INFO: [ template_filter ] --END-- [ RunTime:0.000208s ]
INFO: Run Behavior\ParseTemplateBehavior [ RunTime:0.006390s ]
INFO: [ view_parse ] --END-- [ RunTime:0.006412s ]
INFO: [ view_filter ] --START--
INFO: Run Behavior\WriteHtmlCacheBehavior [ RunTime:0.000093s ]
INFO: [ view_filter ] --END-- [ RunTime:0.000105s ]
INFO: [ app_end ] --START--
INFO: Run Behavior\ShowPageTraceBehavior [ RunTime:0.000348s ]
INFO: [ app_end ] --END-- [ RunTime:0.000377s ]

[ 2016-12-23T16:40:39+08:00 ] ::1 /CESBack/index.php/Home/Home/home
INFO: [ app_init ] --START--
INFO: Run Behavior\BuildLiteBehavior [ RunTime:0.000006s ]
INFO: [ app_init ] --END-- [ RunTime:0.000160s ]
INFO: [ app_begin ] --START--
INFO: Run Behavior\ReadHtmlCacheBehavior [ RunTime:0.000199s ]
INFO: [ app_begin ] --END-- [ RunTime:0.000218s ]
NOTIC: [8] A session had already been started - ignoring session_start() /Users/lawrance/Data/CESBack/ThinkPHP/Common/functions.php 第 1263 行.
SQL: SHOW COLUMNS FROM `tb_home_count` [ RunTime:0.0019s ]
SQL: SELECT `time`,`new`,`all_user`,`survey`,`is_match` FROM `tb_home_count`  WHERE ( time >='2016-12-16' AND time <='2016-12-22' ) ORDER BY time ASC [ RunTime:0.0002s ]
INFO: [ view_parse ] --START--
INFO: [ template_filter ] --START--
INFO: Run Behavior\ContentReplaceBehavior [ RunTime:0.000196s ]
INFO: [ template_filter ] --END-- [ RunTime:0.000222s ]
INFO: Run Behavior\ParseTemplateBehavior [ RunTime:0.004839s ]
INFO: [ view_parse ] --END-- [ RunTime:0.004858s ]
INFO: [ view_filter ] --START--
INFO: Run Behavior\WriteHtmlCacheBehavior [ RunTime:0.000088s ]
INFO: [ view_filter ] --END-- [ RunTime:0.000101s ]
INFO: [ app_end ] --START--
INFO: Run Behavior\ShowPageTraceBehavior [ RunTime:0.000314s ]
INFO: [ app_end ] --END-- [ RunTime:0.000335s ]

[ 2016-12-23T16:40:48+08:00 ] ::1 /CESBack/index.php/Home/Home/home
INFO: [ app_init ] --START--
INFO: Run Behavior\BuildLiteBehavior [ RunTime:0.000006s ]
INFO: [ app_init ] --END-- [ RunTime:0.000160s ]
INFO: [ app_begin ] --START--
INFO: Run Behavior\ReadHtmlCacheBehavior [ RunTime:0.000195s ]
INFO: [ app_begin ] --END-- [ RunTime:0.000214s ]
NOTIC: [8] A session had already been started - ignoring session_start() /Users/lawrance/Data/CESBack/ThinkPHP/Common/functions.php 第 1263 行.
SQL: SHOW COLUMNS FROM `tb_home_count` [ RunTime:0.0019s ]
SQL: SELECT `time`,`new`,`all_user`,`survey`,`is_match` FROM `tb_home_count`  WHERE ( time >='2016-12-16' AND time <='2016-12-22' ) ORDER BY time ASC [ RunTime:0.0002s ]
INFO: [ view_parse ] --START--
INFO: [ template_filter ] --START--
INFO: Run Behavior\ContentReplaceBehavior [ RunTime:0.000163s ]
INFO: [ template_filter ] --END-- [ RunTime:0.000188s ]
INFO: Run Behavior\ParseTemplateBehavior [ RunTime:0.005124s ]
INFO: [ view_parse ] --END-- [ RunTime:0.005147s ]
INFO: [ view_filter ] --START--
INFO: Run Behavior\WriteHtmlCacheBehavior [ RunTime:0.000090s ]
INFO: [ view_filter ] --END-- [ RunTime:0.000104s ]
INFO: [ app_end ] --START--
INFO: Run Behavior\ShowPageTraceBehavior [ RunTime:0.000333s ]
INFO: [ app_end ] --END-- [ RunTime:0.000353s ]

[ 2016-12-23T16:42:55+08:00 ] ::1 /CESBack/index.php/Home/Home/home
INFO: [ app_init ] --START--
INFO: Run Behavior\BuildLiteBehavior [ RunTime:0.000005s ]
INFO: [ app_init ] --END-- [ RunTime:0.000173s ]
INFO: [ app_begin ] --START--
INFO: Run Behavior\ReadHtmlCacheBehavior [ RunTime:0.000209s ]
INFO: [ app_begin ] --END-- [ RunTime:0.000228s ]
NOTIC: [8] A session had already been started - ignoring session_start() /Users/lawrance/Data/CESBack/ThinkPHP/Common/functions.php 第 1263 行.
SQL: SHOW COLUMNS FROM `tb_home_count` [ RunTime:0.0019s ]
SQL: SELECT `time`,`new`,`all_user`,`survey`,`is_match` FROM `tb_home_count`  WHERE ( time >='2016-12-16' AND time <='2016-12-22' ) ORDER BY time ASC [ RunTime:0.0002s ]
INFO: [ view_parse ] --START--
INFO: [ template_filter ] --START--
INFO: Run Behavior\ContentReplaceBehavior [ RunTime:0.000188s ]
INFO: [ template_filter ] --END-- [ RunTime:0.000224s ]
INFO: Run Behavior\ParseTemplateBehavior [ RunTime:0.006918s ]
INFO: [ view_parse ] --END-- [ RunTime:0.006939s ]
INFO: [ view_filter ] --START--
INFO: Run Behavior\WriteHtmlCacheBehavior [ RunTime:0.000114s ]
INFO: [ view_filter ] --END-- [ RunTime:0.000127s ]
INFO: [ app_end ] --START--
INFO: Run Behavior\ShowPageTraceBehavior [ RunTime:0.000317s ]
INFO: [ app_end ] --END-- [ RunTime:0.000342s ]

[ 2016-12-23T16:43:34+08:00 ] ::1 /CESBack/index.php/Home/Home/home
INFO: [ app_init ] --START--
INFO: Run Behavior\BuildLiteBehavior [ RunTime:0.000009s ]
INFO: [ app_init ] --END-- [ RunTime:0.000213s ]
INFO: [ app_begin ] --START--
INFO: Run Behavior\ReadHtmlCacheBehavior [ RunTime:0.000228s ]
INFO: [ app_begin ] --END-- [ RunTime:0.000247s ]
NOTIC: [8] A session had already been started - ignoring session_start() /Users/lawrance/Data/CESBack/ThinkPHP/Common/functions.php 第 1263 行.
SQL: SHOW COLUMNS FROM `tb_home_count` [ RunTime:0.0028s ]
SQL: SELECT `time`,`new`,`all_user`,`survey`,`is_match` FROM `tb_home_count`  WHERE ( time >='2016-12-16' AND time <='2016-12-22' ) ORDER BY time ASC [ RunTime:0.0005s ]
INFO: [ view_parse ] --START--
INFO: [ template_filter ] --START--
INFO: Run Behavior\ContentReplaceBehavior [ RunTime:0.000206s ]
INFO: [ template_filter ] --END-- [ RunTime:0.000240s ]
INFO: Run Behavior\ParseTemplateBehavior [ RunTime:0.008044s ]
INFO: [ view_parse ] --END-- [ RunTime:0.008079s ]
INFO: [ view_filter ] --START--
INFO: Run Behavior\WriteHtmlCacheBehavior [ RunTime:0.000202s ]
INFO: [ view_filter ] --END-- [ RunTime:0.000225s ]
INFO: [ app_end ] --START--
INFO: Run Behavior\ShowPageTraceBehavior [ RunTime:0.000367s ]
INFO: [ app_end ] --END-- [ RunTime:0.000392s ]

[ 2016-12-23T16:43:47+08:00 ] ::1 /CESBack/index.php/Home/Home/home
INFO: [ app_init ] --START--
INFO: Run Behavior\BuildLiteBehavior [ RunTime:0.000007s ]
INFO: [ app_init ] --END-- [ RunTime:0.000206s ]
INFO: [ app_begin ] --START--
INFO: Run Behavior\ReadHtmlCacheBehavior [ RunTime:0.000225s ]
INFO: [ app_begin ] --END-- [ RunTime:0.000246s ]
NOTIC: [8] A session had already been started - ignoring session_start() /Users/lawrance/Data/CESBack/ThinkPHP/Common/functions.php 第 1263 行.
SQL: SHOW COLUMNS FROM `tb_home_count` [ RunTime:0.0022s ]
SQL: SELECT `time`,`new`,`all_user`,`survey`,`is_match` FROM `tb_home_count`  WHERE ( time >='2016-12-16' AND time <='2016-12-22' ) ORDER BY time ASC [ RunTime:0.0002s ]
INFO: [ view_parse ] --START--
INFO: [ template_filter ] --START--
INFO: Run Behavior\ContentReplaceBehavior [ RunTime:0.000149s ]
INFO: [ template_filter ] --END-- [ RunTime:0.000178s ]
INFO: Run Behavior\ParseTemplateBehavior [ RunTime:0.004927s ]
INFO: [ view_parse ] --END-- [ RunTime:0.004947s ]
INFO: [ view_filter ] --START--
INFO: Run Behavior\WriteHtmlCacheBehavior [ RunTime:0.000094s ]
INFO: [ view_filter ] --END-- [ RunTime:0.000106s ]
INFO: [ app_end ] --START--
INFO: Run Behavior\ShowPageTraceBehavior [ RunTime:0.000325s ]
INFO: [ app_end ] --END-- [ RunTime:0.000349s ]

[ 2016-12-23T16:44:12+08:00 ] ::1 /CESBack/index.php/Home/Home/home
INFO: [ app_init ] --START--
INFO: Run Behavior\BuildLiteBehavior [ RunTime:0.000014s ]
INFO: [ app_init ] --END-- [ RunTime:0.000453s ]
INFO: [ app_begin ] --START--
INFO: Run Behavior\ReadHtmlCacheBehavior [ RunTime:0.000381s ]
INFO: [ app_begin ] --END-- [ RunTime:0.000450s ]
NOTIC: [8] A session had already been started - ignoring session_start() /Users/lawrance/Data/CESBack/ThinkPHP/Common/functions.php 第 1263 行.
SQL: SHOW COLUMNS FROM `tb_home_count` [ RunTime:0.0020s ]
SQL: SELECT `time`,`new`,`all_user`,`survey`,`is_match` FROM `tb_home_count`  WHERE ( time >='2016-12-16' AND time <='2016-12-22' ) ORDER BY time ASC [ RunTime:0.0002s ]
INFO: [ view_parse ] --START--
INFO: [ template_filter ] --START--
INFO: Run Behavior\ContentReplaceBehavior [ RunTime:0.000162s ]
INFO: [ template_filter ] --END-- [ RunTime:0.000189s ]
INFO: Run Behavior\ParseTemplateBehavior [ RunTime:0.005490s ]
INFO: [ view_parse ] --END-- [ RunTime:0.005509s ]
INFO: [ view_filter ] --START--
INFO: Run Behavior\WriteHtmlCacheBehavior [ RunTime:0.000092s ]
INFO: [ view_filter ] --END-- [ RunTime:0.000105s ]
INFO: [ app_end ] --START--
INFO: Run Behavior\ShowPageTraceBehavior [ RunTime:0.000334s ]
INFO: [ app_end ] --END-- [ RunTime:0.000356s ]

[ 2016-12-23T16:44:24+08:00 ] ::1 /CESBack/index.php/Home/Home/home
INFO: [ app_init ] --START--
INFO: Run Behavior\BuildLiteBehavior [ RunTime:0.000008s ]
INFO: [ app_init ] --END-- [ RunTime:0.000210s ]
INFO: [ app_begin ] --START--
INFO: Run Behavior\ReadHtmlCacheBehavior [ RunTime:0.000224s ]
INFO: [ app_begin ] --END-- [ RunTime:0.000243s ]
NOTIC: [8] A session had already been started - ignoring session_start() /Users/lawrance/Data/CESBack/ThinkPHP/Common/functions.php 第 1263 行.
SQL: SHOW COLUMNS FROM `tb_home_count` [ RunTime:0.0021s ]
SQL: SELECT `time`,`new`,`all_user`,`survey`,`is_match` FROM `tb_home_count`  WHERE ( time >='2016-12-16' AND time <='2016-12-22' ) ORDER BY time ASC [ RunTime:0.0003s ]
INFO: [ view_parse ] --START--
INFO: [ template_filter ] --START--
INFO: Run Behavior\ContentReplaceBehavior [ RunTime:0.000181s ]
INFO: [ template_filter ] --END-- [ RunTime:0.000208s ]
INFO: Run Behavior\ParseTemplateBehavior [ RunTime:0.007145s ]
INFO: [ view_parse ] --END-- [ RunTime:0.007168s ]
INFO: [ view_filter ] --START--
INFO: Run Behavior\WriteHtmlCacheBehavior [ RunTime:0.000093s ]
INFO: [ view_filter ] --END-- [ RunTime:0.000106s ]
INFO: [ app_end ] --START--
INFO: Run Behavior\ShowPageTraceBehavior [ RunTime:0.000483s ]
INFO: [ app_end ] --END-- [ RunTime:0.000538s ]

[ 2016-12-23T16:45:11+08:00 ] ::1 /CESBack/index.php/Home/Home/home
INFO: [ app_init ] --START--
INFO: Run Behavior\BuildLiteBehavior [ RunTime:0.000007s ]
INFO: [ app_init ] --END-- [ RunTime:0.000266s ]
INFO: [ app_begin ] --START--
INFO: Run Behavior\ReadHtmlCacheBehavior [ RunTime:0.000232s ]
INFO: [ app_begin ] --END-- [ RunTime:0.000254s ]
NOTIC: [8] A session had already been started - ignoring session_start() /Users/lawrance/Data/CESBack/ThinkPHP/Common/functions.php 第 1263 行.
SQL: SHOW COLUMNS FROM `tb_home_count` [ RunTime:0.0025s ]
SQL: SELECT `time`,`new`,`all_user`,`survey`,`is_match` FROM `tb_home_count`  WHERE ( time >='2016-12-16' AND time <='2016-12-22' ) ORDER BY time ASC [ RunTime:0.0003s ]
INFO: [ view_parse ] --START--
INFO: [ template_filter ] --START--
INFO: Run Behavior\ContentReplaceBehavior [ RunTime:0.000162s ]
INFO: [ template_filter ] --END-- [ RunTime:0.000192s ]
INFO: Run Behavior\ParseTemplateBehavior [ RunTime:0.005062s ]
INFO: [ view_parse ] --END-- [ RunTime:0.005104s ]
INFO: [ view_filter ] --START--
INFO: Run Behavior\WriteHtmlCacheBehavior [ RunTime:0.000088s ]
INFO: [ view_filter ] --END-- [ RunTime:0.000100s ]
INFO: [ app_end ] --START--
INFO: Run Behavior\ShowPageTraceBehavior [ RunTime:0.000344s ]
INFO: [ app_end ] --END-- [ RunTime:0.000367s ]

[ 2016-12-23T16:46:20+08:00 ] ::1 /CESBack/index.php/Home/Home/home
INFO: [ app_init ] --START--
INFO: Run Behavior\BuildLiteBehavior [ RunTime:0.000004s ]
INFO: [ app_init ] --END-- [ RunTime:0.000154s ]
INFO: [ app_begin ] --START--
INFO: Run Behavior\ReadHtmlCacheBehavior [ RunTime:0.000197s ]
INFO: [ app_begin ] --END-- [ RunTime:0.000214s ]
NOTIC: [8] A session had already been started - ignoring session_start() /Users/lawrance/Data/CESBack/ThinkPHP/Common/functions.php 第 1263 行.
SQL: SHOW COLUMNS FROM `tb_home_count` [ RunTime:0.0024s ]
SQL: SELECT `time`,`new`,`all_user`,`survey`,`is_match` FROM `tb_home_count`  WHERE ( time >='2016-12-16' AND time <='2016-12-22' ) ORDER BY time ASC [ RunTime:0.0004s ]
INFO: [ view_parse ] --START--
INFO: [ template_filter ] --START--
INFO: Run Behavior\ContentReplaceBehavior [ RunTime:0.000174s ]
INFO: [ template_filter ] --END-- [ RunTime:0.000206s ]
INFO: Run Behavior\ParseTemplateBehavior [ RunTime:0.006864s ]
INFO: [ view_parse ] --END-- [ RunTime:0.006888s ]
INFO: [ view_filter ] --START--
INFO: Run Behavior\WriteHtmlCacheBehavior [ RunTime:0.000104s ]
INFO: [ view_filter ] --END-- [ RunTime:0.000118s ]
INFO: [ app_end ] --START--
INFO: Run Behavior\ShowPageTraceBehavior [ RunTime:0.000378s ]
INFO: [ app_end ] --END-- [ RunTime:0.000411s ]

[ 2016-12-23T16:46:32+08:00 ] ::1 /CESBack/index.php/Home/Home/home
INFO: [ app_init ] --START--
INFO: Run Behavior\BuildLiteBehavior [ RunTime:0.000012s ]
INFO: [ app_init ] --END-- [ RunTime:0.000234s ]
INFO: [ app_begin ] --START--
INFO: Run Behavior\ReadHtmlCacheBehavior [ RunTime:0.000293s ]
INFO: [ app_begin ] --END-- [ RunTime:0.000314s ]
NOTIC: [8] A session had already been started - ignoring session_start() /Users/lawrance/Data/CESBack/ThinkPHP/Common/functions.php 第 1263 行.
SQL: SHOW COLUMNS FROM `tb_home_count` [ RunTime:0.0024s ]
SQL: SELECT `time`,`new`,`all_user`,`survey`,`is_match` FROM `tb_home_count`  WHERE ( time >='2016-12-16' AND time <='2016-12-22' ) ORDER BY time ASC [ RunTime:0.0002s ]
INFO: [ view_parse ] --START--
INFO: [ template_filter ] --START--
INFO: Run Behavior\ContentReplaceBehavior [ RunTime:0.000183s ]
INFO: [ template_filter ] --END-- [ RunTime:0.000209s ]
INFO: Run Behavior\ParseTemplateBehavior [ RunTime:0.007773s ]
INFO: [ view_parse ] --END-- [ RunTime:0.007802s ]
INFO: [ view_filter ] --START--
INFO: Run Behavior\WriteHtmlCacheBehavior [ RunTime:0.000112s ]
INFO: [ view_filter ] --END-- [ RunTime:0.000126s ]
INFO: [ app_end ] --START--
INFO: Run Behavior\ShowPageTraceBehavior [ RunTime:0.000337s ]
INFO: [ app_end ] --END-- [ RunTime:0.000363s ]

[ 2016-12-23T16:46:45+08:00 ] ::1 /CESBack/index.php/Home/Home/home
INFO: [ app_init ] --START--
INFO: Run Behavior\BuildLiteBehavior [ RunTime:0.000008s ]
INFO: [ app_init ] --END-- [ RunTime:0.000209s ]
INFO: [ app_begin ] --START--
INFO: Run Behavior\ReadHtmlCacheBehavior [ RunTime:0.000223s ]
INFO: [ app_begin ] --END-- [ RunTime:0.000242s ]
NOTIC: [8] A session had already been started - ignoring session_start() /Users/lawrance/Data/CESBack/ThinkPHP/Common/functions.php 第 1263 行.
SQL: SHOW COLUMNS FROM `tb_home_count` [ RunTime:0.0021s ]
SQL: SELECT `time`,`new`,`all_user`,`survey`,`is_match` FROM `tb_home_count`  WHERE ( time >='2016-12-16' AND time <='2016-12-22' ) ORDER BY time ASC [ RunTime:0.0002s ]
INFO: [ view_parse ] --START--
INFO: [ template_filter ] --START--
INFO: Run Behavior\ContentReplaceBehavior [ RunTime:0.000181s ]
INFO: [ template_filter ] --END-- [ RunTime:0.000202s ]
INFO: Run Behavior\ParseTemplateBehavior [ RunTime:0.005835s ]
INFO: [ view_parse ] --END-- [ RunTime:0.005858s ]
INFO: [ view_filter ] --START--
INFO: Run Behavior\WriteHtmlCacheBehavior [ RunTime:0.000094s ]
INFO: [ view_filter ] --END-- [ RunTime:0.000107s ]
INFO: [ app_end ] --START--
INFO: Run Behavior\ShowPageTraceBehavior [ RunTime:0.000328s ]
INFO: [ app_end ] --END-- [ RunTime:0.000349s ]

[ 2016-12-23T16:47:15+08:00 ] ::1 /CESBack/index.php/Home/Home/home
INFO: [ app_init ] --START--
INFO: Run Behavior\BuildLiteBehavior [ RunTime:0.000009s ]
INFO: [ app_init ] --END-- [ RunTime:0.000225s ]
INFO: [ app_begin ] --START--
INFO: Run Behavior\ReadHtmlCacheBehavior [ RunTime:0.000239s ]
INFO: [ app_begin ] --END-- [ RunTime:0.000260s ]
NOTIC: [8] A session had already been started - ignoring session_start() /Users/lawrance/Data/CESBack/ThinkPHP/Common/functions.php 第 1263 行.
SQL: SHOW COLUMNS FROM `tb_home_count` [ RunTime:0.0021s ]
SQL: SELECT `time`,`new`,`all_user`,`survey`,`is_match` FROM `tb_home_count`  WHERE ( time >='2016-12-16' AND time <='2016-12-22' ) ORDER BY time ASC [ RunTime:0.0002s ]
INFO: [ view_parse ] --START--
INFO: [ template_filter ] --START--
INFO: Run Behavior\ContentReplaceBehavior [ RunTime:0.000179s ]
INFO: [ template_filter ] --END-- [ RunTime:0.000204s ]
INFO: Run Behavior\ParseTemplateBehavior [ RunTime:0.006083s ]
INFO: [ view_parse ] --END-- [ RunTime:0.006105s ]
INFO: [ view_filter ] --START--
INFO: Run Behavior\WriteHtmlCacheBehavior [ RunTime:0.000087s ]
INFO: [ view_filter ] --END-- [ RunTime:0.000100s ]
INFO: [ app_end ] --START--
INFO: Run Behavior\ShowPageTraceBehavior [ RunTime:0.000364s ]
INFO: [ app_end ] --END-- [ RunTime:0.000385s ]

[ 2016-12-23T16:47:24+08:00 ] ::1 /CESBack/index.php/Home/Home/home
INFO: [ app_init ] --START--
INFO: Run Behavior\BuildLiteBehavior [ RunTime:0.000008s ]
INFO: [ app_init ] --END-- [ RunTime:0.000209s ]
INFO: [ app_begin ] --START--
INFO: Run Behavior\ReadHtmlCacheBehavior [ RunTime:0.000229s ]
INFO: [ app_begin ] --END-- [ RunTime:0.000249s ]
NOTIC: [8] A session had already been started - ignoring session_start() /Users/lawrance/Data/CESBack/ThinkPHP/Common/functions.php 第 1263 行.
SQL: SHOW COLUMNS FROM `tb_home_count` [ RunTime:0.0022s ]
SQL: SELECT `time`,`new`,`all_user`,`survey`,`is_match` FROM `tb_home_count`  WHERE ( time >='2016-12-16' AND time <='2016-12-22' ) ORDER BY time ASC [ RunTime:0.0002s ]
INFO: [ view_parse ] --START--
INFO: [ template_filter ] --START--
INFO: Run Behavior\ContentReplaceBehavior [ RunTime:0.000184s ]
INFO: [ template_filter ] --END-- [ RunTime:0.000209s ]
INFO: Run Behavior\ParseTemplateBehavior [ RunTime:0.006017s ]
INFO: [ view_parse ] --END-- [ RunTime:0.006037s ]
INFO: [ view_filter ] --START--
INFO: Run Behavior\WriteHtmlCacheBehavior [ RunTime:0.000088s ]
INFO: [ view_filter ] --END-- [ RunTime:0.000101s ]
INFO: [ app_end ] --START--
INFO: Run Behavior\ShowPageTraceBehavior [ RunTime:0.000381s ]
INFO: [ app_end ] --END-- [ RunTime:0.000402s ]

[ 2016-12-23T16:48:17+08:00 ] ::1 /CESBack/index.php/Home/Home/home
INFO: [ app_init ] --START--
INFO: Run Behavior\BuildLiteBehavior [ RunTime:0.000006s ]
INFO: [ app_init ] --END-- [ RunTime:0.000174s ]
INFO: [ app_begin ] --START--
INFO: Run Behavior\ReadHtmlCacheBehavior [ RunTime:0.000213s ]
INFO: [ app_begin ] --END-- [ RunTime:0.000231s ]
NOTIC: [8] A session had already been started - ignoring session_start() /Users/lawrance/Data/CESBack/ThinkPHP/Common/functions.php 第 1263 行.
SQL: SHOW COLUMNS FROM `tb_home_count` [ RunTime:0.0020s ]
SQL: SELECT `time`,`new`,`all_user`,`survey`,`is_match` FROM `tb_home_count`  WHERE ( time >='2016-12-16' AND time <='2016-12-22' ) ORDER BY time ASC [ RunTime:0.0002s ]
INFO: [ view_parse ] --START--
INFO: [ template_filter ] --START--
INFO: Run Behavior\ContentReplaceBehavior [ RunTime:0.000172s ]
INFO: [ template_filter ] --END-- [ RunTime:0.000203s ]
INFO: Run Behavior\ParseTemplateBehavior [ RunTime:0.005503s ]
INFO: [ view_parse ] --END-- [ RunTime:0.005533s ]
INFO: [ view_filter ] --START--
INFO: Run Behavior\WriteHtmlCacheBehavior [ RunTime:0.000148s ]
INFO: [ view_filter ] --END-- [ RunTime:0.000165s ]
INFO: [ app_end ] --START--
INFO: Run Behavior\ShowPageTraceBehavior [ RunTime:0.000374s ]
INFO: [ app_end ] --END-- [ RunTime:0.000398s ]

[ 2016-12-23T16:48:35+08:00 ] ::1 /CESBack/index.php/Home/Home/home
INFO: [ app_init ] --START--
INFO: Run Behavior\BuildLiteBehavior [ RunTime:0.000006s ]
INFO: [ app_init ] --END-- [ RunTime:0.000166s ]
INFO: [ app_begin ] --START--
INFO: Run Behavior\ReadHtmlCacheBehavior [ RunTime:0.000208s ]
INFO: [ app_begin ] --END-- [ RunTime:0.000227s ]
NOTIC: [8] A session had already been started - ignoring session_start() /Users/lawrance/Data/CESBack/ThinkPHP/Common/functions.php 第 1263 行.
SQL: SHOW COLUMNS FROM `tb_home_count` [ RunTime:0.0010s ]
SQL: SELECT `time`,`new`,`all_user`,`survey`,`is_match` FROM `tb_home_count`  WHERE ( time >='2016-12-16' AND time <='2016-12-22' ) ORDER BY time ASC [ RunTime:0.0003s ]
INFO: [ view_parse ] --START--
INFO: [ template_filter ] --START--
INFO: Run Behavior\ContentReplaceBehavior [ RunTime:0.000206s ]
INFO: [ template_filter ] --END-- [ RunTime:0.000266s ]
INFO: Run Behavior\ParseTemplateBehavior [ RunTime:0.008667s ]
INFO: [ view_parse ] --END-- [ RunTime:0.008697s ]
INFO: [ view_filter ] --START--
INFO: Run Behavior\WriteHtmlCacheBehavior [ RunTime:0.000307s ]
INFO: [ view_filter ] --END-- [ RunTime:0.000343s ]
INFO: [ app_end ] --START--
INFO: Run Behavior\ShowPageTraceBehavior [ RunTime:0.000941s ]
INFO: [ app_end ] --END-- [ RunTime:0.001007s ]

[ 2016-12-23T16:49:12+08:00 ] ::1 /CESBack/index.php/Home/Home/home
INFO: [ app_init ] --START--
INFO: Run Behavior\BuildLiteBehavior [ RunTime:0.000005s ]
INFO: [ app_init ] --END-- [ RunTime:0.000171s ]
INFO: [ app_begin ] --START--
INFO: Run Behavior\ReadHtmlCacheBehavior [ RunTime:0.000209s ]
INFO: [ app_begin ] --END-- [ RunTime:0.000228s ]
NOTIC: [8] A session had already been started - ignoring session_start() /Users/lawrance/Data/CESBack/ThinkPHP/Common/functions.php 第 1263 行.
SQL: SHOW COLUMNS FROM `tb_home_count` [ RunTime:0.0018s ]
SQL: SELECT `time`,`new`,`all_user`,`survey`,`is_match` FROM `tb_home_count`  WHERE ( time >='2016-12-16' AND time <='2016-12-22' ) ORDER BY time ASC [ RunTime:0.0002s ]
INFO: [ view_parse ] --START--
INFO: [ template_filter ] --START--
INFO: Run Behavior\ContentReplaceBehavior [ RunTime:0.000150s ]
INFO: [ template_filter ] --END-- [ RunTime:0.000173s ]
INFO: Run Behavior\ParseTemplateBehavior [ RunTime:0.004663s ]
INFO: [ view_parse ] --END-- [ RunTime:0.004683s ]
INFO: [ view_filter ] --START--
INFO: Run Behavior\WriteHtmlCacheBehavior [ RunTime:0.000087s ]
INFO: [ view_filter ] --END-- [ RunTime:0.000100s ]
INFO: [ app_end ] --START--
INFO: Run Behavior\ShowPageTraceBehavior [ RunTime:0.000307s ]
INFO: [ app_end ] --END-- [ RunTime:0.000331s ]

[ 2016-12-23T16:50:42+08:00 ] ::1 /CESBack/index.php/Home/Home/home
INFO: [ app_init ] --START--
INFO: Run Behavior\BuildLiteBehavior [ RunTime:0.000006s ]
INFO: [ app_init ] --END-- [ RunTime:0.000159s ]
INFO: [ app_begin ] --START--
INFO: Run Behavior\ReadHtmlCacheBehavior [ RunTime:0.000198s ]
INFO: [ app_begin ] --END-- [ RunTime:0.000215s ]
NOTIC: [8] A session had already been started - ignoring session_start() /Users/lawrance/Data/CESBack/ThinkPHP/Common/functions.php 第 1263 行.
SQL: SHOW COLUMNS FROM `tb_home_count` [ RunTime:0.0027s ]
SQL: SELECT `time`,`new`,`all_user`,`survey`,`is_match` FROM `tb_home_count`  WHERE ( time >='2016-12-16' AND time <='2016-12-22' ) ORDER BY time ASC [ RunTime:0.0002s ]
INFO: [ view_parse ] --START--
INFO: [ template_filter ] --START--
INFO: Run Behavior\ContentReplaceBehavior [ RunTime:0.000167s ]
INFO: [ template_filter ] --END-- [ RunTime:0.000190s ]
INFO: Run Behavior\ParseTemplateBehavior [ RunTime:0.004985s ]
INFO: [ view_parse ] --END-- [ RunTime:0.005004s ]
INFO: [ view_filter ] --START--
INFO: Run Behavior\WriteHtmlCacheBehavior [ RunTime:0.000083s ]
INFO: [ view_filter ] --END-- [ RunTime:0.000096s ]
INFO: [ app_end ] --START--
INFO: Run Behavior\ShowPageTraceBehavior [ RunTime:0.000335s ]
INFO: [ app_end ] --END-- [ RunTime:0.000360s ]

[ 2016-12-23T16:51:54+08:00 ] ::1 /CESBack/index.php/Home/Home/home
INFO: [ app_init ] --START--
INFO: Run Behavior\BuildLiteBehavior [ RunTime:0.000009s ]
INFO: [ app_init ] --END-- [ RunTime:0.000236s ]
INFO: [ app_begin ] --START--
INFO: Run Behavior\ReadHtmlCacheBehavior [ RunTime:0.000436s ]
INFO: [ app_begin ] --END-- [ RunTime:0.000476s ]
NOTIC: [8] A session had already been started - ignoring session_start() /Users/lawrance/Data/CESBack/ThinkPHP/Common/functions.php 第 1263 行.
SQL: SHOW COLUMNS FROM `tb_home_count` [ RunTime:0.0017s ]
SQL: SELECT `time`,`new`,`all_user`,`survey`,`is_match` FROM `tb_home_count`  WHERE ( time >='2016-12-16' AND time <='2016-12-22' ) ORDER BY time ASC [ RunTime:0.0003s ]
INFO: [ view_parse ] --START--
INFO: [ template_filter ] --START--
INFO: Run Behavior\ContentReplaceBehavior [ RunTime:0.000182s ]
INFO: [ template_filter ] --END-- [ RunTime:0.000209s ]
INFO: Run Behavior\ParseTemplateBehavior [ RunTime:0.006814s ]
INFO: [ view_parse ] --END-- [ RunTime:0.006848s ]
INFO: [ view_filter ] --START--
INFO: Run Behavior\WriteHtmlCacheBehavior [ RunTime:0.000164s ]
INFO: [ view_filter ] --END-- [ RunTime:0.000182s ]
INFO: [ app_end ] --START--
INFO: Run Behavior\ShowPageTraceBehavior [ RunTime:0.000393s ]
INFO: [ app_end ] --END-- [ RunTime:0.000418s ]

[ 2016-12-23T16:52:51+08:00 ] ::1 /CESBack/index.php/Home/Home/home
INFO: [ app_init ] --START--
INFO: Run Behavior\BuildLiteBehavior [ RunTime:0.000008s ]
INFO: [ app_init ] --END-- [ RunTime:0.000383s ]
INFO: [ app_begin ] --START--
INFO: Run Behavior\ReadHtmlCacheBehavior [ RunTime:0.000440s ]
INFO: [ app_begin ] --END-- [ RunTime:0.000471s ]
NOTIC: [8] A session had already been started - ignoring session_start() /Users/lawrance/Data/CESBack/ThinkPHP/Common/functions.php 第 1263 行.
SQL: SHOW COLUMNS FROM `tb_home_count` [ RunTime:0.0011s ]
SQL: SELECT `time`,`new`,`all_user`,`survey`,`is_match` FROM `tb_home_count`  WHERE ( time >='2016-12-16' AND time <='2016-12-22' ) ORDER BY time ASC [ RunTime:0.0003s ]
INFO: [ view_parse ] --START--
INFO: [ template_filter ] --START--
INFO: Run Behavior\ContentReplaceBehavior [ RunTime:0.000161s ]
INFO: [ template_filter ] --END-- [ RunTime:0.000188s ]
INFO: Run Behavior\ParseTemplateBehavior [ RunTime:0.006357s ]
INFO: [ view_parse ] --END-- [ RunTime:0.006380s ]
INFO: [ view_filter ] --START--
INFO: Run Behavior\WriteHtmlCacheBehavior [ RunTime:0.000466s ]
INFO: [ view_filter ] --END-- [ RunTime:0.000513s ]
INFO: [ app_end ] --START--
INFO: Run Behavior\ShowPageTraceBehavior [ RunTime:0.000578s ]
INFO: [ app_end ] --END-- [ RunTime:0.000619s ]

[ 2016-12-23T16:53:02+08:00 ] ::1 /CESBack/index.php/Home/Home/home
INFO: [ app_init ] --START--
INFO: Run Behavior\BuildLiteBehavior [ RunTime:0.000009s ]
INFO: [ app_init ] --END-- [ RunTime:0.000241s ]
INFO: [ app_begin ] --START--
INFO: Run Behavior\ReadHtmlCacheBehavior [ RunTime:0.000258s ]
INFO: [ app_begin ] --END-- [ RunTime:0.000282s ]
NOTIC: [8] A session had already been started - ignoring session_start() /Users/lawrance/Data/CESBack/ThinkPHP/Common/functions.php 第 1263 行.
SQL: SHOW COLUMNS FROM `tb_home_count` [ RunTime:0.0020s ]
SQL: SELECT `time`,`new`,`all_user`,`survey`,`is_match` FROM `tb_home_count`  WHERE ( time >='2016-12-16' AND time <='2016-12-22' ) ORDER BY time ASC [ RunTime:0.0002s ]
INFO: [ view_parse ] --START--
INFO: [ template_filter ] --START--
INFO: Run Behavior\ContentReplaceBehavior [ RunTime:0.000193s ]
INFO: [ template_filter ] --END-- [ RunTime:0.000218s ]
INFO: Run Behavior\ParseTemplateBehavior [ RunTime:0.006612s ]
INFO: [ view_parse ] --END-- [ RunTime:0.006633s ]
INFO: [ view_filter ] --START--
INFO: Run Behavior\WriteHtmlCacheBehavior [ RunTime:0.000089s ]
INFO: [ view_filter ] --END-- [ RunTime:0.000102s ]
INFO: [ app_end ] --START--
INFO: Run Behavior\ShowPageTraceBehavior [ RunTime:0.000360s ]
INFO: [ app_end ] --END-- [ RunTime:0.000382s ]

[ 2016-12-23T16:53:25+08:00 ] ::1 /CESBack/index.php/Home/Home/home
INFO: [ app_init ] --START--
INFO: Run Behavior\BuildLiteBehavior [ RunTime:0.000023s ]
INFO: [ app_init ] --END-- [ RunTime:0.000448s ]
INFO: [ app_begin ] --START--
INFO: Run Behavior\ReadHtmlCacheBehavior [ RunTime:0.000502s ]
INFO: [ app_begin ] --END-- [ RunTime:0.000530s ]
NOTIC: [8] A session had already been started - ignoring session_start() /Users/lawrance/Data/CESBack/ThinkPHP/Common/functions.php 第 1263 行.
SQL: SHOW COLUMNS FROM `tb_home_count` [ RunTime:0.0010s ]
SQL: SELECT `time`,`new`,`all_user`,`survey`,`is_match` FROM `tb_home_count`  WHERE ( time >='2016-12-16' AND time <='2016-12-22' ) ORDER BY time ASC [ RunTime:0.0002s ]
INFO: [ view_parse ] --START--
INFO: [ template_filter ] --START--
INFO: Run Behavior\ContentReplaceBehavior [ RunTime:0.000183s ]
INFO: [ template_filter ] --END-- [ RunTime:0.000210s ]
INFO: Run Behavior\ParseTemplateBehavior [ RunTime:0.007997s ]
INFO: [ view_parse ] --END-- [ RunTime:0.008019s ]
INFO: [ view_filter ] --START--
INFO: Run Behavior\WriteHtmlCacheBehavior [ RunTime:0.000317s ]
INFO: [ view_filter ] --END-- [ RunTime:0.000339s ]
INFO: [ app_end ] --START--
INFO: Run Behavior\ShowPageTraceBehavior [ RunTime:0.000583s ]
INFO: [ app_end ] --END-- [ RunTime:0.000612s ]

[ 2016-12-23T16:54:31+08:00 ] ::1 /CESBack/index.php/Home/Home/home
INFO: [ app_init ] --START--
INFO: Run Behavior\BuildLiteBehavior [ RunTime:0.000008s ]
INFO: [ app_init ] --END-- [ RunTime:0.000213s ]
INFO: [ app_begin ] --START--
INFO: Run Behavior\ReadHtmlCacheBehavior [ RunTime:0.000230s ]
INFO: [ app_begin ] --END-- [ RunTime:0.000249s ]
NOTIC: [8] A session had already been started - ignoring session_start() /Users/lawrance/Data/CESBack/ThinkPHP/Common/functions.php 第 1263 行.
SQL: SHOW COLUMNS FROM `tb_home_count` [ RunTime:0.0019s ]
SQL: SELECT `time`,`new`,`all_user`,`survey`,`is_match` FROM `tb_home_count`  WHERE ( time >='2016-12-16' AND time <='2016-12-22' ) ORDER BY time ASC [ RunTime:0.0003s ]
INFO: [ view_parse ] --START--
INFO: [ template_filter ] --START--
INFO: Run Behavior\ContentReplaceBehavior [ RunTime:0.000183s ]
INFO: [ template_filter ] --END-- [ RunTime:0.000209s ]
INFO: Run Behavior\ParseTemplateBehavior [ RunTime:0.007020s ]
INFO: [ view_parse ] --END-- [ RunTime:0.007046s ]
INFO: [ view_filter ] --START--
INFO: Run Behavior\WriteHtmlCacheBehavior [ RunTime:0.000097s ]
INFO: [ view_filter ] --END-- [ RunTime:0.000109s ]
INFO: [ app_end ] --START--
INFO: Run Behavior\ShowPageTraceBehavior [ RunTime:0.000385s ]
INFO: [ app_end ] --END-- [ RunTime:0.000409s ]

[ 2016-12-23T16:55:36+08:00 ] ::1 /CESBack/index.php/Home/Home/home
INFO: [ app_init ] --START--
INFO: Run Behavior\BuildLiteBehavior [ RunTime:0.000005s ]
INFO: [ app_init ] --END-- [ RunTime:0.000168s ]
INFO: [ app_begin ] --START--
INFO: Run Behavior\ReadHtmlCacheBehavior [ RunTime:0.000217s ]
INFO: [ app_begin ] --END-- [ RunTime:0.000235s ]
NOTIC: [8] A session had already been started - ignoring session_start() /Users/lawrance/Data/CESBack/ThinkPHP/Common/functions.php 第 1263 行.
SQL: SHOW COLUMNS FROM `tb_home_count` [ RunTime:0.0021s ]
SQL: SELECT `time`,`new`,`all_user`,`survey`,`is_match` FROM `tb_home_count`  WHERE ( time >='2016-12-16' AND time <='2016-12-22' ) ORDER BY time ASC [ RunTime:0.0003s ]
INFO: [ view_parse ] --START--
INFO: [ template_filter ] --START--
INFO: Run Behavior\ContentReplaceBehavior [ RunTime:0.000185s ]
INFO: [ template_filter ] --END-- [ RunTime:0.000236s ]
INFO: Run Behavior\ParseTemplateBehavior [ RunTime:0.006671s ]
INFO: [ view_parse ] --END-- [ RunTime:0.006732s ]
INFO: [ view_filter ] --START--
INFO: Run Behavior\WriteHtmlCacheBehavior [ RunTime:0.000434s ]
INFO: [ view_filter ] --END-- [ RunTime:0.000488s ]
INFO: [ app_end ] --START--
INFO: Run Behavior\ShowPageTraceBehavior [ RunTime:0.000672s ]
INFO: [ app_end ] --END-- [ RunTime:0.000718s ]

[ 2016-12-23T16:56:35+08:00 ] ::1 /CESBack/index.php/Home/Home/home
INFO: [ app_init ] --START--
INFO: Run Behavior\BuildLiteBehavior [ RunTime:0.000009s ]
INFO: [ app_init ] --END-- [ RunTime:0.000213s ]
INFO: [ app_begin ] --START--
INFO: Run Behavior\ReadHtmlCacheBehavior [ RunTime:0.000229s ]
INFO: [ app_begin ] --END-- [ RunTime:0.000248s ]
NOTIC: [8] A session had already been started - ignoring session_start() /Users/lawrance/Data/CESBack/ThinkPHP/Common/functions.php 第 1263 行.
SQL: SHOW COLUMNS FROM `tb_home_count` [ RunTime:0.0010s ]
SQL: SELECT `time`,`new`,`all_user`,`survey`,`is_match` FROM `tb_home_count`  WHERE ( time >='2016-12-16' AND time <='2016-12-22' ) ORDER BY time ASC [ RunTime:0.0002s ]
INFO: [ view_parse ] --START--
INFO: [ template_filter ] --START--
INFO: Run Behavior\ContentReplaceBehavior [ RunTime:0.000195s ]
INFO: [ template_filter ] --END-- [ RunTime:0.000224s ]
INFO: Run Behavior\ParseTemplateBehavior [ RunTime:0.006687s ]
INFO: [ view_parse ] --END-- [ RunTime:0.006709s ]
INFO: [ view_filter ] --START--
INFO: Run Behavior\WriteHtmlCacheBehavior [ RunTime:0.000102s ]
INFO: [ view_filter ] --END-- [ RunTime:0.000115s ]
INFO: [ app_end ] --START--
INFO: Run Behavior\ShowPageTraceBehavior [ RunTime:0.000577s ]
INFO: [ app_end ] --END-- [ RunTime:0.000603s ]

[ 2016-12-23T17:01:42+08:00 ] ::1 /CESBack/index.php/Home/WeChat/setWeChatMenu
INFO: [ app_init ] --START--
INFO: Run Behavior\BuildLiteBehavior [ RunTime:0.000009s ]
INFO: [ app_init ] --END-- [ RunTime:0.000190s ]
INFO: [ app_begin ] --START--
INFO: Run Behavior\ReadHtmlCacheBehavior [ RunTime:0.000234s ]
INFO: [ app_begin ] --END-- [ RunTime:0.000255s ]
NOTIC: [8] A session had already been started - ignoring session_start() /Users/lawrance/Data/CESBack/ThinkPHP/Common/functions.php 第 1263 行.
INFO: [ view_parse ] --START--
INFO: [ template_filter ] --START--
INFO: Run Behavior\ContentReplaceBehavior [ RunTime:0.000391s ]
INFO: [ template_filter ] --END-- [ RunTime:0.000420s ]
INFO: Run Behavior\ParseTemplateBehavior [ RunTime:0.011930s ]
INFO: [ view_parse ] --END-- [ RunTime:0.011959s ]
INFO: [ view_filter ] --START--
INFO: Run Behavior\WriteHtmlCacheBehavior [ RunTime:0.000107s ]
INFO: [ view_filter ] --END-- [ RunTime:0.000121s ]
INFO: [ app_end ] --START--
INFO: Run Behavior\ShowPageTraceBehavior [ RunTime:0.000409s ]
INFO: [ app_end ] --END-- [ RunTime:0.000433s ]

[ 2016-12-23T17:01:44+08:00 ] ::1 /CESBack/index.php/Home/Home/home
INFO: [ app_init ] --START--
INFO: Run Behavior\BuildLiteBehavior [ RunTime:0.000006s ]
INFO: [ app_init ] --END-- [ RunTime:0.000162s ]
INFO: [ app_begin ] --START--
INFO: Run Behavior\ReadHtmlCacheBehavior [ RunTime:0.000202s ]
INFO: [ app_begin ] --END-- [ RunTime:0.000219s ]
NOTIC: [8] A session had already been started - ignoring session_start() /Users/lawrance/Data/CESBack/ThinkPHP/Common/functions.php 第 1263 行.
SQL: SHOW COLUMNS FROM `tb_home_count` [ RunTime:0.0026s ]
SQL: SELECT `time`,`new`,`all_user`,`survey`,`is_match` FROM `tb_home_count`  WHERE ( time >='2016-12-16' AND time <='2016-12-22' ) ORDER BY time ASC [ RunTime:0.0003s ]
INFO: [ view_parse ] --START--
INFO: [ template_filter ] --START--
INFO: Run Behavior\ContentReplaceBehavior [ RunTime:0.000156s ]
INFO: [ template_filter ] --END-- [ RunTime:0.000187s ]
INFO: Run Behavior\ParseTemplateBehavior [ RunTime:0.005667s ]
INFO: [ view_parse ] --END-- [ RunTime:0.005688s ]
INFO: [ view_filter ] --START--
INFO: Run Behavior\WriteHtmlCacheBehavior [ RunTime:0.000095s ]
INFO: [ view_filter ] --END-- [ RunTime:0.000109s ]
INFO: [ app_end ] --START--
INFO: Run Behavior\ShowPageTraceBehavior [ RunTime:0.000352s ]
INFO: [ app_end ] --END-- [ RunTime:0.000386s ]

[ 2016-12-23T17:14:11+08:00 ] ::1 /CESBack/index.php/Home/Home/home
INFO: [ app_init ] --START--
INFO: Run Behavior\BuildLiteBehavior [ RunTime:0.000012s ]
INFO: [ app_init ] --END-- [ RunTime:0.000476s ]
INFO: [ app_begin ] --START--
INFO: Run Behavior\ReadHtmlCacheBehavior [ RunTime:0.000453s ]
INFO: [ app_begin ] --END-- [ RunTime:0.000481s ]
NOTIC: [8] A session had already been started - ignoring session_start() /Users/lawrance/Data/CESBack/ThinkPHP/Common/functions.php 第 1263 行.
SQL: SHOW COLUMNS FROM `tb_home_count` [ RunTime:0.0013s ]
SQL: SELECT `time`,`new`,`all_user`,`survey`,`is_match` FROM `tb_home_count`  WHERE ( time >='2016-12-16' AND time <='2016-12-22' ) ORDER BY time ASC [ RunTime:0.0004s ]
INFO: [ view_parse ] --START--
INFO: [ template_filter ] --START--
INFO: Run Behavior\ContentReplaceBehavior [ RunTime:0.000183s ]
INFO: [ template_filter ] --END-- [ RunTime:0.000210s ]
INFO: Run Behavior\ParseTemplateBehavior [ RunTime:0.009263s ]
INFO: [ view_parse ] --END-- [ RunTime:0.009295s ]
INFO: [ view_filter ] --START--
INFO: Run Behavior\WriteHtmlCacheBehavior [ RunTime:0.000390s ]
INFO: [ view_filter ] --END-- [ RunTime:0.000415s ]
INFO: [ app_end ] --START--
INFO: Run Behavior\ShowPageTraceBehavior [ RunTime:0.000595s ]
INFO: [ app_end ] --END-- [ RunTime:0.000629s ]

[ 2016-12-23T17:17:45+08:00 ] ::1 /CESBack/index.php/Home/Home/home
INFO: [ app_init ] --START--
INFO: Run Behavior\BuildLiteBehavior [ RunTime:0.000008s ]
INFO: [ app_init ] --END-- [ RunTime:0.000215s ]
INFO: [ app_begin ] --START--
INFO: Run Behavior\ReadHtmlCacheBehavior [ RunTime:0.000228s ]
INFO: [ app_begin ] --END-- [ RunTime:0.000247s ]
NOTIC: [8] A session had already been started - ignoring session_start() /Users/lawrance/Data/CESBack/ThinkPHP/Common/functions.php 第 1263 行.
SQL: SHOW COLUMNS FROM `tb_home_count` [ RunTime:0.0020s ]
SQL: SELECT `time`,`new`,`all_user`,`survey`,`is_match` FROM `tb_home_count`  WHERE ( time >='2016-12-16' AND time <='2016-12-22' ) ORDER BY time ASC [ RunTime:0.0003s ]
INFO: [ view_parse ] --START--
INFO: [ template_filter ] --START--
INFO: Run Behavior\ContentReplaceBehavior [ RunTime:0.000229s ]
INFO: [ template_filter ] --END-- [ RunTime:0.000289s ]
INFO: Run Behavior\ParseTemplateBehavior [ RunTime:0.009016s ]
INFO: [ view_parse ] --END-- [ RunTime:0.009039s ]
INFO: [ view_filter ] --START--
INFO: Run Behavior\WriteHtmlCacheBehavior [ RunTime:0.000095s ]
INFO: [ view_filter ] --END-- [ RunTime:0.000109s ]
INFO: [ app_end ] --START--
INFO: Run Behavior\ShowPageTraceBehavior [ RunTime:0.000334s ]
INFO: [ app_end ] --END-- [ RunTime:0.000356s ]

[ 2016-12-23T17:18:56+08:00 ] ::1 /CESBack/index.php/Home/Home/home
INFO: [ app_init ] --START--
INFO: Run Behavior\BuildLiteBehavior [ RunTime:0.000009s ]
INFO: [ app_init ] --END-- [ RunTime:0.000223s ]
INFO: [ app_begin ] --START--
INFO: Run Behavior\ReadHtmlCacheBehavior [ RunTime:0.000242s ]
INFO: [ app_begin ] --END-- [ RunTime:0.000261s ]
NOTIC: [8] A session had already been started - ignoring session_start() /Users/lawrance/Data/CESBack/ThinkPHP/Common/functions.php 第 1263 行.
SQL: SHOW COLUMNS FROM `tb_home_count` [ RunTime:0.0026s ]
SQL: SELECT `time`,`new`,`all_user`,`survey`,`is_match` FROM `tb_home_count`  WHERE ( time >='2016-12-16' AND time <='2016-12-22' ) ORDER BY time ASC [ RunTime:0.0004s ]
INFO: [ view_parse ] --START--
INFO: [ template_filter ] --START--
INFO: Run Behavior\ContentReplaceBehavior [ RunTime:0.000191s ]
INFO: [ template_filter ] --END-- [ RunTime:0.000218s ]
INFO: Run Behavior\ParseTemplateBehavior [ RunTime:0.006339s ]
INFO: [ view_parse ] --END-- [ RunTime:0.006360s ]
INFO: [ view_filter ] --START--
INFO: Run Behavior\WriteHtmlCacheBehavior [ RunTime:0.000097s ]
INFO: [ view_filter ] --END-- [ RunTime:0.000111s ]
INFO: [ app_end ] --START--
INFO: Run Behavior\ShowPageTraceBehavior [ RunTime:0.000373s ]
INFO: [ app_end ] --END-- [ RunTime:0.000400s ]

[ 2016-12-23T17:20:02+08:00 ] ::1 /CESBack/index.php/Home/Home/home
INFO: [ app_init ] --START--
INFO: Run Behavior\BuildLiteBehavior [ RunTime:0.000005s ]
INFO: [ app_init ] --END-- [ RunTime:0.000169s ]
INFO: [ app_begin ] --START--
INFO: Run Behavior\ReadHtmlCacheBehavior [ RunTime:0.000219s ]
INFO: [ app_begin ] --END-- [ RunTime:0.000238s ]
NOTIC: [8] A session had already been started - ignoring session_start() /Users/lawrance/Data/CESBack/ThinkPHP/Common/functions.php 第 1263 行.
SQL: SHOW COLUMNS FROM `tb_home_count` [ RunTime:0.0025s ]
SQL: SELECT `time`,`new`,`all_user`,`survey`,`is_match` FROM `tb_home_count`  WHERE ( time >='2016-12-16' AND time <='2016-12-22' ) ORDER BY time ASC [ RunTime:0.0006s ]
INFO: [ view_parse ] --START--
INFO: [ template_filter ] --START--
INFO: Run Behavior\ContentReplaceBehavior [ RunTime:0.000147s ]
INFO: [ template_filter ] --END-- [ RunTime:0.000174s ]
INFO: Run Behavior\ParseTemplateBehavior [ RunTime:0.004964s ]
INFO: [ view_parse ] --END-- [ RunTime:0.004999s ]
INFO: [ view_filter ] --START--
INFO: Run Behavior\WriteHtmlCacheBehavior [ RunTime:0.000086s ]
INFO: [ view_filter ] --END-- [ RunTime:0.000100s ]
INFO: [ app_end ] --START--
INFO: Run Behavior\ShowPageTraceBehavior [ RunTime:0.000352s ]
INFO: [ app_end ] --END-- [ RunTime:0.000378s ]

[ 2016-12-23T17:20:56+08:00 ] ::1 /CESBack/index.php/Home/Home/home
INFO: [ app_init ] --START--
INFO: Run Behavior\BuildLiteBehavior [ RunTime:0.000008s ]
INFO: [ app_init ] --END-- [ RunTime:0.000215s ]
INFO: [ app_begin ] --START--
INFO: Run Behavior\ReadHtmlCacheBehavior [ RunTime:0.000224s ]
INFO: [ app_begin ] --END-- [ RunTime:0.000244s ]
NOTIC: [8] A session had already been started - ignoring session_start() /Users/lawrance/Data/CESBack/ThinkPHP/Common/functions.php 第 1263 行.
SQL: SHOW COLUMNS FROM `tb_home_count` [ RunTime:0.0019s ]
SQL: SELECT `time`,`new`,`all_user`,`survey`,`is_match` FROM `tb_home_count`  WHERE ( time >='2016-12-16' AND time <='2016-12-22' ) ORDER BY time ASC [ RunTime:0.0002s ]
INFO: [ view_parse ] --START--
INFO: [ template_filter ] --START--
INFO: Run Behavior\ContentReplaceBehavior [ RunTime:0.000178s ]
INFO: [ template_filter ] --END-- [ RunTime:0.000201s ]
INFO: Run Behavior\ParseTemplateBehavior [ RunTime:0.005970s ]
INFO: [ view_parse ] --END-- [ RunTime:0.005990s ]
INFO: [ view_filter ] --START--
INFO: Run Behavior\WriteHtmlCacheBehavior [ RunTime:0.000087s ]
INFO: [ view_filter ] --END-- [ RunTime:0.000098s ]
INFO: [ app_end ] --START--
INFO: Run Behavior\ShowPageTraceBehavior [ RunTime:0.000352s ]
INFO: [ app_end ] --END-- [ RunTime:0.000416s ]

[ 2016-12-23T17:21:41+08:00 ] ::1 /CESBack/index.php/Home/Home/home
INFO: [ app_init ] --START--
INFO: Run Behavior\BuildLiteBehavior [ RunTime:0.000005s ]
INFO: [ app_init ] --END-- [ RunTime:0.000157s ]
INFO: [ app_begin ] --START--
INFO: Run Behavior\ReadHtmlCacheBehavior [ RunTime:0.000199s ]
INFO: [ app_begin ] --END-- [ RunTime:0.000217s ]
NOTIC: [8] A session had already been started - ignoring session_start() /Users/lawrance/Data/CESBack/ThinkPHP/Common/functions.php 第 1263 行.
SQL: SHOW COLUMNS FROM `tb_home_count` [ RunTime:0.0023s ]
SQL: SELECT `time`,`new`,`all_user`,`survey`,`is_match` FROM `tb_home_count`  WHERE ( time >='2016-12-16' AND time <='2016-12-22' ) ORDER BY time ASC [ RunTime:0.0003s ]
INFO: [ view_parse ] --START--
INFO: [ template_filter ] --START--
INFO: Run Behavior\ContentReplaceBehavior [ RunTime:0.000162s ]
INFO: [ template_filter ] --END-- [ RunTime:0.000184s ]
INFO: Run Behavior\ParseTemplateBehavior [ RunTime:0.004850s ]
INFO: [ view_parse ] --END-- [ RunTime:0.004870s ]
INFO: [ view_filter ] --START--
INFO: Run Behavior\WriteHtmlCacheBehavior [ RunTime:0.000083s ]
INFO: [ view_filter ] --END-- [ RunTime:0.000095s ]
INFO: [ app_end ] --START--
INFO: Run Behavior\ShowPageTraceBehavior [ RunTime:0.000346s ]
INFO: [ app_end ] --END-- [ RunTime:0.000370s ]

[ 2016-12-23T17:23:39+08:00 ] ::1 /CESBack/index.php/Home/Home/home
INFO: [ app_init ] --START--
INFO: Run Behavior\BuildLiteBehavior [ RunTime:0.000006s ]
INFO: [ app_init ] --END-- [ RunTime:0.000192s ]
INFO: [ app_begin ] --START--
INFO: Run Behavior\ReadHtmlCacheBehavior [ RunTime:0.000222s ]
INFO: [ app_begin ] --END-- [ RunTime:0.000241s ]
NOTIC: [8] A session had already been started - ignoring session_start() /Users/lawrance/Data/CESBack/ThinkPHP/Common/functions.php 第 1263 行.
SQL: SHOW COLUMNS FROM `tb_home_count` [ RunTime:0.0022s ]
SQL: SELECT `time`,`new`,`all_user`,`survey`,`is_match` FROM `tb_home_count`  WHERE ( time >='2016-12-16' AND time <='2016-12-22' ) ORDER BY time ASC [ RunTime:0.0004s ]
INFO: [ view_parse ] --START--
INFO: [ template_filter ] --START--
INFO: Run Behavior\ContentReplaceBehavior [ RunTime:0.000161s ]
INFO: [ template_filter ] --END-- [ RunTime:0.000185s ]
INFO: Run Behavior\ParseTemplateBehavior [ RunTime:0.004974s ]
INFO: [ view_parse ] --END-- [ RunTime:0.004996s ]
INFO: [ view_filter ] --START--
INFO: Run Behavior\WriteHtmlCacheBehavior [ RunTime:0.000091s ]
INFO: [ view_filter ] --END-- [ RunTime:0.000105s ]
INFO: [ app_end ] --START--
INFO: Run Behavior\ShowPageTraceBehavior [ RunTime:0.000360s ]
INFO: [ app_end ] --END-- [ RunTime:0.000388s ]

[ 2016-12-23T17:24:07+08:00 ] ::1 /CESBack/index.php/Home/Home/home
INFO: [ app_init ] --START--
INFO: Run Behavior\BuildLiteBehavior [ RunTime:0.000010s ]
INFO: [ app_init ] --END-- [ RunTime:0.000235s ]
INFO: [ app_begin ] --START--
INFO: Run Behavior\ReadHtmlCacheBehavior [ RunTime:0.000259s ]
INFO: [ app_begin ] --END-- [ RunTime:0.000284s ]
NOTIC: [8] A session had already been started - ignoring session_start() /Users/lawrance/Data/CESBack/ThinkPHP/Common/functions.php 第 1263 行.
SQL: SHOW COLUMNS FROM `tb_home_count` [ RunTime:0.0029s ]
SQL: SELECT `time`,`new`,`all_user`,`survey`,`is_match` FROM `tb_home_count`  WHERE ( time >='2016-12-16' AND time <='2016-12-22' ) ORDER BY time ASC [ RunTime:0.0003s ]
INFO: [ view_parse ] --START--
INFO: [ template_filter ] --START--
INFO: Run Behavior\ContentReplaceBehavior [ RunTime:0.000177s ]
INFO: [ template_filter ] --END-- [ RunTime:0.000200s ]
INFO: Run Behavior\ParseTemplateBehavior [ RunTime:0.005789s ]
INFO: [ view_parse ] --END-- [ RunTime:0.005809s ]
INFO: [ view_filter ] --START--
INFO: Run Behavior\WriteHtmlCacheBehavior [ RunTime:0.000087s ]
INFO: [ view_filter ] --END-- [ RunTime:0.000099s ]
INFO: [ app_end ] --START--
INFO: Run Behavior\ShowPageTraceBehavior [ RunTime:0.000334s ]
INFO: [ app_end ] --END-- [ RunTime:0.000355s ]

[ 2016-12-23T17:24:18+08:00 ] ::1 /CESBack/index.php/Home/Home/home
INFO: [ app_init ] --START--
INFO: Run Behavior\BuildLiteBehavior [ RunTime:0.000006s ]
INFO: [ app_init ] --END-- [ RunTime:0.000177s ]
INFO: [ app_begin ] --START--
INFO: Run Behavior\ReadHtmlCacheBehavior [ RunTime:0.000214s ]
INFO: [ app_begin ] --END-- [ RunTime:0.000234s ]
NOTIC: [8] A session had already been started - ignoring session_start() /Users/lawrance/Data/CESBack/ThinkPHP/Common/functions.php 第 1263 行.
SQL: SHOW COLUMNS FROM `tb_home_count` [ RunTime:0.0022s ]
SQL: SELECT `time`,`new`,`all_user`,`survey`,`is_match` FROM `tb_home_count`  WHERE ( time >='2016-12-16' AND time <='2016-12-22' ) ORDER BY time ASC [ RunTime:0.0003s ]
INFO: [ view_parse ] --START--
INFO: [ template_filter ] --START--
INFO: Run Behavior\ContentReplaceBehavior [ RunTime:0.000161s ]
INFO: [ template_filter ] --END-- [ RunTime:0.000187s ]
INFO: Run Behavior\ParseTemplateBehavior [ RunTime:0.006080s ]
INFO: [ view_parse ] --END-- [ RunTime:0.006101s ]
INFO: [ view_filter ] --START--
INFO: Run Behavior\WriteHtmlCacheBehavior [ RunTime:0.000085s ]
INFO: [ view_filter ] --END-- [ RunTime:0.000098s ]
INFO: [ app_end ] --START--
INFO: Run Behavior\ShowPageTraceBehavior [ RunTime:0.000402s ]
INFO: [ app_end ] --END-- [ RunTime:0.000427s ]

[ 2016-12-23T17:24:28+08:00 ] ::1 /CESBack/index.php/Home/Home/home
INFO: [ app_init ] --START--
INFO: Run Behavior\BuildLiteBehavior [ RunTime:0.000007s ]
INFO: [ app_init ] --END-- [ RunTime:0.000204s ]
INFO: [ app_begin ] --START--
INFO: Run Behavior\ReadHtmlCacheBehavior [ RunTime:0.000549s ]
INFO: [ app_begin ] --END-- [ RunTime:0.000641s ]
NOTIC: [8] A session had already been started - ignoring session_start() /Users/lawrance/Data/CESBack/ThinkPHP/Common/functions.php 第 1263 行.
SQL: SHOW COLUMNS FROM `tb_home_count` [ RunTime:0.0017s ]
SQL: SELECT `time`,`new`,`all_user`,`survey`,`is_match` FROM `tb_home_count`  WHERE ( time >='2016-12-16' AND time <='2016-12-22' ) ORDER BY time ASC [ RunTime:0.0003s ]
INFO: [ view_parse ] --START--
INFO: [ template_filter ] --START--
INFO: Run Behavior\ContentReplaceBehavior [ RunTime:0.000258s ]
INFO: [ template_filter ] --END-- [ RunTime:0.000327s ]
INFO: Run Behavior\ParseTemplateBehavior [ RunTime:0.005651s ]
INFO: [ view_parse ] --END-- [ RunTime:0.005680s ]
INFO: [ view_filter ] --START--
INFO: Run Behavior\WriteHtmlCacheBehavior [ RunTime:0.000095s ]
INFO: [ view_filter ] --END-- [ RunTime:0.000108s ]
INFO: [ app_end ] --START--
INFO: Run Behavior\ShowPageTraceBehavior [ RunTime:0.000359s ]
INFO: [ app_end ] --END-- [ RunTime:0.000380s ]

[ 2016-12-23T17:24:38+08:00 ] ::1 /CESBack/index.php/Home/Home/home
INFO: [ app_init ] --START--
INFO: Run Behavior\BuildLiteBehavior [ RunTime:0.000006s ]
INFO: [ app_init ] --END-- [ RunTime:0.000206s ]
INFO: [ app_begin ] --START--
INFO: Run Behavior\ReadHtmlCacheBehavior [ RunTime:0.000288s ]
INFO: [ app_begin ] --END-- [ RunTime:0.000312s ]
NOTIC: [8] A session had already been started - ignoring session_start() /Users/lawrance/Data/CESBack/ThinkPHP/Common/functions.php 第 1263 行.
SQL: SHOW COLUMNS FROM `tb_home_count` [ RunTime:0.0019s ]
SQL: SELECT `time`,`new`,`all_user`,`survey`,`is_match` FROM `tb_home_count`  WHERE ( time >='2016-12-16' AND time <='2016-12-22' ) ORDER BY time ASC [ RunTime:0.0002s ]
INFO: [ view_parse ] --START--
INFO: [ template_filter ] --START--
INFO: Run Behavior\ContentReplaceBehavior [ RunTime:0.000171s ]
INFO: [ template_filter ] --END-- [ RunTime:0.000195s ]
INFO: Run Behavior\ParseTemplateBehavior [ RunTime:0.005698s ]
INFO: [ view_parse ] --END-- [ RunTime:0.005756s ]
INFO: [ view_filter ] --START--
INFO: Run Behavior\WriteHtmlCacheBehavior [ RunTime:0.000224s ]
INFO: [ view_filter ] --END-- [ RunTime:0.000250s ]
INFO: [ app_end ] --START--
INFO: Run Behavior\ShowPageTraceBehavior [ RunTime:0.000436s ]
INFO: [ app_end ] --END-- [ RunTime:0.000479s ]

[ 2016-12-23T17:24:47+08:00 ] ::1 /CESBack/index.php/Home/Home/home
INFO: [ app_init ] --START--
INFO: Run Behavior\BuildLiteBehavior [ RunTime:0.000005s ]
INFO: [ app_init ] --END-- [ RunTime:0.000157s ]
INFO: [ app_begin ] --START--
INFO: Run Behavior\ReadHtmlCacheBehavior [ RunTime:0.000197s ]
INFO: [ app_begin ] --END-- [ RunTime:0.000215s ]
NOTIC: [8] A session had already been started - ignoring session_start() /Users/lawrance/Data/CESBack/ThinkPHP/Common/functions.php 第 1263 行.
SQL: SHOW COLUMNS FROM `tb_home_count` [ RunTime:0.0023s ]
SQL: SELECT `time`,`new`,`all_user`,`survey`,`is_match` FROM `tb_home_count`  WHERE ( time >='2016-12-16' AND time <='2016-12-22' ) ORDER BY time ASC [ RunTime:0.0003s ]
INFO: [ view_parse ] --START--
INFO: [ template_filter ] --START--
INFO: Run Behavior\ContentReplaceBehavior [ RunTime:0.000171s ]
INFO: [ template_filter ] --END-- [ RunTime:0.000249s ]
INFO: Run Behavior\ParseTemplateBehavior [ RunTime:0.008779s ]
INFO: [ view_parse ] --END-- [ RunTime:0.008862s ]
INFO: [ view_filter ] --START--
INFO: Run Behavior\WriteHtmlCacheBehavior [ RunTime:0.000356s ]
INFO: [ view_filter ] --END-- [ RunTime:0.000393s ]
INFO: [ app_end ] --START--
INFO: Run Behavior\ShowPageTraceBehavior [ RunTime:0.000466s ]
INFO: [ app_end ] --END-- [ RunTime:0.000500s ]

[ 2016-12-23T17:25:03+08:00 ] ::1 /CESBack/index.php/Home/Home/home
INFO: [ app_init ] --START--
INFO: Run Behavior\BuildLiteBehavior [ RunTime:0.000009s ]
INFO: [ app_init ] --END-- [ RunTime:0.000281s ]
INFO: [ app_begin ] --START--
INFO: Run Behavior\ReadHtmlCacheBehavior [ RunTime:0.000410s ]
INFO: [ app_begin ] --END-- [ RunTime:0.000538s ]
NOTIC: [8] A session had already been started - ignoring session_start() /Users/lawrance/Data/CESBack/ThinkPHP/Common/functions.php 第 1263 行.
SQL: SHOW COLUMNS FROM `tb_home_count` [ RunTime:0.0019s ]
SQL: SELECT `time`,`new`,`all_user`,`survey`,`is_match` FROM `tb_home_count`  WHERE ( time >='2016-12-16' AND time <='2016-12-22' ) ORDER BY time ASC [ RunTime:0.0003s ]
INFO: [ view_parse ] --START--
INFO: [ template_filter ] --START--
INFO: Run Behavior\ContentReplaceBehavior [ RunTime:0.000161s ]
INFO: [ template_filter ] --END-- [ RunTime:0.000188s ]
INFO: Run Behavior\ParseTemplateBehavior [ RunTime:0.004950s ]
INFO: [ view_parse ] --END-- [ RunTime:0.004983s ]
INFO: [ view_filter ] --START--
INFO: Run Behavior\WriteHtmlCacheBehavior [ RunTime:0.000164s ]
INFO: [ view_filter ] --END-- [ RunTime:0.000188s ]
INFO: [ app_end ] --START--
INFO: Run Behavior\ShowPageTraceBehavior [ RunTime:0.000914s ]
INFO: [ app_end ] --END-- [ RunTime:0.000964s ]

[ 2016-12-23T17:26:11+08:00 ] ::1 /CESBack/index.php/Home/Home/home
INFO: [ app_init ] --START--
INFO: Run Behavior\BuildLiteBehavior [ RunTime:0.000010s ]
INFO: [ app_init ] --END-- [ RunTime:0.000250s ]
INFO: [ app_begin ] --START--
INFO: Run Behavior\ReadHtmlCacheBehavior [ RunTime:0.000231s ]
INFO: [ app_begin ] --END-- [ RunTime:0.000251s ]
NOTIC: [8] A session had already been started - ignoring session_start() /Users/lawrance/Data/CESBack/ThinkPHP/Common/functions.php 第 1263 行.
SQL: SHOW COLUMNS FROM `tb_home_count` [ RunTime:0.0020s ]
SQL: SELECT `time`,`new`,`all_user`,`survey`,`is_match` FROM `tb_home_count`  WHERE ( time >='2016-12-16' AND time <='2016-12-22' ) ORDER BY time ASC [ RunTime:0.0002s ]
INFO: [ view_parse ] --START--
INFO: [ template_filter ] --START--
INFO: Run Behavior\ContentReplaceBehavior [ RunTime:0.000235s ]
INFO: [ template_filter ] --END-- [ RunTime:0.000266s ]
INFO: Run Behavior\ParseTemplateBehavior [ RunTime:0.006374s ]
INFO: [ view_parse ] --END-- [ RunTime:0.006397s ]
INFO: [ view_filter ] --START--
INFO: Run Behavior\WriteHtmlCacheBehavior [ RunTime:0.000103s ]
INFO: [ view_filter ] --END-- [ RunTime:0.000118s ]
INFO: [ app_end ] --START--
INFO: Run Behavior\ShowPageTraceBehavior [ RunTime:0.000415s ]
INFO: [ app_end ] --END-- [ RunTime:0.000450s ]

[ 2016-12-23T17:26:21+08:00 ] ::1 /CESBack/index.php/Home/Home/home
INFO: [ app_init ] --START--
INFO: Run Behavior\BuildLiteBehavior [ RunTime:0.000005s ]
INFO: [ app_init ] --END-- [ RunTime:0.000165s ]
INFO: [ app_begin ] --START--
INFO: Run Behavior\ReadHtmlCacheBehavior [ RunTime:0.000208s ]
INFO: [ app_begin ] --END-- [ RunTime:0.000227s ]
NOTIC: [8] A session had already been started - ignoring session_start() /Users/lawrance/Data/CESBack/ThinkPHP/Common/functions.php 第 1263 行.
SQL: SHOW COLUMNS FROM `tb_home_count` [ RunTime:0.0013s ]
SQL: SELECT `time`,`new`,`all_user`,`survey`,`is_match` FROM `tb_home_count`  WHERE ( time >='2016-12-16' AND time <='2016-12-22' ) ORDER BY time ASC [ RunTime:0.0003s ]
INFO: [ view_parse ] --START--
INFO: [ template_filter ] --START--
INFO: Run Behavior\ContentReplaceBehavior [ RunTime:0.000161s ]
INFO: [ template_filter ] --END-- [ RunTime:0.000183s ]
INFO: Run Behavior\ParseTemplateBehavior [ RunTime:0.004831s ]
INFO: [ view_parse ] --END-- [ RunTime:0.004849s ]
INFO: [ view_filter ] --START--
INFO: Run Behavior\WriteHtmlCacheBehavior [ RunTime:0.000080s ]
INFO: [ view_filter ] --END-- [ RunTime:0.000093s ]
INFO: [ app_end ] --START--
INFO: Run Behavior\ShowPageTraceBehavior [ RunTime:0.000329s ]
INFO: [ app_end ] --END-- [ RunTime:0.000354s ]

