[ 2017-03-03T11:21:16+08:00 ] ::1 /CESBack/index.php/Home/Method/back
INFO: [ app_init ] --START--
INFO: Run Behavior\BuildLiteBehavior [ RunTime:0.000014s ]
INFO: [ app_init ] --END-- [ RunTime:0.000318s ]
INFO: [ app_begin ] --START--
INFO: Run Behavior\ReadHtmlCacheBehavior [ RunTime:0.000369s ]
INFO: [ app_begin ] --END-- [ RunTime:0.000406s ]
NOTIC: [8] A session had already been started - ignoring session_start() /Users/lawrance/Data/CESBack/ThinkPHP/Common/functions.php 第 1263 行.

[ 2017-03-03T11:21:16+08:00 ] ::1 /CESBack/index.php/Home/Index/index
INFO: [ app_init ] --START--
INFO: Run Behavior\BuildLiteBehavior [ RunTime:0.000006s ]
INFO: [ app_init ] --END-- [ RunTime:0.000156s ]
INFO: [ app_begin ] --START--
INFO: Run Behavior\ReadHtmlCacheBehavior [ RunTime:0.000196s ]
INFO: [ app_begin ] --END-- [ RunTime:0.000214s ]
NOTIC: [8] A session had already been started - ignoring session_start() /Users/lawrance/Data/CESBack/ThinkPHP/Common/functions.php 第 1263 行.
INFO: [ view_parse ] --START--
INFO: [ template_filter ] --START--
INFO: Run Behavior\ContentReplaceBehavior [ RunTime:0.000075s ]
INFO: [ template_filter ] --END-- [ RunTime:0.000118s ]
INFO: Run Behavior\ParseTemplateBehavior [ RunTime:0.004176s ]
INFO: [ view_parse ] --END-- [ RunTime:0.004211s ]
INFO: [ view_filter ] --START--
INFO: Run Behavior\WriteHtmlCacheBehavior [ RunTime:0.000146s ]
INFO: [ view_filter ] --END-- [ RunTime:0.000167s ]
INFO: [ app_end ] --START--
INFO: Run Behavior\ShowPageTraceBehavior [ RunTime:0.000274s ]
INFO: [ app_end ] --END-- [ RunTime:0.000292s ]

[ 2017-03-03T11:21:21+08:00 ] ::1 /CESBack/index.php/Home/Index/login
INFO: [ app_init ] --START--
INFO: Run Behavior\BuildLiteBehavior [ RunTime:0.000005s ]
INFO: [ app_init ] --END-- [ RunTime:0.000162s ]
INFO: [ app_begin ] --START--
INFO: Run Behavior\ReadHtmlCacheBehavior [ RunTime:0.000203s ]
INFO: [ app_begin ] --END-- [ RunTime:0.000221s ]
NOTIC: [8] A session had already been started - ignoring session_start() /Users/lawrance/Data/CESBack/ThinkPHP/Common/functions.php 第 1263 行.
SQL: SHOW COLUMNS FROM `tb_admin` [ RunTime:0.0018s ]
SQL: SELECT * FROM `tb_admin` WHERE `user` = 'admin' AND `password` = '21232f297a57a5a743894a0e4a801fc3'  [ RunTime:0.0002s ]
INFO: 登录信息：时间：2017-03-03 11:21:21am IP地址：::1

[ 2017-03-03T11:21:21+08:00 ] ::1 /CESBack/index.php/Home/Home/home
INFO: [ app_init ] --START--
INFO: Run Behavior\BuildLiteBehavior [ RunTime:0.000006s ]
INFO: [ app_init ] --END-- [ RunTime:0.000172s ]
INFO: [ app_begin ] --START--
INFO: Run Behavior\ReadHtmlCacheBehavior [ RunTime:0.000216s ]
INFO: [ app_begin ] --END-- [ RunTime:0.000238s ]
NOTIC: [8] A session had already been started - ignoring session_start() /Users/lawrance/Data/CESBack/ThinkPHP/Common/functions.php 第 1263 行.
SQL: SHOW COLUMNS FROM `tb_home_count` [ RunTime:0.0013s ]
SQL: SELECT `time`,`new`,`all_user`,`survey`,`is_match` FROM `tb_home_count`  WHERE ( time >='2016-12-16' AND time <='2016-12-22' ) ORDER BY time ASC [ RunTime:0.0004s ]
INFO: [ view_parse ] --START--
INFO: [ template_filter ] --START--
INFO: Run Behavior\ContentReplaceBehavior [ RunTime:0.000293s ]
INFO: [ template_filter ] --END-- [ RunTime:0.000424s ]
INFO: Run Behavior\ParseTemplateBehavior [ RunTime:0.009432s ]
INFO: [ view_parse ] --END-- [ RunTime:0.009479s ]
INFO: [ view_filter ] --START--
INFO: Run Behavior\WriteHtmlCacheBehavior [ RunTime:0.000205s ]
INFO: [ view_filter ] --END-- [ RunTime:0.000244s ]
INFO: [ app_end ] --START--
INFO: Run Behavior\ShowPageTraceBehavior [ RunTime:0.000612s ]
INFO: [ app_end ] --END-- [ RunTime:0.000660s ]

[ 2017-03-03T11:23:12+08:00 ] ::1 /CESBack/index.php/Home/Method/back
INFO: [ app_init ] --START--
INFO: Run Behavior\BuildLiteBehavior [ RunTime:0.000009s ]
INFO: [ app_init ] --END-- [ RunTime:0.000211s ]
INFO: [ app_begin ] --START--
INFO: Run Behavior\ReadHtmlCacheBehavior [ RunTime:0.000224s ]
INFO: [ app_begin ] --END-- [ RunTime:0.000245s ]
NOTIC: [8] A session had already been started - ignoring session_start() /Users/lawrance/Data/CESBack/ThinkPHP/Common/functions.php 第 1263 行.

[ 2017-03-03T11:23:12+08:00 ] ::1 /CESBack/index.php/Home/Index/index
INFO: [ app_init ] --START--
INFO: Run Behavior\BuildLiteBehavior [ RunTime:0.000009s ]
INFO: [ app_init ] --END-- [ RunTime:0.000221s ]
INFO: [ app_begin ] --START--
INFO: Run Behavior\ReadHtmlCacheBehavior [ RunTime:0.000278s ]
INFO: [ app_begin ] --END-- [ RunTime:0.000302s ]
NOTIC: [8] A session had already been started - ignoring session_start() /Users/lawrance/Data/CESBack/ThinkPHP/Common/functions.php 第 1263 行.
INFO: [ view_parse ] --START--
INFO: [ template_filter ] --START--
INFO: Run Behavior\ContentReplaceBehavior [ RunTime:0.000086s ]
INFO: [ template_filter ] --END-- [ RunTime:0.000140s ]
INFO: Run Behavior\ParseTemplateBehavior [ RunTime:0.005468s ]
INFO: [ view_parse ] --END-- [ RunTime:0.005565s ]
INFO: [ view_filter ] --START--
INFO: Run Behavior\WriteHtmlCacheBehavior [ RunTime:0.000331s ]
INFO: [ view_filter ] --END-- [ RunTime:0.000495s ]
INFO: [ app_end ] --START--
INFO: Run Behavior\ShowPageTraceBehavior [ RunTime:0.001265s ]
INFO: [ app_end ] --END-- [ RunTime:0.001312s ]

[ 2017-03-03T11:23:17+08:00 ] ::1 /CESBack/index.php/Home/Index/login
INFO: [ app_init ] --START--
INFO: Run Behavior\BuildLiteBehavior [ RunTime:0.000005s ]
INFO: [ app_init ] --END-- [ RunTime:0.000152s ]
INFO: [ app_begin ] --START--
INFO: Run Behavior\ReadHtmlCacheBehavior [ RunTime:0.000191s ]
INFO: [ app_begin ] --END-- [ RunTime:0.000209s ]
NOTIC: [8] A session had already been started - ignoring session_start() /Users/lawrance/Data/CESBack/ThinkPHP/Common/functions.php 第 1263 行.
SQL: SHOW COLUMNS FROM `tb_admin` [ RunTime:0.0019s ]
SQL: SELECT * FROM `tb_admin` WHERE `user` = 'admin' AND `password` = '21232f297a57a5a743894a0e4a801fc3'  [ RunTime:0.0002s ]
INFO: 登录信息：时间：2017-03-03 11:23:17am IP地址：::1

[ 2017-03-03T11:23:17+08:00 ] ::1 /CESBack/index.php/Home/Home/home
INFO: [ app_init ] --START--
INFO: Run Behavior\BuildLiteBehavior [ RunTime:0.000006s ]
INFO: [ app_init ] --END-- [ RunTime:0.000158s ]
INFO: [ app_begin ] --START--
INFO: Run Behavior\ReadHtmlCacheBehavior [ RunTime:0.000195s ]
INFO: [ app_begin ] --END-- [ RunTime:0.000212s ]
NOTIC: [8] A session had already been started - ignoring session_start() /Users/lawrance/Data/CESBack/ThinkPHP/Common/functions.php 第 1263 行.
SQL: SHOW COLUMNS FROM `tb_home_count` [ RunTime:0.0020s ]
SQL: SELECT `time`,`new`,`all_user`,`survey`,`is_match` FROM `tb_home_count`  WHERE ( time >='2016-12-16' AND time <='2016-12-22' ) ORDER BY time ASC [ RunTime:0.0007s ]
INFO: [ view_parse ] --START--
INFO: [ template_filter ] --START--
INFO: Run Behavior\ContentReplaceBehavior [ RunTime:0.000161s ]
INFO: [ template_filter ] --END-- [ RunTime:0.000184s ]
INFO: Run Behavior\ParseTemplateBehavior [ RunTime:0.005969s ]
INFO: [ view_parse ] --END-- [ RunTime:0.005995s ]
INFO: [ view_filter ] --START--
INFO: Run Behavior\WriteHtmlCacheBehavior [ RunTime:0.000080s ]
INFO: [ view_filter ] --END-- [ RunTime:0.000094s ]
INFO: [ app_end ] --START--
INFO: Run Behavior\ShowPageTraceBehavior [ RunTime:0.000317s ]
INFO: [ app_end ] --END-- [ RunTime:0.000338s ]

[ 2017-03-03T13:18:25+08:00 ] ::1 /CESBack/index.php/Home/UserManage/userManage
INFO: [ app_init ] --START--
INFO: Run Behavior\BuildLiteBehavior [ RunTime:0.000006s ]
INFO: [ app_init ] --END-- [ RunTime:0.000167s ]
INFO: [ app_begin ] --START--
INFO: Run Behavior\ReadHtmlCacheBehavior [ RunTime:0.000199s ]
INFO: [ app_begin ] --END-- [ RunTime:0.000218s ]
NOTIC: [8] A session had already been started - ignoring session_start() /Users/lawrance/Data/CESBack/ThinkPHP/Common/functions.php 第 1263 行.
INFO: [ view_parse ] --START--
INFO: [ template_filter ] --START--
INFO: Run Behavior\ContentReplaceBehavior [ RunTime:0.000236s ]
INFO: [ template_filter ] --END-- [ RunTime:0.000264s ]
INFO: Run Behavior\ParseTemplateBehavior [ RunTime:0.009086s ]
INFO: [ view_parse ] --END-- [ RunTime:0.009115s ]
INFO: [ view_filter ] --START--
INFO: Run Behavior\WriteHtmlCacheBehavior [ RunTime:0.000114s ]
INFO: [ view_filter ] --END-- [ RunTime:0.000128s ]
INFO: [ app_end ] --START--
INFO: Run Behavior\ShowPageTraceBehavior [ RunTime:0.000358s ]
INFO: [ app_end ] --END-- [ RunTime:0.000387s ]

[ 2017-03-03T13:18:25+08:00 ] ::1 /CESBack/index.php/Home/UserManage/getUser?limit=10&offset=0&_=1488518305754
INFO: [ app_init ] --START--
INFO: Run Behavior\BuildLiteBehavior [ RunTime:0.000012s ]
INFO: [ app_init ] --END-- [ RunTime:0.000381s ]
INFO: [ app_begin ] --START--
INFO: Run Behavior\ReadHtmlCacheBehavior [ RunTime:0.000567s ]
INFO: [ app_begin ] --END-- [ RunTime:0.000609s ]
NOTIC: [8] A session had already been started - ignoring session_start() /Users/lawrance/Data/CESBack/ThinkPHP/Common/functions.php 第 1263 行.
SQL: SHOW COLUMNS FROM `tb_user` [ RunTime:0.0013s ]
SQL: SELECT `stu_num`,`stu_name`,`stu_sex`,`stu_graclass`,`stu_pro`,`stu_class`,`stu_phone`,`stu_qq` FROM `tb_user`  [ RunTime:0.0103s ]

[ 2017-03-03T13:18:32+08:00 ] ::1 /CESBack/index.php/Home/UserManage/searchUser?pro=1&class=1&gra=2013&&limit=10&offset=0&_=1488518305755
INFO: [ app_init ] --START--
INFO: Run Behavior\BuildLiteBehavior [ RunTime:0.000014s ]
INFO: [ app_init ] --END-- [ RunTime:0.000351s ]
INFO: [ app_begin ] --START--
INFO: Run Behavior\ReadHtmlCacheBehavior [ RunTime:0.000253s ]
INFO: [ app_begin ] --END-- [ RunTime:0.000285s ]
NOTIC: [8] A session had already been started - ignoring session_start() /Users/lawrance/Data/CESBack/ThinkPHP/Common/functions.php 第 1263 行.
SQL: SELECT `stu_num`,`stu_name`,`stu_sex`,`stu_graclass`,`stu_pro`,`stu_class`,`stu_phone`,`stu_qq`,`is_match`,`openid` FROM tb_user  WHERE `stu_pro` = '1' AND `stu_class` = '1' AND `stu_graclass` = '2013' [ RunTime:0.0024s ]

[ 2017-03-03T15:51:57+08:00 ] ::1 /CESBack/index.php/Home/Home/home?n=admin&p=21232f297a57a5a743894a0e4a801fc
INFO: [ app_init ] --START--
INFO: Run Behavior\BuildLiteBehavior [ RunTime:0.000008s ]
INFO: [ app_init ] --END-- [ RunTime:0.000445s ]
INFO: [ app_begin ] --START--
INFO: Run Behavior\ReadHtmlCacheBehavior [ RunTime:0.000526s ]
INFO: [ app_begin ] --END-- [ RunTime:0.000555s ]
NOTIC: [8] A session had already been started - ignoring session_start() /Users/lawrance/Data/CESBack/ThinkPHP/Common/functions.php 第 1263 行.
SQL: SHOW COLUMNS FROM `tb_home_count` [ RunTime:0.0016s ]
SQL: SELECT `time`,`new`,`all_user`,`survey`,`is_match` FROM `tb_home_count`  WHERE ( time >='2016-12-16' AND time <='2016-12-22' ) ORDER BY time ASC [ RunTime:0.0002s ]
INFO: [ view_parse ] --START--
INFO: [ template_filter ] --START--
INFO: Run Behavior\ContentReplaceBehavior [ RunTime:0.000166s ]
INFO: [ template_filter ] --END-- [ RunTime:0.000191s ]
INFO: Run Behavior\ParseTemplateBehavior [ RunTime:0.009547s ]
INFO: [ view_parse ] --END-- [ RunTime:0.009575s ]
INFO: [ view_filter ] --START--
INFO: Run Behavior\WriteHtmlCacheBehavior [ RunTime:0.000306s ]
INFO: [ view_filter ] --END-- [ RunTime:0.000326s ]
INFO: [ app_end ] --START--
INFO: Run Behavior\ShowPageTraceBehavior [ RunTime:0.000561s ]
INFO: [ app_end ] --END-- [ RunTime:0.000586s ]

[ 2017-03-03T15:52:01+08:00 ] ::1 /CESBack/index.php/Home/UserManage/userManage
INFO: [ app_init ] --START--
INFO: Run Behavior\BuildLiteBehavior [ RunTime:0.000008s ]
INFO: [ app_init ] --END-- [ RunTime:0.000182s ]
INFO: [ app_begin ] --START--
INFO: Run Behavior\ReadHtmlCacheBehavior [ RunTime:0.000230s ]
INFO: [ app_begin ] --END-- [ RunTime:0.000253s ]
NOTIC: [8] A session had already been started - ignoring session_start() /Users/lawrance/Data/CESBack/ThinkPHP/Common/functions.php 第 1263 行.
INFO: [ view_parse ] --START--
INFO: [ template_filter ] --START--
INFO: Run Behavior\ContentReplaceBehavior [ RunTime:0.000221s ]
INFO: [ template_filter ] --END-- [ RunTime:0.000307s ]
INFO: Run Behavior\ParseTemplateBehavior [ RunTime:0.018862s ]
INFO: [ view_parse ] --END-- [ RunTime:0.018907s ]
INFO: [ view_filter ] --START--
INFO: Run Behavior\WriteHtmlCacheBehavior [ RunTime:0.000227s ]
INFO: [ view_filter ] --END-- [ RunTime:0.000259s ]
INFO: [ app_end ] --START--
INFO: Run Behavior\ShowPageTraceBehavior [ RunTime:0.000489s ]
INFO: [ app_end ] --END-- [ RunTime:0.000536s ]

[ 2017-03-03T15:52:02+08:00 ] ::1 /CESBack/index.php/Home/UserManage/getUser?limit=10&offset=0&_=1488527521667
INFO: [ app_init ] --START--
INFO: Run Behavior\BuildLiteBehavior [ RunTime:0.000008s ]
INFO: [ app_init ] --END-- [ RunTime:0.000202s ]
INFO: [ app_begin ] --START--
INFO: Run Behavior\ReadHtmlCacheBehavior [ RunTime:0.000223s ]
INFO: [ app_begin ] --END-- [ RunTime:0.000244s ]
NOTIC: [8] A session had already been started - ignoring session_start() /Users/lawrance/Data/CESBack/ThinkPHP/Common/functions.php 第 1263 行.
SQL: SHOW COLUMNS FROM `tb_user` [ RunTime:0.0019s ]
SQL: SELECT `stu_num`,`stu_name`,`stu_sex`,`stu_graclass`,`stu_pro`,`stu_class`,`stu_phone`,`stu_qq` FROM `tb_user`  [ RunTime:0.0099s ]

