[ 2017-02-27T14:52:33+08:00 ] ::1 /CESBack/index.php/Home/Home/home?n=admin&p=21232f297a57a5a743894a0e4a801fc
INFO: [ app_init ] --START--
INFO: Run Behavior\BuildLiteBehavior [ RunTime:0.000011s ]
INFO: [ app_init ] --END-- [ RunTime:0.000450s ]
INFO: [ app_begin ] --START--
INFO: Run Behavior\ReadHtmlCacheBehavior [ RunTime:0.000503s ]
INFO: [ app_begin ] --END-- [ RunTime:0.000529s ]
NOTIC: [8] A session had already been started - ignoring session_start() /Users/lawrance/Data/CESBack/ThinkPHP/Common/functions.php 第 1263 行.
NOTIC: [8] Undefined index: token /Users/lawrance/Data/CESBack/CESBack/Home/Controller/MethodController.class.php 第 48 行.
NOTIC: [8] Uninitialized string offset: 1 /Users/lawrance/Data/CESBack/CESBack/Home/Controller/MethodController.class.php 第 42 行.
NOTIC: [8] Undefined offset: 2 /Users/lawrance/Data/CESBack/CESBack/Home/Controller/MethodController.class.php 第 51 行.

[ 2017-02-27T14:52:33+08:00 ] ::1 /CESBack/index.php/Home/Index/index
INFO: [ app_init ] --START--
INFO: Run Behavior\BuildLiteBehavior [ RunTime:0.000005s ]
INFO: [ app_init ] --END-- [ RunTime:0.000151s ]
INFO: [ app_begin ] --START--
INFO: Run Behavior\ReadHtmlCacheBehavior [ RunTime:0.000192s ]
INFO: [ app_begin ] --END-- [ RunTime:0.000211s ]
NOTIC: [8] A session had already been started - ignoring session_start() /Users/lawrance/Data/CESBack/ThinkPHP/Common/functions.php 第 1263 行.
INFO: [ view_parse ] --START--
INFO: [ template_filter ] --START--
INFO: Run Behavior\ContentReplaceBehavior [ RunTime:0.000057s ]
INFO: [ template_filter ] --END-- [ RunTime:0.000086s ]
INFO: Run Behavior\ParseTemplateBehavior [ RunTime:0.006815s ]
INFO: [ view_parse ] --END-- [ RunTime:0.006853s ]
INFO: [ view_filter ] --START--
INFO: Run Behavior\WriteHtmlCacheBehavior [ RunTime:0.000337s ]
INFO: [ view_filter ] --END-- [ RunTime:0.000394s ]
INFO: [ app_end ] --START--
INFO: Run Behavior\ShowPageTraceBehavior [ RunTime:0.000550s ]
INFO: [ app_end ] --END-- [ RunTime:0.000571s ]

[ 2017-02-27T14:52:39+08:00 ] ::1 /CESBack/index.php/Home/Index/login
INFO: [ app_init ] --START--
INFO: Run Behavior\BuildLiteBehavior [ RunTime:0.000009s ]
INFO: [ app_init ] --END-- [ RunTime:0.000239s ]
INFO: [ app_begin ] --START--
INFO: Run Behavior\ReadHtmlCacheBehavior [ RunTime:0.000242s ]
INFO: [ app_begin ] --END-- [ RunTime:0.000264s ]
NOTIC: [8] A session had already been started - ignoring session_start() /Users/lawrance/Data/CESBack/ThinkPHP/Common/functions.php 第 1263 行.
SQL: SHOW COLUMNS FROM `tb_admin` [ RunTime:0.0059s ]
SQL: SELECT * FROM `tb_admin` WHERE `user` = 'admin' AND `password` = '21232f297a57a5a743894a0e4a801fc3'  [ RunTime:0.0013s ]

[ 2017-02-27T14:52:39+08:00 ] ::1 /CESBack/index.php/Home/Home/home
INFO: [ app_init ] --START--
INFO: Run Behavior\BuildLiteBehavior [ RunTime:0.000013s ]
INFO: [ app_init ] --END-- [ RunTime:0.000397s ]
INFO: [ app_begin ] --START--
INFO: Run Behavior\ReadHtmlCacheBehavior [ RunTime:0.000488s ]
INFO: [ app_begin ] --END-- [ RunTime:0.000542s ]
NOTIC: [8] A session had already been started - ignoring session_start() /Users/lawrance/Data/CESBack/ThinkPHP/Common/functions.php 第 1263 行.
SQL: SHOW COLUMNS FROM `tb_home_count` [ RunTime:0.0015s ]
SQL: SELECT `time`,`new`,`all_user`,`survey`,`is_match` FROM `tb_home_count`  WHERE ( time >='2016-12-16' AND time <='2016-12-22' ) ORDER BY time ASC [ RunTime:0.0008s ]
INFO: [ view_parse ] --START--
INFO: [ template_filter ] --START--
INFO: Run Behavior\ContentReplaceBehavior [ RunTime:0.000196s ]
INFO: [ template_filter ] --END-- [ RunTime:0.000239s ]
INFO: Run Behavior\ParseTemplateBehavior [ RunTime:0.015558s ]
INFO: [ view_parse ] --END-- [ RunTime:0.015601s ]
INFO: [ view_filter ] --START--
INFO: Run Behavior\WriteHtmlCacheBehavior [ RunTime:0.000152s ]
INFO: [ view_filter ] --END-- [ RunTime:0.000170s ]
INFO: [ app_end ] --START--
INFO: Run Behavior\ShowPageTraceBehavior [ RunTime:0.000360s ]
INFO: [ app_end ] --END-- [ RunTime:0.000383s ]

[ 2017-02-27T14:52:43+08:00 ] ::1 /CESBack/index.php/Home/DataManage/surveyCount
INFO: [ app_init ] --START--
INFO: Run Behavior\BuildLiteBehavior [ RunTime:0.000009s ]
INFO: [ app_init ] --END-- [ RunTime:0.000208s ]
INFO: [ app_begin ] --START--
INFO: Run Behavior\ReadHtmlCacheBehavior [ RunTime:0.000278s ]
INFO: [ app_begin ] --END-- [ RunTime:0.000307s ]
NOTIC: [8] A session had already been started - ignoring session_start() /Users/lawrance/Data/CESBack/ThinkPHP/Common/functions.php 第 1263 行.
SQL: SHOW COLUMNS FROM `tb_survey_group` [ RunTime:0.0026s ]
SQL: SELECT * FROM `tb_survey_group`  [ RunTime:0.0004s ]
INFO: [ view_parse ] --START--
INFO: [ template_filter ] --START--
INFO: Run Behavior\ContentReplaceBehavior [ RunTime:0.000306s ]
INFO: [ template_filter ] --END-- [ RunTime:0.000363s ]
INFO: Run Behavior\ParseTemplateBehavior [ RunTime:0.011616s ]
INFO: [ view_parse ] --END-- [ RunTime:0.011673s ]
INFO: [ view_filter ] --START--
INFO: Run Behavior\WriteHtmlCacheBehavior [ RunTime:0.000222s ]
INFO: [ view_filter ] --END-- [ RunTime:0.000248s ]
INFO: [ app_end ] --START--
INFO: Run Behavior\ShowPageTraceBehavior [ RunTime:0.000595s ]
INFO: [ app_end ] --END-- [ RunTime:0.000644s ]

[ 2017-02-27T14:52:43+08:00 ] ::1 /CESBack/index.php/Home/Method/getSurvey?sort=group_name&order=asc&offset=0&limit=10&_=1488178363128
INFO: [ app_init ] --START--
INFO: Run Behavior\BuildLiteBehavior [ RunTime:0.000013s ]
INFO: [ app_init ] --END-- [ RunTime:0.000268s ]
INFO: [ app_begin ] --START--
INFO: Run Behavior\ReadHtmlCacheBehavior [ RunTime:0.000286s ]
INFO: [ app_begin ] --END-- [ RunTime:0.000322s ]
NOTIC: [8] A session had already been started - ignoring session_start() /Users/lawrance/Data/CESBack/ThinkPHP/Common/functions.php 第 1263 行.
SQL: SHOW COLUMNS FROM `tb_survey` [ RunTime:0.0027s ]
SQL: SHOW COLUMNS FROM `tb_survey_group` [ RunTime:0.0015s ]
SQL: SELECT g.group_name,`name`,`survey_id`,`level`,`owner` FROM tb_survey AS s, `tb_survey_group` AS g  WHERE ( g.group_id=s.survey_group )  [ RunTime:0.0005s ]

[ 2017-02-27T14:52:47+08:00 ] ::1 /CESBack/index.php/Home/DataManage/getSurveyImageCount?s_i=1480946991
INFO: [ app_init ] --START--
INFO: Run Behavior\BuildLiteBehavior [ RunTime:0.000005s ]
INFO: [ app_init ] --END-- [ RunTime:0.000162s ]
INFO: [ app_begin ] --START--
INFO: Run Behavior\ReadHtmlCacheBehavior [ RunTime:0.000205s ]
INFO: [ app_begin ] --END-- [ RunTime:0.000224s ]
NOTIC: [8] A session had already been started - ignoring session_start() /Users/lawrance/Data/CESBack/ThinkPHP/Common/functions.php 第 1263 行.
SQL: SHOW COLUMNS FROM `tb_survey` [ RunTime:0.0020s ]
SQL: SELECT * FROM `tb_survey` WHERE `survey_id` = '1480946991'  [ RunTime:0.0006s ]
SQL: SHOW COLUMNS FROM `tb_survey_question` [ RunTime:0.0054s ]
SQL: SELECT * FROM `tb_survey_question` WHERE ( question_id IN (1480946845,1480946878,1480946890,1480946902,1480946919,1480946929,1480946952,1480946964,1480946977,1480946985) )  [ RunTime:0.0003s ]
SQL: SHOW COLUMNS FROM `tb_survey_answer` [ RunTime:0.0058s ]
SQL: SELECT `content`,COUNT(*) AS total FROM `tb_survey_answer`  WHERE `survey_id` = '1480946991' AND `question_id` = '1480946845' AND ( type=1 OR type=2 ) GROUP BY content ORDER BY content [ RunTime:0.0014s ]
SQL: SHOW COLUMNS FROM `tb_survey_answer` [ RunTime:0.0045s ]
SQL: SELECT COUNT(*) AS total FROM `tb_survey_answer`  WHERE `survey_id` = '1480946991' AND `question_id` = '1480946845' AND ( type=1 OR type=2 ) GROUP BY question_id [ RunTime:0.0004s ]
SQL: SHOW COLUMNS FROM `tb_survey_answer` [ RunTime:0.0042s ]
SQL: SELECT `content`,COUNT(*) AS total FROM `tb_survey_answer`  WHERE `survey_id` = '1480946991' AND `question_id` = '1480946878' AND ( type=1 OR type=2 ) GROUP BY content ORDER BY content [ RunTime:0.0003s ]
SQL: SHOW COLUMNS FROM `tb_survey_answer` [ RunTime:0.0009s ]
SQL: SELECT COUNT(*) AS total FROM `tb_survey_answer`  WHERE `survey_id` = '1480946991' AND `question_id` = '1480946878' AND ( type=1 OR type=2 ) GROUP BY question_id [ RunTime:0.0002s ]
SQL: SHOW COLUMNS FROM `tb_survey_answer` [ RunTime:0.0041s ]
SQL: SELECT `content`,COUNT(*) AS total FROM `tb_survey_answer`  WHERE `survey_id` = '1480946991' AND `question_id` = '1480946890' AND ( type=1 OR type=2 ) GROUP BY content ORDER BY content [ RunTime:0.0003s ]
SQL: SHOW COLUMNS FROM `tb_survey_answer` [ RunTime:0.0044s ]
SQL: SELECT COUNT(*) AS total FROM `tb_survey_answer`  WHERE `survey_id` = '1480946991' AND `question_id` = '1480946890' AND ( type=1 OR type=2 ) GROUP BY question_id [ RunTime:0.0003s ]
NOTIC: [8] Undefined offset: 2 /Users/lawrance/Data/CESBack/CESBack/Home/Controller/DataManageController.class.php 第 306 行.
NOTIC: [8] Undefined offset: 2 /Users/lawrance/Data/CESBack/CESBack/Home/Controller/DataManageController.class.php 第 306 行.
NOTIC: [8] Undefined offset: 2 /Users/lawrance/Data/CESBack/CESBack/Home/Controller/DataManageController.class.php 第 306 行.
NOTIC: [8] Undefined offset: 3 /Users/lawrance/Data/CESBack/CESBack/Home/Controller/DataManageController.class.php 第 306 行.
NOTIC: [8] Undefined offset: 3 /Users/lawrance/Data/CESBack/CESBack/Home/Controller/DataManageController.class.php 第 306 行.
SQL: SHOW COLUMNS FROM `tb_survey_answer` [ RunTime:0.0051s ]
SQL: SELECT `content`,COUNT(*) AS total FROM `tb_survey_answer`  WHERE `survey_id` = '1480946991' AND `question_id` = '1480946902' AND ( type=1 OR type=2 ) GROUP BY content ORDER BY content [ RunTime:0.0005s ]
SQL: SHOW COLUMNS FROM `tb_survey_answer` [ RunTime:0.0050s ]
SQL: SELECT COUNT(*) AS total FROM `tb_survey_answer`  WHERE `survey_id` = '1480946991' AND `question_id` = '1480946902' AND ( type=1 OR type=2 ) GROUP BY question_id [ RunTime:0.0003s ]
SQL: SHOW COLUMNS FROM `tb_survey_answer` [ RunTime:0.0048s ]
SQL: SELECT `content`,COUNT(*) AS total FROM `tb_survey_answer`  WHERE `survey_id` = '1480946991' AND `question_id` = '1480946919' AND ( type=1 OR type=2 ) GROUP BY content ORDER BY content [ RunTime:0.0004s ]
SQL: SHOW COLUMNS FROM `tb_survey_answer` [ RunTime:0.0045s ]
SQL: SELECT COUNT(*) AS total FROM `tb_survey_answer`  WHERE `survey_id` = '1480946991' AND `question_id` = '1480946919' AND ( type=1 OR type=2 ) GROUP BY question_id [ RunTime:0.0002s ]
SQL: SHOW COLUMNS FROM `tb_survey_answer` [ RunTime:0.0043s ]
SQL: SELECT `content`,COUNT(*) AS total FROM `tb_survey_answer`  WHERE `survey_id` = '1480946991' AND `question_id` = '1480946929' AND ( type=1 OR type=2 ) GROUP BY content ORDER BY content [ RunTime:0.0004s ]
SQL: SHOW COLUMNS FROM `tb_survey_answer` [ RunTime:0.0041s ]
SQL: SELECT COUNT(*) AS total FROM `tb_survey_answer`  WHERE `survey_id` = '1480946991' AND `question_id` = '1480946929' AND ( type=1 OR type=2 ) GROUP BY question_id [ RunTime:0.0002s ]
SQL: SHOW COLUMNS FROM `tb_survey_answer` [ RunTime:0.0044s ]
SQL: SELECT `content`,COUNT(*) AS total FROM `tb_survey_answer`  WHERE `survey_id` = '1480946991' AND `question_id` = '1480946952' AND ( type=1 OR type=2 ) GROUP BY content ORDER BY content [ RunTime:0.0003s ]
SQL: SHOW COLUMNS FROM `tb_survey_answer` [ RunTime:0.0040s ]
SQL: SELECT COUNT(*) AS total FROM `tb_survey_answer`  WHERE `survey_id` = '1480946991' AND `question_id` = '1480946952' AND ( type=1 OR type=2 ) GROUP BY question_id [ RunTime:0.0002s ]
SQL: SHOW COLUMNS FROM `tb_survey_answer` [ RunTime:0.0043s ]
SQL: SELECT `content`,COUNT(*) AS total FROM `tb_survey_answer`  WHERE `survey_id` = '1480946991' AND `question_id` = '1480946964' AND ( type=1 OR type=2 ) GROUP BY content ORDER BY content [ RunTime:0.0003s ]
SQL: SHOW COLUMNS FROM `tb_survey_answer` [ RunTime:0.0044s ]
SQL: SELECT COUNT(*) AS total FROM `tb_survey_answer`  WHERE `survey_id` = '1480946991' AND `question_id` = '1480946964' AND ( type=1 OR type=2 ) GROUP BY question_id [ RunTime:0.0003s ]
NOTIC: [8] Undefined offset: 2 /Users/lawrance/Data/CESBack/CESBack/Home/Controller/DataManageController.class.php 第 306 行.
SQL: SHOW COLUMNS FROM `tb_survey_answer` [ RunTime:0.0043s ]
SQL: SELECT `content`,COUNT(*) AS total FROM `tb_survey_answer`  WHERE `survey_id` = '1480946991' AND `question_id` = '1480946977' AND ( type=1 OR type=2 ) GROUP BY content ORDER BY content [ RunTime:0.0003s ]
SQL: SHOW COLUMNS FROM `tb_survey_answer` [ RunTime:0.0041s ]
SQL: SELECT COUNT(*) AS total FROM `tb_survey_answer`  WHERE `survey_id` = '1480946991' AND `question_id` = '1480946977' AND ( type=1 OR type=2 ) GROUP BY question_id [ RunTime:0.0002s ]
SQL: SHOW COLUMNS FROM `tb_survey_answer` [ RunTime:0.0041s ]
SQL: SELECT `content`,COUNT(*) AS total FROM `tb_survey_answer`  WHERE `survey_id` = '1480946991' AND `question_id` = '1480946985' AND ( type=1 OR type=2 ) GROUP BY content ORDER BY content [ RunTime:0.0003s ]
SQL: SHOW COLUMNS FROM `tb_survey_answer` [ RunTime:0.0045s ]
SQL: SELECT COUNT(*) AS total FROM `tb_survey_answer`  WHERE `survey_id` = '1480946991' AND `question_id` = '1480946985' AND ( type=1 OR type=2 ) GROUP BY question_id [ RunTime:0.0003s ]
SQL: SHOW COLUMNS FROM `tb_survey_answer` [ RunTime:0.0040s ]
SQL: SELECT `question_id`,`content` FROM `tb_survey_answer`  WHERE `survey_id` = '1480946991' AND `type` = '3' ORDER BY question_id [ RunTime:0.0003s ]
NOTIC: [8] Undefined index: type /Users/lawrance/Data/CESBack/CESBack/Home/Controller/DataManageController.class.php 第 374 行.
NOTIC: [8] Undefined index: type /Users/lawrance/Data/CESBack/CESBack/Home/Controller/DataManageController.class.php 第 374 行.
NOTIC: [8] Undefined index: name /Users/lawrance/Data/CESBack/CESBack/Home/Controller/DataManageController.class.php 第 373 行.
NOTIC: [8] Undefined index: type /Users/lawrance/Data/CESBack/CESBack/Home/Controller/DataManageController.class.php 第 374 行.
NOTIC: [8] Undefined index: type /Users/lawrance/Data/CESBack/CESBack/Home/Controller/DataManageController.class.php 第 374 行.
NOTIC: [8] Only variables should be assigned by reference /Users/lawrance/Data/CESBack/CESBack/Home/Common/function.php 第 34 行.
INFO: [ view_parse ] --START--
INFO: [ template_filter ] --START--
INFO: Run Behavior\ContentReplaceBehavior [ RunTime:0.000147s ]
INFO: [ template_filter ] --END-- [ RunTime:0.000176s ]
INFO: Run Behavior\ParseTemplateBehavior [ RunTime:0.008059s ]
INFO: [ view_parse ] --END-- [ RunTime:0.008096s ]
INFO: [ view_filter ] --START--
INFO: Run Behavior\WriteHtmlCacheBehavior [ RunTime:0.000158s ]
INFO: [ view_filter ] --END-- [ RunTime:0.000173s ]
INFO: [ app_end ] --START--
INFO: Run Behavior\ShowPageTraceBehavior [ RunTime:0.000341s ]
INFO: [ app_end ] --END-- [ RunTime:0.000365s ]

[ 2017-02-27T14:52:54+08:00 ] ::1 /CESBack/index.php/Home/Method/getSurvey?sort=group_name&order=asc&offset=0&limit=10&_=1488178374659
INFO: [ app_init ] --START--
INFO: Run Behavior\BuildLiteBehavior [ RunTime:0.000009s ]
INFO: [ app_init ] --END-- [ RunTime:0.000220s ]
INFO: [ app_begin ] --START--
INFO: Run Behavior\ReadHtmlCacheBehavior [ RunTime:0.000222s ]
INFO: [ app_begin ] --END-- [ RunTime:0.000241s ]
NOTIC: [8] A session had already been started - ignoring session_start() /Users/lawrance/Data/CESBack/ThinkPHP/Common/functions.php 第 1263 行.
SQL: SHOW COLUMNS FROM `tb_survey` [ RunTime:0.0026s ]
SQL: SHOW COLUMNS FROM `tb_survey_group` [ RunTime:0.0016s ]
SQL: SELECT g.group_name,`name`,`survey_id`,`level`,`owner` FROM tb_survey AS s, `tb_survey_group` AS g  WHERE ( g.group_id=s.survey_group )  [ RunTime:0.0009s ]

[ 2017-02-27T14:55:31+08:00 ] ::1 /CESBack/index.php/Home/DataManage/surveyCount
INFO: [ app_init ] --START--
INFO: Run Behavior\BuildLiteBehavior [ RunTime:0.000009s ]
INFO: [ app_init ] --END-- [ RunTime:0.000222s ]
INFO: [ app_begin ] --START--
INFO: Run Behavior\ReadHtmlCacheBehavior [ RunTime:0.000218s ]
INFO: [ app_begin ] --END-- [ RunTime:0.000237s ]
NOTIC: [8] A session had already been started - ignoring session_start() /Users/lawrance/Data/CESBack/ThinkPHP/Common/functions.php 第 1263 行.
SQL: SHOW COLUMNS FROM `tb_survey_group` [ RunTime:0.0020s ]
SQL: SELECT * FROM `tb_survey_group`  [ RunTime:0.0001s ]
INFO: [ view_parse ] --START--
INFO: [ template_filter ] --START--
INFO: Run Behavior\ContentReplaceBehavior [ RunTime:0.000194s ]
INFO: [ template_filter ] --END-- [ RunTime:0.000222s ]
INFO: Run Behavior\ParseTemplateBehavior [ RunTime:0.006793s ]
INFO: [ view_parse ] --END-- [ RunTime:0.006816s ]
INFO: [ view_filter ] --START--
INFO: Run Behavior\WriteHtmlCacheBehavior [ RunTime:0.000103s ]
INFO: [ view_filter ] --END-- [ RunTime:0.000117s ]
INFO: [ app_end ] --START--
INFO: Run Behavior\ShowPageTraceBehavior [ RunTime:0.000352s ]
INFO: [ app_end ] --END-- [ RunTime:0.000375s ]

[ 2017-02-27T14:55:31+08:00 ] ::1 /CESBack/index.php/Home/Method/getSurvey?sort=group_name&order=asc&offset=0&limit=10&_=1488178531326
INFO: [ app_init ] --START--
INFO: Run Behavior\BuildLiteBehavior [ RunTime:0.000019s ]
INFO: [ app_init ] --END-- [ RunTime:0.000418s ]
INFO: [ app_begin ] --START--
INFO: Run Behavior\ReadHtmlCacheBehavior [ RunTime:0.000633s ]
INFO: [ app_begin ] --END-- [ RunTime:0.000694s ]
NOTIC: [8] A session had already been started - ignoring session_start() /Users/lawrance/Data/CESBack/ThinkPHP/Common/functions.php 第 1263 行.
SQL: SHOW COLUMNS FROM `tb_survey` [ RunTime:0.0023s ]
SQL: SHOW COLUMNS FROM `tb_survey_group` [ RunTime:0.0018s ]
SQL: SELECT g.group_name,`name`,`survey_id`,`level`,`owner` FROM tb_survey AS s, `tb_survey_group` AS g  WHERE ( g.group_id=s.survey_group )  [ RunTime:0.0006s ]

[ 2017-02-27T14:55:40+08:00 ] ::1 /CESBack/index.php/Home/DataManage/getSurveyImageCount?s_i=1480946991
INFO: [ app_init ] --START--
INFO: Run Behavior\BuildLiteBehavior [ RunTime:0.000006s ]
INFO: [ app_init ] --END-- [ RunTime:0.000192s ]
INFO: [ app_begin ] --START--
INFO: Run Behavior\ReadHtmlCacheBehavior [ RunTime:0.000282s ]
INFO: [ app_begin ] --END-- [ RunTime:0.000304s ]
NOTIC: [8] A session had already been started - ignoring session_start() /Users/lawrance/Data/CESBack/ThinkPHP/Common/functions.php 第 1263 行.
SQL: SHOW COLUMNS FROM `tb_survey` [ RunTime:0.0026s ]
SQL: SELECT * FROM `tb_survey` WHERE `survey_id` = '1480946991'  [ RunTime:0.0007s ]
SQL: SHOW COLUMNS FROM `tb_survey_question` [ RunTime:0.0027s ]
SQL: SELECT * FROM `tb_survey_question` WHERE ( question_id IN (1480946845,1480946878,1480946890,1480946902,1480946919,1480946929,1480946952,1480946964,1480946977,1480946985) )  [ RunTime:0.0003s ]
SQL: SHOW COLUMNS FROM `tb_survey_answer` [ RunTime:0.0011s ]
SQL: SELECT `content`,COUNT(*) AS total FROM `tb_survey_answer`  WHERE `survey_id` = '1480946991' AND `question_id` = '1480946845' AND ( type=1 OR type=2 ) GROUP BY content ORDER BY content [ RunTime:0.0004s ]
SQL: SHOW COLUMNS FROM `tb_survey_answer` [ RunTime:0.0009s ]
SQL: SELECT COUNT(*) AS total FROM `tb_survey_answer`  WHERE `survey_id` = '1480946991' AND `question_id` = '1480946845' AND ( type=1 OR type=2 ) GROUP BY question_id [ RunTime:0.0002s ]
SQL: SHOW COLUMNS FROM `tb_survey_answer` [ RunTime:0.0010s ]
SQL: SELECT `content`,COUNT(*) AS total FROM `tb_survey_answer`  WHERE `survey_id` = '1480946991' AND `question_id` = '1480946878' AND ( type=1 OR type=2 ) GROUP BY content ORDER BY content [ RunTime:0.0003s ]
SQL: SHOW COLUMNS FROM `tb_survey_answer` [ RunTime:0.0008s ]
SQL: SELECT COUNT(*) AS total FROM `tb_survey_answer`  WHERE `survey_id` = '1480946991' AND `question_id` = '1480946878' AND ( type=1 OR type=2 ) GROUP BY question_id [ RunTime:0.0002s ]
SQL: SHOW COLUMNS FROM `tb_survey_answer` [ RunTime:0.0007s ]
SQL: SELECT `content`,COUNT(*) AS total FROM `tb_survey_answer`  WHERE `survey_id` = '1480946991' AND `question_id` = '1480946890' AND ( type=1 OR type=2 ) GROUP BY content ORDER BY content [ RunTime:0.0003s ]
SQL: SHOW COLUMNS FROM `tb_survey_answer` [ RunTime:0.0009s ]
SQL: SELECT COUNT(*) AS total FROM `tb_survey_answer`  WHERE `survey_id` = '1480946991' AND `question_id` = '1480946890' AND ( type=1 OR type=2 ) GROUP BY question_id [ RunTime:0.0003s ]
NOTIC: [8] Undefined offset: 2 /Users/lawrance/Data/CESBack/CESBack/Home/Controller/DataManageController.class.php 第 306 行.
NOTIC: [8] Undefined offset: 2 /Users/lawrance/Data/CESBack/CESBack/Home/Controller/DataManageController.class.php 第 306 行.
NOTIC: [8] Undefined offset: 2 /Users/lawrance/Data/CESBack/CESBack/Home/Controller/DataManageController.class.php 第 306 行.
NOTIC: [8] Undefined offset: 3 /Users/lawrance/Data/CESBack/CESBack/Home/Controller/DataManageController.class.php 第 306 行.
NOTIC: [8] Undefined offset: 3 /Users/lawrance/Data/CESBack/CESBack/Home/Controller/DataManageController.class.php 第 306 行.
SQL: SHOW COLUMNS FROM `tb_survey_answer` [ RunTime:0.0012s ]
SQL: SELECT `content`,COUNT(*) AS total FROM `tb_survey_answer`  WHERE `survey_id` = '1480946991' AND `question_id` = '1480946902' AND ( type=1 OR type=2 ) GROUP BY content ORDER BY content [ RunTime:0.0006s ]
SQL: SHOW COLUMNS FROM `tb_survey_answer` [ RunTime:0.0029s ]
SQL: SELECT COUNT(*) AS total FROM `tb_survey_answer`  WHERE `survey_id` = '1480946991' AND `question_id` = '1480946902' AND ( type=1 OR type=2 ) GROUP BY question_id [ RunTime:0.0009s ]
SQL: SHOW COLUMNS FROM `tb_survey_answer` [ RunTime:0.0015s ]
SQL: SELECT `content`,COUNT(*) AS total FROM `tb_survey_answer`  WHERE `survey_id` = '1480946991' AND `question_id` = '1480946919' AND ( type=1 OR type=2 ) GROUP BY content ORDER BY content [ RunTime:0.0006s ]
SQL: SHOW COLUMNS FROM `tb_survey_answer` [ RunTime:0.0011s ]
SQL: SELECT COUNT(*) AS total FROM `tb_survey_answer`  WHERE `survey_id` = '1480946991' AND `question_id` = '1480946919' AND ( type=1 OR type=2 ) GROUP BY question_id [ RunTime:0.0002s ]
SQL: SHOW COLUMNS FROM `tb_survey_answer` [ RunTime:0.0009s ]
SQL: SELECT `content`,COUNT(*) AS total FROM `tb_survey_answer`  WHERE `survey_id` = '1480946991' AND `question_id` = '1480946929' AND ( type=1 OR type=2 ) GROUP BY content ORDER BY content [ RunTime:0.0004s ]
SQL: SHOW COLUMNS FROM `tb_survey_answer` [ RunTime:0.0009s ]
SQL: SELECT COUNT(*) AS total FROM `tb_survey_answer`  WHERE `survey_id` = '1480946991' AND `question_id` = '1480946929' AND ( type=1 OR type=2 ) GROUP BY question_id [ RunTime:0.0002s ]
SQL: SHOW COLUMNS FROM `tb_survey_answer` [ RunTime:0.0008s ]
SQL: SELECT `content`,COUNT(*) AS total FROM `tb_survey_answer`  WHERE `survey_id` = '1480946991' AND `question_id` = '1480946952' AND ( type=1 OR type=2 ) GROUP BY content ORDER BY content [ RunTime:0.0003s ]
SQL: SHOW COLUMNS FROM `tb_survey_answer` [ RunTime:0.0009s ]
SQL: SELECT COUNT(*) AS total FROM `tb_survey_answer`  WHERE `survey_id` = '1480946991' AND `question_id` = '1480946952' AND ( type=1 OR type=2 ) GROUP BY question_id [ RunTime:0.0003s ]
SQL: SHOW COLUMNS FROM `tb_survey_answer` [ RunTime:0.0011s ]
SQL: SELECT `content`,COUNT(*) AS total FROM `tb_survey_answer`  WHERE `survey_id` = '1480946991' AND `question_id` = '1480946964' AND ( type=1 OR type=2 ) GROUP BY content ORDER BY content [ RunTime:0.0007s ]
SQL: SHOW COLUMNS FROM `tb_survey_answer` [ RunTime:0.0017s ]
SQL: SELECT COUNT(*) AS total FROM `tb_survey_answer`  WHERE `survey_id` = '1480946991' AND `question_id` = '1480946964' AND ( type=1 OR type=2 ) GROUP BY question_id [ RunTime:0.0005s ]
NOTIC: [8] Undefined offset: 2 /Users/lawrance/Data/CESBack/CESBack/Home/Controller/DataManageController.class.php 第 306 行.
SQL: SHOW COLUMNS FROM `tb_survey_answer` [ RunTime:0.0024s ]
SQL: SELECT `content`,COUNT(*) AS total FROM `tb_survey_answer`  WHERE `survey_id` = '1480946991' AND `question_id` = '1480946977' AND ( type=1 OR type=2 ) GROUP BY content ORDER BY content [ RunTime:0.0006s ]
SQL: SHOW COLUMNS FROM `tb_survey_answer` [ RunTime:0.0012s ]
SQL: SELECT COUNT(*) AS total FROM `tb_survey_answer`  WHERE `survey_id` = '1480946991' AND `question_id` = '1480946977' AND ( type=1 OR type=2 ) GROUP BY question_id [ RunTime:0.0003s ]
SQL: SHOW COLUMNS FROM `tb_survey_answer` [ RunTime:0.0008s ]
SQL: SELECT `content`,COUNT(*) AS total FROM `tb_survey_answer`  WHERE `survey_id` = '1480946991' AND `question_id` = '1480946985' AND ( type=1 OR type=2 ) GROUP BY content ORDER BY content [ RunTime:0.0003s ]
SQL: SHOW COLUMNS FROM `tb_survey_answer` [ RunTime:0.0008s ]
SQL: SELECT COUNT(*) AS total FROM `tb_survey_answer`  WHERE `survey_id` = '1480946991' AND `question_id` = '1480946985' AND ( type=1 OR type=2 ) GROUP BY question_id [ RunTime:0.0002s ]
SQL: SHOW COLUMNS FROM `tb_survey_answer` [ RunTime:0.0009s ]
SQL: SELECT `question_id`,`content` FROM `tb_survey_answer`  WHERE `survey_id` = '1480946991' AND `type` = '3' ORDER BY question_id [ RunTime:0.0003s ]
NOTIC: [8] Undefined index: type /Users/lawrance/Data/CESBack/CESBack/Home/Controller/DataManageController.class.php 第 374 行.
NOTIC: [8] Undefined index: type /Users/lawrance/Data/CESBack/CESBack/Home/Controller/DataManageController.class.php 第 374 行.
NOTIC: [8] Undefined index: name /Users/lawrance/Data/CESBack/CESBack/Home/Controller/DataManageController.class.php 第 373 行.
NOTIC: [8] Undefined index: type /Users/lawrance/Data/CESBack/CESBack/Home/Controller/DataManageController.class.php 第 374 行.
NOTIC: [8] Undefined index: type /Users/lawrance/Data/CESBack/CESBack/Home/Controller/DataManageController.class.php 第 374 行.
NOTIC: [8] Only variables should be assigned by reference /Users/lawrance/Data/CESBack/CESBack/Home/Common/function.php 第 34 行.
INFO: [ view_parse ] --START--
INFO: [ template_filter ] --START--
INFO: Run Behavior\ContentReplaceBehavior [ RunTime:0.000238s ]
INFO: [ template_filter ] --END-- [ RunTime:0.000267s ]
INFO: Run Behavior\ParseTemplateBehavior [ RunTime:0.005188s ]
INFO: [ view_parse ] --END-- [ RunTime:0.005229s ]
INFO: [ view_filter ] --START--
INFO: Run Behavior\WriteHtmlCacheBehavior [ RunTime:0.000206s ]
INFO: [ view_filter ] --END-- [ RunTime:0.000236s ]
INFO: [ app_end ] --START--
INFO: Run Behavior\ShowPageTraceBehavior [ RunTime:0.001431s ]
INFO: [ app_end ] --END-- [ RunTime:0.001527s ]

[ 2017-02-27T14:55:48+08:00 ] ::1 /CESBack/index.php/Home/Method/getSurvey?sort=group_name&order=asc&offset=0&limit=10&_=1488178548388
INFO: [ app_init ] --START--
INFO: Run Behavior\BuildLiteBehavior [ RunTime:0.000014s ]
INFO: [ app_init ] --END-- [ RunTime:0.000258s ]
INFO: [ app_begin ] --START--
INFO: Run Behavior\ReadHtmlCacheBehavior [ RunTime:0.000318s ]
INFO: [ app_begin ] --END-- [ RunTime:0.000365s ]
NOTIC: [8] A session had already been started - ignoring session_start() /Users/lawrance/Data/CESBack/ThinkPHP/Common/functions.php 第 1263 行.
SQL: SHOW COLUMNS FROM `tb_survey` [ RunTime:0.0013s ]
SQL: SHOW COLUMNS FROM `tb_survey_group` [ RunTime:0.0057s ]
SQL: SELECT g.group_name,`name`,`survey_id`,`level`,`owner` FROM tb_survey AS s, `tb_survey_group` AS g  WHERE ( g.group_id=s.survey_group )  [ RunTime:0.0005s ]

[ 2017-02-27T14:57:09+08:00 ] ::1 /CESBack/index.php/Home/DataManage/outputResult?s_i=1480946991
INFO: [ app_init ] --START--
INFO: Run Behavior\BuildLiteBehavior [ RunTime:0.000009s ]
INFO: [ app_init ] --END-- [ RunTime:0.000227s ]
INFO: [ app_begin ] --START--
INFO: Run Behavior\ReadHtmlCacheBehavior [ RunTime:0.000230s ]
INFO: [ app_begin ] --END-- [ RunTime:0.000250s ]
NOTIC: [8] A session had already been started - ignoring session_start() /Users/lawrance/Data/CESBack/ThinkPHP/Common/functions.php 第 1263 行.
SQL: SHOW COLUMNS FROM `tb_survey_answer` [ RunTime:0.0058s ]
SQL: SELECT * FROM `tb_survey_answer` WHERE `survey_id` = '1480946991' ORDER BY question_id ASC  [ RunTime:0.0008s ]
SQL: SHOW COLUMNS FROM `tb_survey` [ RunTime:0.0045s ]
SQL: SELECT * FROM `tb_survey` WHERE `survey_id` = '1480946991'  [ RunTime:0.0002s ]
SQL: SHOW COLUMNS FROM `tb_survey_question` [ RunTime:0.0048s ]
SQL: SELECT * FROM `tb_survey_question` WHERE ( question_id IN (1480946845,1480946878,1480946890,1480946902,1480946919,1480946929,1480946952,1480946964,1480946977,1480946985) )  [ RunTime:0.0002s ]
NOTIC: [8] Undefined offset: 130 /Users/lawrance/Data/CESBack/CESBack/Home/Controller/DataManageController.class.php 第 142 行.

[ 2017-02-27T15:00:19+08:00 ] ::1 /CESBack/index.php/Home/DataManage/getSurveyImageCount?s_i=1480946991
INFO: [ app_init ] --START--
INFO: Run Behavior\BuildLiteBehavior [ RunTime:0.000006s ]
INFO: [ app_init ] --END-- [ RunTime:0.000162s ]
INFO: [ app_begin ] --START--
INFO: Run Behavior\ReadHtmlCacheBehavior [ RunTime:0.000198s ]
INFO: [ app_begin ] --END-- [ RunTime:0.000217s ]
NOTIC: [8] A session had already been started - ignoring session_start() /Users/lawrance/Data/CESBack/ThinkPHP/Common/functions.php 第 1263 行.
SQL: SHOW COLUMNS FROM `tb_survey` [ RunTime:0.0021s ]
SQL: SELECT * FROM `tb_survey` WHERE `survey_id` = '1480946991'  [ RunTime:0.0002s ]
SQL: SHOW COLUMNS FROM `tb_survey_question` [ RunTime:0.0009s ]
SQL: SELECT * FROM `tb_survey_question` WHERE ( question_id IN (1480946845,1480946878,1480946890,1480946902,1480946919,1480946929,1480946952,1480946964,1480946977,1480946985) )  [ RunTime:0.0003s ]
SQL: SHOW COLUMNS FROM `tb_survey_answer` [ RunTime:0.0009s ]
SQL: SELECT `content`,COUNT(*) AS total FROM `tb_survey_answer`  WHERE `survey_id` = '1480946991' AND `question_id` = '1480946845' AND ( type=1 OR type=2 ) GROUP BY content ORDER BY content [ RunTime:0.0004s ]
SQL: SHOW COLUMNS FROM `tb_survey_answer` [ RunTime:0.0009s ]
SQL: SELECT COUNT(*) AS total FROM `tb_survey_answer`  WHERE `survey_id` = '1480946991' AND `question_id` = '1480946845' AND ( type=1 OR type=2 ) GROUP BY question_id [ RunTime:0.0002s ]
SQL: SHOW COLUMNS FROM `tb_survey_answer` [ RunTime:0.0008s ]
SQL: SELECT `content`,COUNT(*) AS total FROM `tb_survey_answer`  WHERE `survey_id` = '1480946991' AND `question_id` = '1480946878' AND ( type=1 OR type=2 ) GROUP BY content ORDER BY content [ RunTime:0.0003s ]
SQL: SHOW COLUMNS FROM `tb_survey_answer` [ RunTime:0.0012s ]
SQL: SELECT COUNT(*) AS total FROM `tb_survey_answer`  WHERE `survey_id` = '1480946991' AND `question_id` = '1480946878' AND ( type=1 OR type=2 ) GROUP BY question_id [ RunTime:0.0004s ]
SQL: SHOW COLUMNS FROM `tb_survey_answer` [ RunTime:0.0012s ]
SQL: SELECT `content`,COUNT(*) AS total FROM `tb_survey_answer`  WHERE `survey_id` = '1480946991' AND `question_id` = '1480946890' AND ( type=1 OR type=2 ) GROUP BY content ORDER BY content [ RunTime:0.0003s ]
SQL: SHOW COLUMNS FROM `tb_survey_answer` [ RunTime:0.0009s ]
SQL: SELECT COUNT(*) AS total FROM `tb_survey_answer`  WHERE `survey_id` = '1480946991' AND `question_id` = '1480946890' AND ( type=1 OR type=2 ) GROUP BY question_id [ RunTime:0.0002s ]
NOTIC: [8] Undefined offset: 2 /Users/lawrance/Data/CESBack/CESBack/Home/Controller/DataManageController.class.php 第 306 行.
NOTIC: [8] Undefined offset: 2 /Users/lawrance/Data/CESBack/CESBack/Home/Controller/DataManageController.class.php 第 306 行.
NOTIC: [8] Undefined offset: 2 /Users/lawrance/Data/CESBack/CESBack/Home/Controller/DataManageController.class.php 第 306 行.
NOTIC: [8] Undefined offset: 3 /Users/lawrance/Data/CESBack/CESBack/Home/Controller/DataManageController.class.php 第 306 行.
NOTIC: [8] Undefined offset: 3 /Users/lawrance/Data/CESBack/CESBack/Home/Controller/DataManageController.class.php 第 306 行.
SQL: SHOW COLUMNS FROM `tb_survey_answer` [ RunTime:0.0008s ]
SQL: SELECT `content`,COUNT(*) AS total FROM `tb_survey_answer`  WHERE `survey_id` = '1480946991' AND `question_id` = '1480946902' AND ( type=1 OR type=2 ) GROUP BY content ORDER BY content [ RunTime:0.0003s ]
SQL: SHOW COLUMNS FROM `tb_survey_answer` [ RunTime:0.0011s ]
SQL: SELECT COUNT(*) AS total FROM `tb_survey_answer`  WHERE `survey_id` = '1480946991' AND `question_id` = '1480946902' AND ( type=1 OR type=2 ) GROUP BY question_id [ RunTime:0.0003s ]
SQL: SHOW COLUMNS FROM `tb_survey_answer` [ RunTime:0.0009s ]
SQL: SELECT `content`,COUNT(*) AS total FROM `tb_survey_answer`  WHERE `survey_id` = '1480946991' AND `question_id` = '1480946919' AND ( type=1 OR type=2 ) GROUP BY content ORDER BY content [ RunTime:0.0003s ]
SQL: SHOW COLUMNS FROM `tb_survey_answer` [ RunTime:0.0008s ]
SQL: SELECT COUNT(*) AS total FROM `tb_survey_answer`  WHERE `survey_id` = '1480946991' AND `question_id` = '1480946919' AND ( type=1 OR type=2 ) GROUP BY question_id [ RunTime:0.0002s ]
SQL: SHOW COLUMNS FROM `tb_survey_answer` [ RunTime:0.0009s ]
SQL: SELECT `content`,COUNT(*) AS total FROM `tb_survey_answer`  WHERE `survey_id` = '1480946991' AND `question_id` = '1480946929' AND ( type=1 OR type=2 ) GROUP BY content ORDER BY content [ RunTime:0.0003s ]
SQL: SHOW COLUMNS FROM `tb_survey_answer` [ RunTime:0.0007s ]
SQL: SELECT COUNT(*) AS total FROM `tb_survey_answer`  WHERE `survey_id` = '1480946991' AND `question_id` = '1480946929' AND ( type=1 OR type=2 ) GROUP BY question_id [ RunTime:0.0002s ]
SQL: SHOW COLUMNS FROM `tb_survey_answer` [ RunTime:0.0009s ]
SQL: SELECT `content`,COUNT(*) AS total FROM `tb_survey_answer`  WHERE `survey_id` = '1480946991' AND `question_id` = '1480946952' AND ( type=1 OR type=2 ) GROUP BY content ORDER BY content [ RunTime:0.0003s ]
SQL: SHOW COLUMNS FROM `tb_survey_answer` [ RunTime:0.0008s ]
SQL: SELECT COUNT(*) AS total FROM `tb_survey_answer`  WHERE `survey_id` = '1480946991' AND `question_id` = '1480946952' AND ( type=1 OR type=2 ) GROUP BY question_id [ RunTime:0.0002s ]
SQL: SHOW COLUMNS FROM `tb_survey_answer` [ RunTime:0.0008s ]
SQL: SELECT `content`,COUNT(*) AS total FROM `tb_survey_answer`  WHERE `survey_id` = '1480946991' AND `question_id` = '1480946964' AND ( type=1 OR type=2 ) GROUP BY content ORDER BY content [ RunTime:0.0003s ]
SQL: SHOW COLUMNS FROM `tb_survey_answer` [ RunTime:0.0011s ]
SQL: SELECT COUNT(*) AS total FROM `tb_survey_answer`  WHERE `survey_id` = '1480946991' AND `question_id` = '1480946964' AND ( type=1 OR type=2 ) GROUP BY question_id [ RunTime:0.0003s ]
NOTIC: [8] Undefined offset: 2 /Users/lawrance/Data/CESBack/CESBack/Home/Controller/DataManageController.class.php 第 306 行.
SQL: SHOW COLUMNS FROM `tb_survey_answer` [ RunTime:0.0008s ]
SQL: SELECT `content`,COUNT(*) AS total FROM `tb_survey_answer`  WHERE `survey_id` = '1480946991' AND `question_id` = '1480946977' AND ( type=1 OR type=2 ) GROUP BY content ORDER BY content [ RunTime:0.0003s ]
SQL: SHOW COLUMNS FROM `tb_survey_answer` [ RunTime:0.0008s ]
SQL: SELECT COUNT(*) AS total FROM `tb_survey_answer`  WHERE `survey_id` = '1480946991' AND `question_id` = '1480946977' AND ( type=1 OR type=2 ) GROUP BY question_id [ RunTime:0.0002s ]
SQL: SHOW COLUMNS FROM `tb_survey_answer` [ RunTime:0.0010s ]
SQL: SELECT `content`,COUNT(*) AS total FROM `tb_survey_answer`  WHERE `survey_id` = '1480946991' AND `question_id` = '1480946985' AND ( type=1 OR type=2 ) GROUP BY content ORDER BY content [ RunTime:0.0003s ]
SQL: SHOW COLUMNS FROM `tb_survey_answer` [ RunTime:0.0008s ]
SQL: SELECT COUNT(*) AS total FROM `tb_survey_answer`  WHERE `survey_id` = '1480946991' AND `question_id` = '1480946985' AND ( type=1 OR type=2 ) GROUP BY question_id [ RunTime:0.0003s ]
SQL: SHOW COLUMNS FROM `tb_survey_answer` [ RunTime:0.0009s ]
SQL: SELECT `question_id`,`content` FROM `tb_survey_answer`  WHERE `survey_id` = '1480946991' AND `type` = '3' ORDER BY question_id [ RunTime:0.0004s ]
NOTIC: [8] Undefined index: type /Users/lawrance/Data/CESBack/CESBack/Home/Controller/DataManageController.class.php 第 374 行.
NOTIC: [8] Undefined index: type /Users/lawrance/Data/CESBack/CESBack/Home/Controller/DataManageController.class.php 第 374 行.
NOTIC: [8] Undefined index: name /Users/lawrance/Data/CESBack/CESBack/Home/Controller/DataManageController.class.php 第 373 行.
NOTIC: [8] Undefined index: type /Users/lawrance/Data/CESBack/CESBack/Home/Controller/DataManageController.class.php 第 374 行.
NOTIC: [8] Undefined index: type /Users/lawrance/Data/CESBack/CESBack/Home/Controller/DataManageController.class.php 第 374 行.
NOTIC: [8] Only variables should be assigned by reference /Users/lawrance/Data/CESBack/CESBack/Home/Common/function.php 第 34 行.
INFO: [ view_parse ] --START--
INFO: [ template_filter ] --START--
INFO: Run Behavior\ContentReplaceBehavior [ RunTime:0.000132s ]
INFO: [ template_filter ] --END-- [ RunTime:0.000156s ]
INFO: Run Behavior\ParseTemplateBehavior [ RunTime:0.004612s ]
INFO: [ view_parse ] --END-- [ RunTime:0.004636s ]
INFO: [ view_filter ] --START--
INFO: Run Behavior\WriteHtmlCacheBehavior [ RunTime:0.000086s ]
INFO: [ view_filter ] --END-- [ RunTime:0.000099s ]
INFO: [ app_end ] --START--
INFO: Run Behavior\ShowPageTraceBehavior [ RunTime:0.000301s ]
INFO: [ app_end ] --END-- [ RunTime:0.000322s ]

[ 2017-02-27T15:00:33+08:00 ] ::1 /CESBack/index.php/Home/DataManage/surveyCount
INFO: [ app_init ] --START--
INFO: Run Behavior\BuildLiteBehavior [ RunTime:0.000005s ]
INFO: [ app_init ] --END-- [ RunTime:0.000157s ]
INFO: [ app_begin ] --START--
INFO: Run Behavior\ReadHtmlCacheBehavior [ RunTime:0.000195s ]
INFO: [ app_begin ] --END-- [ RunTime:0.000213s ]
NOTIC: [8] A session had already been started - ignoring session_start() /Users/lawrance/Data/CESBack/ThinkPHP/Common/functions.php 第 1263 行.
SQL: SHOW COLUMNS FROM `tb_survey_group` [ RunTime:0.0014s ]
SQL: SELECT * FROM `tb_survey_group`  [ RunTime:0.0002s ]
INFO: [ view_parse ] --START--
INFO: [ template_filter ] --START--
INFO: Run Behavior\ContentReplaceBehavior [ RunTime:0.000173s ]
INFO: [ template_filter ] --END-- [ RunTime:0.000198s ]
INFO: Run Behavior\ParseTemplateBehavior [ RunTime:0.005775s ]
INFO: [ view_parse ] --END-- [ RunTime:0.005795s ]
INFO: [ view_filter ] --START--
INFO: Run Behavior\WriteHtmlCacheBehavior [ RunTime:0.000088s ]
INFO: [ view_filter ] --END-- [ RunTime:0.000102s ]
INFO: [ app_end ] --START--
INFO: Run Behavior\ShowPageTraceBehavior [ RunTime:0.000348s ]
INFO: [ app_end ] --END-- [ RunTime:0.000378s ]

[ 2017-02-27T15:00:33+08:00 ] ::1 /CESBack/index.php/Home/Method/getSurvey?sort=group_name&order=asc&offset=0&limit=10&_=1488178833403
INFO: [ app_init ] --START--
INFO: Run Behavior\BuildLiteBehavior [ RunTime:0.000013s ]
INFO: [ app_init ] --END-- [ RunTime:0.000337s ]
INFO: [ app_begin ] --START--
INFO: Run Behavior\ReadHtmlCacheBehavior [ RunTime:0.000497s ]
INFO: [ app_begin ] --END-- [ RunTime:0.000552s ]
NOTIC: [8] A session had already been started - ignoring session_start() /Users/lawrance/Data/CESBack/ThinkPHP/Common/functions.php 第 1263 行.
SQL: SHOW COLUMNS FROM `tb_survey` [ RunTime:0.0027s ]
SQL: SHOW COLUMNS FROM `tb_survey_group` [ RunTime:0.0021s ]
SQL: SELECT g.group_name,`name`,`survey_id`,`level`,`owner` FROM tb_survey AS s, `tb_survey_group` AS g  WHERE ( g.group_id=s.survey_group )  [ RunTime:0.0006s ]

[ 2017-02-27T15:00:36+08:00 ] ::1 /CESBack/index.php/Home/DataManage/outputResult?s_i=1480946991
INFO: [ app_init ] --START--
INFO: Run Behavior\BuildLiteBehavior [ RunTime:0.000006s ]
INFO: [ app_init ] --END-- [ RunTime:0.000190s ]
INFO: [ app_begin ] --START--
INFO: Run Behavior\ReadHtmlCacheBehavior [ RunTime:0.000212s ]
INFO: [ app_begin ] --END-- [ RunTime:0.000231s ]
NOTIC: [8] A session had already been started - ignoring session_start() /Users/lawrance/Data/CESBack/ThinkPHP/Common/functions.php 第 1263 行.
SQL: SHOW COLUMNS FROM `tb_survey_answer` [ RunTime:0.0021s ]
SQL: SELECT * FROM `tb_survey_answer` WHERE `survey_id` = '1480946991' ORDER BY question_id ASC  [ RunTime:0.0010s ]
SQL: SHOW COLUMNS FROM `tb_survey` [ RunTime:0.0009s ]
SQL: SELECT * FROM `tb_survey` WHERE `survey_id` = '1480946991'  [ RunTime:0.0002s ]
SQL: SHOW COLUMNS FROM `tb_survey_question` [ RunTime:0.0009s ]
SQL: SELECT * FROM `tb_survey_question` WHERE ( question_id IN (1480946845,1480946878,1480946890,1480946902,1480946919,1480946929,1480946952,1480946964,1480946977,1480946985) )  [ RunTime:0.0003s ]
NOTIC: [8] Undefined offset: 130 /Users/lawrance/Data/CESBack/CESBack/Home/Controller/DataManageController.class.php 第 142 行.

[ 2017-02-27T15:05:31+08:00 ] ::1 /CESBack/index.php/Home/DataManage/getSurveyImageCount?s_i=1480946991
INFO: [ app_init ] --START--
INFO: Run Behavior\BuildLiteBehavior [ RunTime:0.000009s ]
INFO: [ app_init ] --END-- [ RunTime:0.000237s ]
INFO: [ app_begin ] --START--
INFO: Run Behavior\ReadHtmlCacheBehavior [ RunTime:0.000230s ]
INFO: [ app_begin ] --END-- [ RunTime:0.000249s ]
NOTIC: [8] A session had already been started - ignoring session_start() /Users/lawrance/Data/CESBack/ThinkPHP/Common/functions.php 第 1263 行.
SQL: SHOW COLUMNS FROM `tb_survey` [ RunTime:0.0020s ]
SQL: SELECT * FROM `tb_survey` WHERE `survey_id` = '1480946991'  [ RunTime:0.0002s ]
SQL: SHOW COLUMNS FROM `tb_survey_question` [ RunTime:0.0008s ]
SQL: SELECT * FROM `tb_survey_question` WHERE ( question_id IN (1480946845,1480946878,1480946890,1480946902,1480946919,1480946929,1480946952,1480946964,1480946977,1480946985) )  [ RunTime:0.0002s ]
SQL: SHOW COLUMNS FROM `tb_survey_answer` [ RunTime:0.0008s ]
SQL: SELECT `content`,COUNT(*) AS total FROM `tb_survey_answer`  WHERE `survey_id` = '1480946991' AND `question_id` = '1480946845' AND ( type=1 OR type=2 ) GROUP BY content ORDER BY content [ RunTime:0.0004s ]
SQL: SHOW COLUMNS FROM `tb_survey_answer` [ RunTime:0.0008s ]
SQL: SELECT COUNT(*) AS total FROM `tb_survey_answer`  WHERE `survey_id` = '1480946991' AND `question_id` = '1480946845' AND ( type=1 OR type=2 ) GROUP BY question_id [ RunTime:0.0002s ]
SQL: SHOW COLUMNS FROM `tb_survey_answer` [ RunTime:0.0017s ]
SQL: SELECT `content`,COUNT(*) AS total FROM `tb_survey_answer`  WHERE `survey_id` = '1480946991' AND `question_id` = '1480946878' AND ( type=1 OR type=2 ) GROUP BY content ORDER BY content [ RunTime:0.0006s ]
SQL: SHOW COLUMNS FROM `tb_survey_answer` [ RunTime:0.0012s ]
SQL: SELECT COUNT(*) AS total FROM `tb_survey_answer`  WHERE `survey_id` = '1480946991' AND `question_id` = '1480946878' AND ( type=1 OR type=2 ) GROUP BY question_id [ RunTime:0.0003s ]
SQL: SHOW COLUMNS FROM `tb_survey_answer` [ RunTime:0.0009s ]
SQL: SELECT `content`,COUNT(*) AS total FROM `tb_survey_answer`  WHERE `survey_id` = '1480946991' AND `question_id` = '1480946890' AND ( type=1 OR type=2 ) GROUP BY content ORDER BY content [ RunTime:0.0004s ]
SQL: SHOW COLUMNS FROM `tb_survey_answer` [ RunTime:0.0009s ]
SQL: SELECT COUNT(*) AS total FROM `tb_survey_answer`  WHERE `survey_id` = '1480946991' AND `question_id` = '1480946890' AND ( type=1 OR type=2 ) GROUP BY question_id [ RunTime:0.0002s ]
NOTIC: [8] Undefined offset: 2 /Users/lawrance/Data/CESBack/CESBack/Home/Controller/DataManageController.class.php 第 306 行.
NOTIC: [8] Undefined offset: 2 /Users/lawrance/Data/CESBack/CESBack/Home/Controller/DataManageController.class.php 第 306 行.
NOTIC: [8] Undefined offset: 2 /Users/lawrance/Data/CESBack/CESBack/Home/Controller/DataManageController.class.php 第 306 行.
NOTIC: [8] Undefined offset: 3 /Users/lawrance/Data/CESBack/CESBack/Home/Controller/DataManageController.class.php 第 306 行.
NOTIC: [8] Undefined offset: 3 /Users/lawrance/Data/CESBack/CESBack/Home/Controller/DataManageController.class.php 第 306 行.
SQL: SHOW COLUMNS FROM `tb_survey_answer` [ RunTime:0.0008s ]
SQL: SELECT `content`,COUNT(*) AS total FROM `tb_survey_answer`  WHERE `survey_id` = '1480946991' AND `question_id` = '1480946902' AND ( type=1 OR type=2 ) GROUP BY content ORDER BY content [ RunTime:0.0003s ]
SQL: SHOW COLUMNS FROM `tb_survey_answer` [ RunTime:0.0011s ]
SQL: SELECT COUNT(*) AS total FROM `tb_survey_answer`  WHERE `survey_id` = '1480946991' AND `question_id` = '1480946902' AND ( type=1 OR type=2 ) GROUP BY question_id [ RunTime:0.0003s ]
SQL: SHOW COLUMNS FROM `tb_survey_answer` [ RunTime:0.0008s ]
SQL: SELECT `content`,COUNT(*) AS total FROM `tb_survey_answer`  WHERE `survey_id` = '1480946991' AND `question_id` = '1480946919' AND ( type=1 OR type=2 ) GROUP BY content ORDER BY content [ RunTime:0.0003s ]
SQL: SHOW COLUMNS FROM `tb_survey_answer` [ RunTime:0.0008s ]
SQL: SELECT COUNT(*) AS total FROM `tb_survey_answer`  WHERE `survey_id` = '1480946991' AND `question_id` = '1480946919' AND ( type=1 OR type=2 ) GROUP BY question_id [ RunTime:0.0002s ]
SQL: SHOW COLUMNS FROM `tb_survey_answer` [ RunTime:0.0009s ]
SQL: SELECT `content`,COUNT(*) AS total FROM `tb_survey_answer`  WHERE `survey_id` = '1480946991' AND `question_id` = '1480946929' AND ( type=1 OR type=2 ) GROUP BY content ORDER BY content [ RunTime:0.0003s ]
SQL: SHOW COLUMNS FROM `tb_survey_answer` [ RunTime:0.0007s ]
SQL: SELECT COUNT(*) AS total FROM `tb_survey_answer`  WHERE `survey_id` = '1480946991' AND `question_id` = '1480946929' AND ( type=1 OR type=2 ) GROUP BY question_id [ RunTime:0.0002s ]
SQL: SHOW COLUMNS FROM `tb_survey_answer` [ RunTime:0.0008s ]
SQL: SELECT `content`,COUNT(*) AS total FROM `tb_survey_answer`  WHERE `survey_id` = '1480946991' AND `question_id` = '1480946952' AND ( type=1 OR type=2 ) GROUP BY content ORDER BY content [ RunTime:0.0004s ]
SQL: SHOW COLUMNS FROM `tb_survey_answer` [ RunTime:0.0008s ]
SQL: SELECT COUNT(*) AS total FROM `tb_survey_answer`  WHERE `survey_id` = '1480946991' AND `question_id` = '1480946952' AND ( type=1 OR type=2 ) GROUP BY question_id [ RunTime:0.0003s ]
SQL: SHOW COLUMNS FROM `tb_survey_answer` [ RunTime:0.0012s ]
SQL: SELECT `content`,COUNT(*) AS total FROM `tb_survey_answer`  WHERE `survey_id` = '1480946991' AND `question_id` = '1480946964' AND ( type=1 OR type=2 ) GROUP BY content ORDER BY content [ RunTime:0.0003s ]
SQL: SHOW COLUMNS FROM `tb_survey_answer` [ RunTime:0.0010s ]
SQL: SELECT COUNT(*) AS total FROM `tb_survey_answer`  WHERE `survey_id` = '1480946991' AND `question_id` = '1480946964' AND ( type=1 OR type=2 ) GROUP BY question_id [ RunTime:0.0003s ]
NOTIC: [8] Undefined offset: 2 /Users/lawrance/Data/CESBack/CESBack/Home/Controller/DataManageController.class.php 第 306 行.
SQL: SHOW COLUMNS FROM `tb_survey_answer` [ RunTime:0.0009s ]
SQL: SELECT `content`,COUNT(*) AS total FROM `tb_survey_answer`  WHERE `survey_id` = '1480946991' AND `question_id` = '1480946977' AND ( type=1 OR type=2 ) GROUP BY content ORDER BY content [ RunTime:0.0003s ]
SQL: SHOW COLUMNS FROM `tb_survey_answer` [ RunTime:0.0008s ]
SQL: SELECT COUNT(*) AS total FROM `tb_survey_answer`  WHERE `survey_id` = '1480946991' AND `question_id` = '1480946977' AND ( type=1 OR type=2 ) GROUP BY question_id [ RunTime:0.0002s ]
SQL: SHOW COLUMNS FROM `tb_survey_answer` [ RunTime:0.0010s ]
SQL: SELECT `content`,COUNT(*) AS total FROM `tb_survey_answer`  WHERE `survey_id` = '1480946991' AND `question_id` = '1480946985' AND ( type=1 OR type=2 ) GROUP BY content ORDER BY content [ RunTime:0.0003s ]
SQL: SHOW COLUMNS FROM `tb_survey_answer` [ RunTime:0.0008s ]
SQL: SELECT COUNT(*) AS total FROM `tb_survey_answer`  WHERE `survey_id` = '1480946991' AND `question_id` = '1480946985' AND ( type=1 OR type=2 ) GROUP BY question_id [ RunTime:0.0002s ]
SQL: SHOW COLUMNS FROM `tb_survey_answer` [ RunTime:0.0009s ]
SQL: SELECT `question_id`,`content` FROM `tb_survey_answer`  WHERE `survey_id` = '1480946991' AND `type` = '3' ORDER BY question_id [ RunTime:0.0003s ]
NOTIC: [8] Undefined index: type /Users/lawrance/Data/CESBack/CESBack/Home/Controller/DataManageController.class.php 第 374 行.
NOTIC: [8] Undefined index: type /Users/lawrance/Data/CESBack/CESBack/Home/Controller/DataManageController.class.php 第 374 行.
NOTIC: [8] Undefined index: name /Users/lawrance/Data/CESBack/CESBack/Home/Controller/DataManageController.class.php 第 373 行.
NOTIC: [8] Undefined index: type /Users/lawrance/Data/CESBack/CESBack/Home/Controller/DataManageController.class.php 第 374 行.
NOTIC: [8] Undefined index: type /Users/lawrance/Data/CESBack/CESBack/Home/Controller/DataManageController.class.php 第 374 行.
NOTIC: [8] Only variables should be assigned by reference /Users/lawrance/Data/CESBack/CESBack/Home/Common/function.php 第 34 行.
INFO: [ view_parse ] --START--
INFO: [ template_filter ] --START--
INFO: Run Behavior\ContentReplaceBehavior [ RunTime:0.000143s ]
INFO: [ template_filter ] --END-- [ RunTime:0.000168s ]
INFO: Run Behavior\ParseTemplateBehavior [ RunTime:0.005715s ]
INFO: [ view_parse ] --END-- [ RunTime:0.005741s ]
INFO: [ view_filter ] --START--
INFO: Run Behavior\WriteHtmlCacheBehavior [ RunTime:0.000091s ]
INFO: [ view_filter ] --END-- [ RunTime:0.000102s ]
INFO: [ app_end ] --START--
INFO: Run Behavior\ShowPageTraceBehavior [ RunTime:0.000303s ]
INFO: [ app_end ] --END-- [ RunTime:0.000328s ]

[ 2017-02-27T15:10:46+08:00 ] ::1 /CESBack/index.php/Home/CourseManage/courseManage
INFO: [ app_init ] --START--
INFO: Run Behavior\BuildLiteBehavior [ RunTime:0.000006s ]
INFO: [ app_init ] --END-- [ RunTime:0.000177s ]
INFO: [ app_begin ] --START--
INFO: Run Behavior\ReadHtmlCacheBehavior [ RunTime:0.000236s ]
INFO: [ app_begin ] --END-- [ RunTime:0.000255s ]
NOTIC: [8] A session had already been started - ignoring session_start() /Users/lawrance/Data/CESBack/ThinkPHP/Common/functions.php 第 1263 行.
INFO: [ view_parse ] --START--
INFO: [ template_filter ] --START--
INFO: Run Behavior\ContentReplaceBehavior [ RunTime:0.000373s ]
INFO: [ template_filter ] --END-- [ RunTime:0.000430s ]
INFO: Run Behavior\ParseTemplateBehavior [ RunTime:0.009973s ]
INFO: [ view_parse ] --END-- [ RunTime:0.010005s ]
INFO: [ view_filter ] --START--
INFO: Run Behavior\WriteHtmlCacheBehavior [ RunTime:0.000120s ]
INFO: [ view_filter ] --END-- [ RunTime:0.000134s ]
INFO: [ app_end ] --START--
INFO: Run Behavior\ShowPageTraceBehavior [ RunTime:0.000329s ]
INFO: [ app_end ] --END-- [ RunTime:0.000350s ]

[ 2017-02-27T15:10:47+08:00 ] ::1 /CESBack/index.php/Home/CourseManage/getCourse?limit=10&offset=0&_=1488179446944
INFO: [ app_init ] --START--
INFO: Run Behavior\BuildLiteBehavior [ RunTime:0.000008s ]
INFO: [ app_init ] --END-- [ RunTime:0.000191s ]
INFO: [ app_begin ] --START--
INFO: Run Behavior\ReadHtmlCacheBehavior [ RunTime:0.000401s ]
INFO: [ app_begin ] --END-- [ RunTime:0.000432s ]
NOTIC: [8] A session had already been started - ignoring session_start() /Users/lawrance/Data/CESBack/ThinkPHP/Common/functions.php 第 1263 行.
SQL: SHOW COLUMNS FROM `tb_course_list` [ RunTime:0.0026s ]
SQL: SELECT `course_id`,`name`,`teacher_name`,`semester`,`take_num`,`type`,`is_must` FROM `tb_course_list`  [ RunTime:0.0010s ]

[ 2017-02-27T15:10:54+08:00 ] ::1 /CESBack/index.php/Home/DataManage/surveyCount
INFO: [ app_init ] --START--
INFO: Run Behavior\BuildLiteBehavior [ RunTime:0.000019s ]
INFO: [ app_init ] --END-- [ RunTime:0.000486s ]
INFO: [ app_begin ] --START--
INFO: Run Behavior\ReadHtmlCacheBehavior [ RunTime:0.000263s ]
INFO: [ app_begin ] --END-- [ RunTime:0.000289s ]
NOTIC: [8] A session had already been started - ignoring session_start() /Users/lawrance/Data/CESBack/ThinkPHP/Common/functions.php 第 1263 行.
SQL: SHOW COLUMNS FROM `tb_survey_group` [ RunTime:0.0019s ]
SQL: SELECT * FROM `tb_survey_group`  [ RunTime:0.0001s ]
INFO: [ view_parse ] --START--
INFO: [ template_filter ] --START--
INFO: Run Behavior\ContentReplaceBehavior [ RunTime:0.000211s ]
INFO: [ template_filter ] --END-- [ RunTime:0.000250s ]
INFO: Run Behavior\ParseTemplateBehavior [ RunTime:0.007162s ]
INFO: [ view_parse ] --END-- [ RunTime:0.007189s ]
INFO: [ view_filter ] --START--
INFO: Run Behavior\WriteHtmlCacheBehavior [ RunTime:0.000111s ]
INFO: [ view_filter ] --END-- [ RunTime:0.000125s ]
INFO: [ app_end ] --START--
INFO: Run Behavior\ShowPageTraceBehavior [ RunTime:0.000337s ]
INFO: [ app_end ] --END-- [ RunTime:0.000374s ]

[ 2017-02-27T15:10:55+08:00 ] ::1 /CESBack/index.php/Home/Method/getSurvey?sort=group_name&order=asc&offset=0&limit=10&_=1488179455000
INFO: [ app_init ] --START--
INFO: Run Behavior\BuildLiteBehavior [ RunTime:0.000018s ]
INFO: [ app_init ] --END-- [ RunTime:0.000359s ]
INFO: [ app_begin ] --START--
INFO: Run Behavior\ReadHtmlCacheBehavior [ RunTime:0.000473s ]
INFO: [ app_begin ] --END-- [ RunTime:0.000521s ]
NOTIC: [8] A session had already been started - ignoring session_start() /Users/lawrance/Data/CESBack/ThinkPHP/Common/functions.php 第 1263 行.
SQL: SHOW COLUMNS FROM `tb_survey` [ RunTime:0.0018s ]
SQL: SHOW COLUMNS FROM `tb_survey_group` [ RunTime:0.0008s ]
SQL: SELECT g.group_name,`name`,`survey_id`,`level`,`owner` FROM tb_survey AS s, `tb_survey_group` AS g  WHERE ( g.group_id=s.survey_group )  [ RunTime:0.0002s ]

[ 2017-02-27T23:08:09+08:00 ] ::1 /CESBack/index.php/Home/Home/home?n=admin&p=21232f297a57a5a743894a0e4a801fc
INFO: [ app_init ] --START--
INFO: Run Behavior\BuildLiteBehavior [ RunTime:0.000008s ]
INFO: [ app_init ] --END-- [ RunTime:0.000413s ]
INFO: [ app_begin ] --START--
INFO: Run Behavior\ReadHtmlCacheBehavior [ RunTime:0.000472s ]
INFO: [ app_begin ] --END-- [ RunTime:0.000505s ]
NOTIC: [8] A session had already been started - ignoring session_start() /Users/lawrance/Data/CESBack/ThinkPHP/Common/functions.php 第 1263 行.
SQL: SHOW COLUMNS FROM `tb_home_count` [ RunTime:0.0014s ]
SQL: SELECT `time`,`new`,`all_user`,`survey`,`is_match` FROM `tb_home_count`  WHERE ( time >='2016-12-16' AND time <='2016-12-22' ) ORDER BY time ASC [ RunTime:0.0011s ]
INFO: [ view_parse ] --START--
INFO: [ template_filter ] --START--
INFO: Run Behavior\ContentReplaceBehavior [ RunTime:0.000168s ]
INFO: [ template_filter ] --END-- [ RunTime:0.000198s ]
INFO: Run Behavior\ParseTemplateBehavior [ RunTime:0.015476s ]
INFO: [ view_parse ] --END-- [ RunTime:0.015507s ]
INFO: [ view_filter ] --START--
INFO: Run Behavior\WriteHtmlCacheBehavior [ RunTime:0.000464s ]
INFO: [ view_filter ] --END-- [ RunTime:0.000492s ]
INFO: [ app_end ] --START--
INFO: Run Behavior\ShowPageTraceBehavior [ RunTime:0.000717s ]
INFO: [ app_end ] --END-- [ RunTime:0.000770s ]

[ 2017-02-27T23:08:14+08:00 ] ::1 /CESBack/index.php/Home/CourseManage/coursePublish
INFO: [ app_init ] --START--
INFO: Run Behavior\BuildLiteBehavior [ RunTime:0.000006s ]
INFO: [ app_init ] --END-- [ RunTime:0.000172s ]
INFO: [ app_begin ] --START--
INFO: Run Behavior\ReadHtmlCacheBehavior [ RunTime:0.000212s ]
INFO: [ app_begin ] --END-- [ RunTime:0.000231s ]
NOTIC: [8] A session had already been started - ignoring session_start() /Users/lawrance/Data/CESBack/ThinkPHP/Common/functions.php 第 1263 行.
SQL: SHOW COLUMNS FROM `tb_survey_group` [ RunTime:0.0010s ]
SQL: SELECT * FROM `tb_survey_group`  [ RunTime:0.0010s ]
INFO: [ view_parse ] --START--
INFO: [ template_filter ] --START--
INFO: Run Behavior\ContentReplaceBehavior [ RunTime:0.000205s ]
INFO: [ template_filter ] --END-- [ RunTime:0.000235s ]
INFO: Run Behavior\ParseTemplateBehavior [ RunTime:0.009670s ]
INFO: [ view_parse ] --END-- [ RunTime:0.009724s ]
INFO: [ view_filter ] --START--
INFO: Run Behavior\WriteHtmlCacheBehavior [ RunTime:0.000150s ]
INFO: [ view_filter ] --END-- [ RunTime:0.000172s ]
INFO: [ app_end ] --START--
INFO: Run Behavior\ShowPageTraceBehavior [ RunTime:0.000406s ]
INFO: [ app_end ] --END-- [ RunTime:0.000442s ]

[ 2017-02-27T23:08:15+08:00 ] ::1 /CESBack/index.php/Home/Method/getSurvey?limit=10&offset=0&_=1488208094640
INFO: [ app_init ] --START--
INFO: Run Behavior\BuildLiteBehavior [ RunTime:0.000007s ]
INFO: [ app_init ] --END-- [ RunTime:0.000180s ]
INFO: [ app_begin ] --START--
INFO: Run Behavior\ReadHtmlCacheBehavior [ RunTime:0.000227s ]
INFO: [ app_begin ] --END-- [ RunTime:0.000249s ]
NOTIC: [8] A session had already been started - ignoring session_start() /Users/lawrance/Data/CESBack/ThinkPHP/Common/functions.php 第 1263 行.
SQL: SHOW COLUMNS FROM `tb_survey` [ RunTime:0.0011s ]
SQL: SHOW COLUMNS FROM `tb_survey_group` [ RunTime:0.0011s ]
SQL: SELECT g.group_name,`name`,`survey_id`,`level`,`owner` FROM tb_survey AS s, `tb_survey_group` AS g  WHERE ( g.group_id=s.survey_group )  [ RunTime:0.0020s ]

[ 2017-02-27T23:08:15+08:00 ] ::1 /CESBack/index.php/Home/CourseManage/getCourse?limit=10&offset=0&_=1488208094641
INFO: [ app_init ] --START--
INFO: Run Behavior\BuildLiteBehavior [ RunTime:0.000007s ]
INFO: [ app_init ] --END-- [ RunTime:0.000232s ]
INFO: [ app_begin ] --START--
INFO: Run Behavior\ReadHtmlCacheBehavior [ RunTime:0.000521s ]
INFO: [ app_begin ] --END-- [ RunTime:0.000576s ]
NOTIC: [8] A session had already been started - ignoring session_start() /Users/lawrance/Data/CESBack/ThinkPHP/Common/functions.php 第 1263 行.
SQL: SHOW COLUMNS FROM `tb_course_list` [ RunTime:0.0024s ]
SQL: SELECT `course_id`,`name`,`teacher_name`,`semester`,`take_num`,`type`,`is_must` FROM `tb_course_list`  [ RunTime:0.0015s ]

[ 2017-02-27T23:16:14+08:00 ] ::1 /CESBack/index.php/Home/CourseManage/surveyManage
INFO: [ app_init ] --START--
INFO: Run Behavior\BuildLiteBehavior [ RunTime:0.000009s ]
INFO: [ app_init ] --END-- [ RunTime:0.000382s ]
INFO: [ app_begin ] --START--
INFO: Run Behavior\ReadHtmlCacheBehavior [ RunTime:0.000640s ]
INFO: [ app_begin ] --END-- [ RunTime:0.000680s ]
NOTIC: [8] A session had already been started - ignoring session_start() /Users/lawrance/Data/CESBack/ThinkPHP/Common/functions.php 第 1263 行.
SQL: SHOW COLUMNS FROM `tb_survey_group` [ RunTime:0.0010s ]
SQL: SELECT * FROM `tb_survey_group`  [ RunTime:0.0001s ]
INFO: [ view_parse ] --START--
INFO: [ template_filter ] --START--
INFO: Run Behavior\ContentReplaceBehavior [ RunTime:0.000310s ]
INFO: [ template_filter ] --END-- [ RunTime:0.000340s ]
INFO: Run Behavior\ParseTemplateBehavior [ RunTime:0.013318s ]
INFO: [ view_parse ] --END-- [ RunTime:0.013343s ]
INFO: [ view_filter ] --START--
INFO: Run Behavior\WriteHtmlCacheBehavior [ RunTime:0.000333s ]
INFO: [ view_filter ] --END-- [ RunTime:0.000354s ]
INFO: [ app_end ] --START--
INFO: Run Behavior\ShowPageTraceBehavior [ RunTime:0.000517s ]
INFO: [ app_end ] --END-- [ RunTime:0.000545s ]

[ 2017-02-27T23:16:15+08:00 ] ::1 /CESBack/index.php/Home/Method/getSurvey?limit=10&offset=0&_=1488208574888
INFO: [ app_init ] --START--
INFO: Run Behavior\BuildLiteBehavior [ RunTime:0.000006s ]
INFO: [ app_init ] --END-- [ RunTime:0.000179s ]
INFO: [ app_begin ] --START--
INFO: Run Behavior\ReadHtmlCacheBehavior [ RunTime:0.000224s ]
INFO: [ app_begin ] --END-- [ RunTime:0.000247s ]
NOTIC: [8] A session had already been started - ignoring session_start() /Users/lawrance/Data/CESBack/ThinkPHP/Common/functions.php 第 1263 行.
SQL: SHOW COLUMNS FROM `tb_survey` [ RunTime:0.0019s ]
SQL: SHOW COLUMNS FROM `tb_survey_group` [ RunTime:0.0011s ]
SQL: SELECT g.group_name,`name`,`survey_id`,`level`,`owner` FROM tb_survey AS s, `tb_survey_group` AS g  WHERE ( g.group_id=s.survey_group )  [ RunTime:0.0004s ]

[ 2017-02-27T23:16:15+08:00 ] ::1 /CESBack/index.php/Home/Method/getSurvey?limit=5&offset=0&_=1488208574889
INFO: [ app_init ] --START--
INFO: Run Behavior\BuildLiteBehavior [ RunTime:0.000008s ]
INFO: [ app_init ] --END-- [ RunTime:0.000249s ]
INFO: [ app_begin ] --START--
INFO: Run Behavior\ReadHtmlCacheBehavior [ RunTime:0.000229s ]
INFO: [ app_begin ] --END-- [ RunTime:0.000254s ]
NOTIC: [8] A session had already been started - ignoring session_start() /Users/lawrance/Data/CESBack/ThinkPHP/Common/functions.php 第 1263 行.
SQL: SHOW COLUMNS FROM `tb_survey` [ RunTime:0.0015s ]
SQL: SHOW COLUMNS FROM `tb_survey_group` [ RunTime:0.0009s ]
SQL: SELECT g.group_name,`name`,`survey_id`,`level`,`owner` FROM tb_survey AS s, `tb_survey_group` AS g  WHERE ( g.group_id=s.survey_group )  [ RunTime:0.0003s ]

[ 2017-02-27T23:16:15+08:00 ] ::1 /CESBack/index.php/Home/CourseManage/getSurveyGroup?limit=5&offset=0&_=1488208574890
INFO: [ app_init ] --START--
INFO: Run Behavior\BuildLiteBehavior [ RunTime:0.000007s ]
INFO: [ app_init ] --END-- [ RunTime:0.000178s ]
INFO: [ app_begin ] --START--
INFO: Run Behavior\ReadHtmlCacheBehavior [ RunTime:0.000212s ]
INFO: [ app_begin ] --END-- [ RunTime:0.000232s ]
NOTIC: [8] A session had already been started - ignoring session_start() /Users/lawrance/Data/CESBack/ThinkPHP/Common/functions.php 第 1263 行.
SQL: SHOW COLUMNS FROM `tb_survey_group` [ RunTime:0.0010s ]
SQL: SELECT * FROM `tb_survey_group`  [ RunTime:0.0011s ]

[ 2017-02-27T23:16:15+08:00 ] ::1 /CESBack/index.php/Home/CourseManage/surveyPublish
INFO: [ app_init ] --START--
INFO: Run Behavior\BuildLiteBehavior [ RunTime:0.000006s ]
INFO: [ app_init ] --END-- [ RunTime:0.000162s ]
INFO: [ app_begin ] --START--
INFO: Run Behavior\ReadHtmlCacheBehavior [ RunTime:0.000350s ]
INFO: [ app_begin ] --END-- [ RunTime:0.000376s ]
NOTIC: [8] A session had already been started - ignoring session_start() /Users/lawrance/Data/CESBack/ThinkPHP/Common/functions.php 第 1263 行.
SQL: SHOW COLUMNS FROM `tb_survey_group` [ RunTime:0.0021s ]
SQL: SELECT * FROM `tb_survey_group`  [ RunTime:0.0002s ]
INFO: [ view_parse ] --START--
INFO: [ template_filter ] --START--
INFO: Run Behavior\ContentReplaceBehavior [ RunTime:0.000264s ]
INFO: [ template_filter ] --END-- [ RunTime:0.000292s ]
INFO: Run Behavior\ParseTemplateBehavior [ RunTime:0.009859s ]
INFO: [ view_parse ] --END-- [ RunTime:0.009903s ]
INFO: [ view_filter ] --START--
INFO: Run Behavior\WriteHtmlCacheBehavior [ RunTime:0.000212s ]
INFO: [ view_filter ] --END-- [ RunTime:0.000244s ]
INFO: [ app_end ] --START--
INFO: Run Behavior\ShowPageTraceBehavior [ RunTime:0.000495s ]
INFO: [ app_end ] --END-- [ RunTime:0.000537s ]

[ 2017-02-27T23:16:16+08:00 ] ::1 /CESBack/index.php/Home/Method/getSurvey?limit=10&offset=0&_=1488208576071
INFO: [ app_init ] --START--
INFO: Run Behavior\BuildLiteBehavior [ RunTime:0.000007s ]
INFO: [ app_init ] --END-- [ RunTime:0.000172s ]
INFO: [ app_begin ] --START--
INFO: Run Behavior\ReadHtmlCacheBehavior [ RunTime:0.000210s ]
INFO: [ app_begin ] --END-- [ RunTime:0.000231s ]
NOTIC: [8] A session had already been started - ignoring session_start() /Users/lawrance/Data/CESBack/ThinkPHP/Common/functions.php 第 1263 行.
SQL: SHOW COLUMNS FROM `tb_survey` [ RunTime:0.0019s ]
SQL: SHOW COLUMNS FROM `tb_survey_group` [ RunTime:0.0011s ]
SQL: SELECT g.group_name,`name`,`survey_id`,`level`,`owner` FROM tb_survey AS s, `tb_survey_group` AS g  WHERE ( g.group_id=s.survey_group )  [ RunTime:0.0004s ]

[ 2017-02-27T23:16:16+08:00 ] ::1 /CESBack/index.php/Home/WeChat/getInfo?limit=10&offset=0&_=1488208576072
INFO: [ app_init ] --START--
INFO: Run Behavior\BuildLiteBehavior [ RunTime:0.000010s ]
INFO: [ app_init ] --END-- [ RunTime:0.000286s ]
INFO: [ app_begin ] --START--
INFO: Run Behavior\ReadHtmlCacheBehavior [ RunTime:0.000338s ]
INFO: [ app_begin ] --END-- [ RunTime:0.000378s ]
NOTIC: [8] A session had already been started - ignoring session_start() /Users/lawrance/Data/CESBack/ThinkPHP/Common/functions.php 第 1263 行.
SQL: SELECT u.stu_name,u.stu_num,u.stu_class,stu_graclass,openid,stu_sex,is_match,p.stu_pro FROM tb_user AS u,tb_proclass_list AS p WHERE p.pro_id=u.stu_pro [ RunTime:0.0095s ]
INFO: [ app_end ] --START--
INFO: Run Behavior\ShowPageTraceBehavior [ RunTime:0.000310s ]
INFO: [ app_end ] --END-- [ RunTime:0.000355s ]

[ 2017-02-27T23:16:30+08:00 ] ::1 /CESBack/index.php/Home/CourseManage/coursePublish
INFO: [ app_init ] --START--
INFO: Run Behavior\BuildLiteBehavior [ RunTime:0.000006s ]
INFO: [ app_init ] --END-- [ RunTime:0.000208s ]
INFO: [ app_begin ] --START--
INFO: Run Behavior\ReadHtmlCacheBehavior [ RunTime:0.000210s ]
INFO: [ app_begin ] --END-- [ RunTime:0.000228s ]
NOTIC: [8] A session had already been started - ignoring session_start() /Users/lawrance/Data/CESBack/ThinkPHP/Common/functions.php 第 1263 行.
SQL: SHOW COLUMNS FROM `tb_survey_group` [ RunTime:0.0019s ]
SQL: SELECT * FROM `tb_survey_group`  [ RunTime:0.0001s ]
INFO: [ view_parse ] --START--
INFO: [ template_filter ] --START--
INFO: Run Behavior\ContentReplaceBehavior [ RunTime:0.000194s ]
INFO: [ template_filter ] --END-- [ RunTime:0.000223s ]
INFO: Run Behavior\ParseTemplateBehavior [ RunTime:0.008611s ]
INFO: [ view_parse ] --END-- [ RunTime:0.008647s ]
INFO: [ view_filter ] --START--
INFO: Run Behavior\WriteHtmlCacheBehavior [ RunTime:0.000181s ]
INFO: [ view_filter ] --END-- [ RunTime:0.000205s ]
INFO: [ app_end ] --START--
INFO: Run Behavior\ShowPageTraceBehavior [ RunTime:0.000406s ]
INFO: [ app_end ] --END-- [ RunTime:0.000495s ]

[ 2017-02-27T23:16:30+08:00 ] ::1 /CESBack/index.php/Home/Method/getSurvey?limit=10&offset=0&_=1488208590529
INFO: [ app_init ] --START--
INFO: Run Behavior\BuildLiteBehavior [ RunTime:0.000007s ]
INFO: [ app_init ] --END-- [ RunTime:0.000179s ]
INFO: [ app_begin ] --START--
INFO: Run Behavior\ReadHtmlCacheBehavior [ RunTime:0.000222s ]
INFO: [ app_begin ] --END-- [ RunTime:0.000245s ]
NOTIC: [8] A session had already been started - ignoring session_start() /Users/lawrance/Data/CESBack/ThinkPHP/Common/functions.php 第 1263 行.
SQL: SHOW COLUMNS FROM `tb_survey` [ RunTime:0.0019s ]
SQL: SHOW COLUMNS FROM `tb_survey_group` [ RunTime:0.0011s ]
SQL: SELECT g.group_name,`name`,`survey_id`,`level`,`owner` FROM tb_survey AS s, `tb_survey_group` AS g  WHERE ( g.group_id=s.survey_group )  [ RunTime:0.0003s ]

[ 2017-02-27T23:16:30+08:00 ] ::1 /CESBack/index.php/Home/CourseManage/getCourse?limit=10&offset=0&_=1488208590530
INFO: [ app_init ] --START--
INFO: Run Behavior\BuildLiteBehavior [ RunTime:0.000013s ]
INFO: [ app_init ] --END-- [ RunTime:0.000363s ]
INFO: [ app_begin ] --START--
INFO: Run Behavior\ReadHtmlCacheBehavior [ RunTime:0.000593s ]
INFO: [ app_begin ] --END-- [ RunTime:0.000643s ]
NOTIC: [8] A session had already been started - ignoring session_start() /Users/lawrance/Data/CESBack/ThinkPHP/Common/functions.php 第 1263 行.
SQL: SHOW COLUMNS FROM `tb_course_list` [ RunTime:0.0011s ]
SQL: SELECT `course_id`,`name`,`teacher_name`,`semester`,`take_num`,`type`,`is_must` FROM `tb_course_list`  [ RunTime:0.0010s ]

[ 2017-02-27T23:16:32+08:00 ] ::1 /CESBack/index.php/Home/CourseManage/surveyCondition
INFO: [ app_init ] --START--
INFO: Run Behavior\BuildLiteBehavior [ RunTime:0.000007s ]
INFO: [ app_init ] --END-- [ RunTime:0.000286s ]
INFO: [ app_begin ] --START--
INFO: Run Behavior\ReadHtmlCacheBehavior [ RunTime:0.000255s ]
INFO: [ app_begin ] --END-- [ RunTime:0.000284s ]
NOTIC: [8] A session had already been started - ignoring session_start() /Users/lawrance/Data/CESBack/ThinkPHP/Common/functions.php 第 1263 行.
SQL: SHOW COLUMNS FROM `tb_survey_group` [ RunTime:0.0020s ]
SQL: SELECT * FROM `tb_survey_group`  [ RunTime:0.0001s ]
INFO: [ view_parse ] --START--
INFO: [ template_filter ] --START--
INFO: Run Behavior\ContentReplaceBehavior [ RunTime:0.000270s ]
INFO: [ template_filter ] --END-- [ RunTime:0.000300s ]
INFO: Run Behavior\ParseTemplateBehavior [ RunTime:0.009544s ]
INFO: [ view_parse ] --END-- [ RunTime:0.009573s ]
INFO: [ view_filter ] --START--
INFO: Run Behavior\WriteHtmlCacheBehavior [ RunTime:0.000195s ]
INFO: [ view_filter ] --END-- [ RunTime:0.000224s ]
INFO: [ app_end ] --START--
INFO: Run Behavior\ShowPageTraceBehavior [ RunTime:0.000439s ]
INFO: [ app_end ] --END-- [ RunTime:0.000488s ]

[ 2017-02-27T23:16:33+08:00 ] ::1 /CESBack/index.php/Home/CourseManage/getSurveyPlan?limit=10&offset=0&_=1488208593006
INFO: [ app_init ] --START--
INFO: Run Behavior\BuildLiteBehavior [ RunTime:0.000012s ]
INFO: [ app_init ] --END-- [ RunTime:0.000427s ]
INFO: [ app_begin ] --START--
INFO: Run Behavior\ReadHtmlCacheBehavior [ RunTime:0.000550s ]
INFO: [ app_begin ] --END-- [ RunTime:0.000615s ]
NOTIC: [8] A session had already been started - ignoring session_start() /Users/lawrance/Data/CESBack/ThinkPHP/Common/functions.php 第 1263 行.
SQL: SHOW COLUMNS FROM `tb_survey_plan` [ RunTime:0.0037s ]
SQL: SELECT p.id,p.survey_id,p.stu_num,p.openid,p.is_finish,s.name FROM `tb_survey_plan` AS p,tb_survey AS s  WHERE ( s.survey_id=p.survey_id ) [ RunTime:0.0004s ]
INFO: [ app_end ] --START--
INFO: Run Behavior\ShowPageTraceBehavior [ RunTime:0.000299s ]
INFO: [ app_end ] --END-- [ RunTime:0.000317s ]

[ 2017-02-27T23:16:43+08:00 ] ::1 /CESBack/index.php/Home/CourseManage/surveyManage
INFO: [ app_init ] --START--
INFO: Run Behavior\BuildLiteBehavior [ RunTime:0.000011s ]
INFO: [ app_init ] --END-- [ RunTime:0.000483s ]
INFO: [ app_begin ] --START--
INFO: Run Behavior\ReadHtmlCacheBehavior [ RunTime:0.000329s ]
INFO: [ app_begin ] --END-- [ RunTime:0.000370s ]
NOTIC: [8] A session had already been started - ignoring session_start() /Users/lawrance/Data/CESBack/ThinkPHP/Common/functions.php 第 1263 行.
SQL: SHOW COLUMNS FROM `tb_survey_group` [ RunTime:0.0020s ]
SQL: SELECT * FROM `tb_survey_group`  [ RunTime:0.0002s ]
INFO: [ view_parse ] --START--
INFO: [ template_filter ] --START--
INFO: Run Behavior\ContentReplaceBehavior [ RunTime:0.000328s ]
INFO: [ template_filter ] --END-- [ RunTime:0.000359s ]
INFO: Run Behavior\ParseTemplateBehavior [ RunTime:0.010738s ]
INFO: [ view_parse ] --END-- [ RunTime:0.010766s ]
INFO: [ view_filter ] --START--
INFO: Run Behavior\WriteHtmlCacheBehavior [ RunTime:0.000177s ]
INFO: [ view_filter ] --END-- [ RunTime:0.000200s ]
INFO: [ app_end ] --START--
INFO: Run Behavior\ShowPageTraceBehavior [ RunTime:0.000424s ]
INFO: [ app_end ] --END-- [ RunTime:0.000460s ]

[ 2017-02-27T23:16:43+08:00 ] ::1 /CESBack/index.php/Home/Method/getSurvey?limit=10&offset=0&_=1488208603637
INFO: [ app_init ] --START--
INFO: Run Behavior\BuildLiteBehavior [ RunTime:0.000007s ]
INFO: [ app_init ] --END-- [ RunTime:0.000183s ]
INFO: [ app_begin ] --START--
INFO: Run Behavior\ReadHtmlCacheBehavior [ RunTime:0.000219s ]
INFO: [ app_begin ] --END-- [ RunTime:0.000241s ]
NOTIC: [8] A session had already been started - ignoring session_start() /Users/lawrance/Data/CESBack/ThinkPHP/Common/functions.php 第 1263 行.
SQL: SHOW COLUMNS FROM `tb_survey` [ RunTime:0.0019s ]
SQL: SHOW COLUMNS FROM `tb_survey_group` [ RunTime:0.0011s ]
SQL: SELECT g.group_name,`name`,`survey_id`,`level`,`owner` FROM tb_survey AS s, `tb_survey_group` AS g  WHERE ( g.group_id=s.survey_group )  [ RunTime:0.0004s ]

[ 2017-02-27T23:16:43+08:00 ] ::1 /CESBack/index.php/Home/Method/getSurvey?limit=5&offset=0&_=1488208603638
INFO: [ app_init ] --START--
INFO: Run Behavior\BuildLiteBehavior [ RunTime:0.000025s ]
INFO: [ app_init ] --END-- [ RunTime:0.000215s ]
INFO: [ app_begin ] --START--
INFO: Run Behavior\ReadHtmlCacheBehavior [ RunTime:0.000377s ]
INFO: [ app_begin ] --END-- [ RunTime:0.000431s ]
NOTIC: [8] A session had already been started - ignoring session_start() /Users/lawrance/Data/CESBack/ThinkPHP/Common/functions.php 第 1263 行.
SQL: SHOW COLUMNS FROM `tb_survey` [ RunTime:0.0011s ]
SQL: SHOW COLUMNS FROM `tb_survey_group` [ RunTime:0.0008s ]
SQL: SELECT g.group_name,`name`,`survey_id`,`level`,`owner` FROM tb_survey AS s, `tb_survey_group` AS g  WHERE ( g.group_id=s.survey_group )  [ RunTime:0.0002s ]

[ 2017-02-27T23:16:43+08:00 ] ::1 /CESBack/index.php/Home/CourseManage/getSurveyGroup?limit=5&offset=0&_=1488208603639
INFO: [ app_init ] --START--
INFO: Run Behavior\BuildLiteBehavior [ RunTime:0.000013s ]
INFO: [ app_init ] --END-- [ RunTime:0.000345s ]
INFO: [ app_begin ] --START--
INFO: Run Behavior\ReadHtmlCacheBehavior [ RunTime:0.000556s ]
INFO: [ app_begin ] --END-- [ RunTime:0.000624s ]
NOTIC: [8] A session had already been started - ignoring session_start() /Users/lawrance/Data/CESBack/ThinkPHP/Common/functions.php 第 1263 行.
SQL: SHOW COLUMNS FROM `tb_survey_group` [ RunTime:0.0014s ]
SQL: SELECT * FROM `tb_survey_group`  [ RunTime:0.0002s ]

[ 2017-02-27T23:16:45+08:00 ] ::1 /CESBack/index.php/Home/CourseManage/courseManage
INFO: [ app_init ] --START--
INFO: Run Behavior\BuildLiteBehavior [ RunTime:0.000007s ]
INFO: [ app_init ] --END-- [ RunTime:0.000252s ]
INFO: [ app_begin ] --START--
INFO: Run Behavior\ReadHtmlCacheBehavior [ RunTime:0.000215s ]
INFO: [ app_begin ] --END-- [ RunTime:0.000237s ]
NOTIC: [8] A session had already been started - ignoring session_start() /Users/lawrance/Data/CESBack/ThinkPHP/Common/functions.php 第 1263 行.
INFO: [ view_parse ] --START--
INFO: [ template_filter ] --START--
INFO: Run Behavior\ContentReplaceBehavior [ RunTime:0.000194s ]
INFO: [ template_filter ] --END-- [ RunTime:0.000223s ]
INFO: Run Behavior\ParseTemplateBehavior [ RunTime:0.009619s ]
INFO: [ view_parse ] --END-- [ RunTime:0.009647s ]
INFO: [ view_filter ] --START--
INFO: Run Behavior\WriteHtmlCacheBehavior [ RunTime:0.000104s ]
INFO: [ view_filter ] --END-- [ RunTime:0.000116s ]
INFO: [ app_end ] --START--
INFO: Run Behavior\ShowPageTraceBehavior [ RunTime:0.000324s ]
INFO: [ app_end ] --END-- [ RunTime:0.000363s ]

[ 2017-02-27T23:16:45+08:00 ] ::1 /CESBack/index.php/Home/CourseManage/getCourse?limit=10&offset=0&_=1488208605775
INFO: [ app_init ] --START--
INFO: Run Behavior\BuildLiteBehavior [ RunTime:0.000011s ]
INFO: [ app_init ] --END-- [ RunTime:0.000275s ]
INFO: [ app_begin ] --START--
INFO: Run Behavior\ReadHtmlCacheBehavior [ RunTime:0.000313s ]
INFO: [ app_begin ] --END-- [ RunTime:0.000343s ]
NOTIC: [8] A session had already been started - ignoring session_start() /Users/lawrance/Data/CESBack/ThinkPHP/Common/functions.php 第 1263 行.
SQL: SHOW COLUMNS FROM `tb_course_list` [ RunTime:0.0018s ]
SQL: SELECT `course_id`,`name`,`teacher_name`,`semester`,`take_num`,`type`,`is_must` FROM `tb_course_list`  [ RunTime:0.0009s ]

