[ 2016-11-12T16:03:37+08:00 ] ::1 /CESBack/index.php/Home/WeChat/setWeChatMenu
INFO: [ app_init ] --START--
INFO: Run Behavior\BuildLiteBehavior [ RunTime:0.000008s ]
INFO: [ app_init ] --END-- [ RunTime:0.000423s ]
INFO: [ app_begin ] --START--
INFO: Run Behavior\ReadHtmlCacheBehavior [ RunTime:0.000840s ]
INFO: [ app_begin ] --END-- [ RunTime:0.000914s ]
INFO: [ view_parse ] --START--
INFO: [ template_filter ] --START--
INFO: Run Behavior\ContentReplaceBehavior [ RunTime:0.000308s ]
INFO: [ template_filter ] --END-- [ RunTime:0.000338s ]
NOTIC: [8] Undefined variable: username /Users/lawrance/Data/CESBack/CESBack/Runtime/Cache/Home/e9ab43b435adfb923aae1d2a429f6062.php 第 288 行.
INFO: Run Behavior\ParseTemplateBehavior [ RunTime:0.015378s ]
INFO: [ view_parse ] --END-- [ RunTime:0.015440s ]
INFO: [ view_filter ] --START--
INFO: Run Behavior\WriteHtmlCacheBehavior [ RunTime:0.000351s ]
INFO: [ view_filter ] --END-- [ RunTime:0.000383s ]
INFO: [ app_end ] --START--
INFO: Run Behavior\ShowPageTraceBehavior [ RunTime:0.000709s ]
INFO: [ app_end ] --END-- [ RunTime:0.000754s ]

