[ 2017-01-17T19:27:08+08:00 ] ::1 /CESBack/index.php/Home/Home/home?n=admin&p=21232f297a57a5a743894a0e4a801fc
INFO: [ app_init ] --START--
INFO: Run Behavior\BuildLiteBehavior [ RunTime:0.000011s ]
INFO: [ app_init ] --END-- [ RunTime:0.000474s ]
INFO: [ app_begin ] --START--
INFO: Run Behavior\ReadHtmlCacheBehavior [ RunTime:0.000494s ]
INFO: [ app_begin ] --END-- [ RunTime:0.000525s ]
NOTIC: [8] A session had already been started - ignoring session_start() /Users/lawrance/Data/CESBack/ThinkPHP/Common/functions.php 第 1263 行.
NOTIC: [8] Undefined index: token /Users/lawrance/Data/CESBack/CESBack/Home/Controller/MethodController.class.php 第 48 行.
NOTIC: [8] Uninitialized string offset: 1 /Users/lawrance/Data/CESBack/CESBack/Home/Controller/MethodController.class.php 第 42 行.
NOTIC: [8] Undefined offset: 2 /Users/lawrance/Data/CESBack/CESBack/Home/Controller/MethodController.class.php 第 51 行.

[ 2017-01-17T19:27:08+08:00 ] ::1 /CESBack/index.php/Home/Index/index
INFO: [ app_init ] --START--
INFO: Run Behavior\BuildLiteBehavior [ RunTime:0.000006s ]
INFO: [ app_init ] --END-- [ RunTime:0.000159s ]
INFO: [ app_begin ] --START--
INFO: Run Behavior\ReadHtmlCacheBehavior [ RunTime:0.000225s ]
INFO: [ app_begin ] --END-- [ RunTime:0.000249s ]
NOTIC: [8] A session had already been started - ignoring session_start() /Users/lawrance/Data/CESBack/ThinkPHP/Common/functions.php 第 1263 行.
INFO: [ view_parse ] --START--
INFO: [ template_filter ] --START--
INFO: Run Behavior\ContentReplaceBehavior [ RunTime:0.000055s ]
INFO: [ template_filter ] --END-- [ RunTime:0.000081s ]
INFO: Run Behavior\ParseTemplateBehavior [ RunTime:0.006213s ]
INFO: [ view_parse ] --END-- [ RunTime:0.006251s ]
INFO: [ view_filter ] --START--
INFO: Run Behavior\WriteHtmlCacheBehavior [ RunTime:0.000352s ]
INFO: [ view_filter ] --END-- [ RunTime:0.000374s ]
INFO: [ app_end ] --START--
INFO: Run Behavior\ShowPageTraceBehavior [ RunTime:0.000513s ]
INFO: [ app_end ] --END-- [ RunTime:0.000535s ]

[ 2017-01-17T19:27:15+08:00 ] ::1 /CESBack/index.php/Home/Index/login
INFO: [ app_init ] --START--
INFO: Run Behavior\BuildLiteBehavior [ RunTime:0.000008s ]
INFO: [ app_init ] --END-- [ RunTime:0.000199s ]
INFO: [ app_begin ] --START--
INFO: Run Behavior\ReadHtmlCacheBehavior [ RunTime:0.000213s ]
INFO: [ app_begin ] --END-- [ RunTime:0.000236s ]
NOTIC: [8] A session had already been started - ignoring session_start() /Users/lawrance/Data/CESBack/ThinkPHP/Common/functions.php 第 1263 行.
SQL: SHOW COLUMNS FROM `tb_admin` [ RunTime:0.0054s ]
SQL: SELECT * FROM `tb_admin` WHERE `user` = 'admin' AND `password` = '21232f297a57a5a743894a0e4a801fc3'  [ RunTime:0.0013s ]

[ 2017-01-17T19:27:15+08:00 ] ::1 /CESBack/index.php/Home/Home/home
INFO: [ app_init ] --START--
INFO: Run Behavior\BuildLiteBehavior [ RunTime:0.000012s ]
INFO: [ app_init ] --END-- [ RunTime:0.000285s ]
INFO: [ app_begin ] --START--
INFO: Run Behavior\ReadHtmlCacheBehavior [ RunTime:0.000331s ]
INFO: [ app_begin ] --END-- [ RunTime:0.000366s ]
NOTIC: [8] A session had already been started - ignoring session_start() /Users/lawrance/Data/CESBack/ThinkPHP/Common/functions.php 第 1263 行.
SQL: SHOW COLUMNS FROM `tb_home_count` [ RunTime:0.0017s ]
SQL: SELECT `time`,`new`,`all_user`,`survey`,`is_match` FROM `tb_home_count`  WHERE ( time >='2016-12-16' AND time <='2016-12-22' ) ORDER BY time ASC [ RunTime:0.0008s ]
INFO: [ view_parse ] --START--
INFO: [ template_filter ] --START--
INFO: Run Behavior\ContentReplaceBehavior [ RunTime:0.000153s ]
INFO: [ template_filter ] --END-- [ RunTime:0.000184s ]
INFO: Run Behavior\ParseTemplateBehavior [ RunTime:0.012941s ]
INFO: [ view_parse ] --END-- [ RunTime:0.012989s ]
INFO: [ view_filter ] --START--
INFO: Run Behavior\WriteHtmlCacheBehavior [ RunTime:0.000153s ]
INFO: [ view_filter ] --END-- [ RunTime:0.000176s ]
INFO: [ app_end ] --START--
INFO: Run Behavior\ShowPageTraceBehavior [ RunTime:0.000387s ]
INFO: [ app_end ] --END-- [ RunTime:0.000417s ]

[ 2017-01-17T19:27:21+08:00 ] ::1 /CESBack/index.php/Home/DataManage/surveyCount
INFO: [ app_init ] --START--
INFO: Run Behavior\BuildLiteBehavior [ RunTime:0.000005s ]
INFO: [ app_init ] --END-- [ RunTime:0.000159s ]
INFO: [ app_begin ] --START--
INFO: Run Behavior\ReadHtmlCacheBehavior [ RunTime:0.000197s ]
INFO: [ app_begin ] --END-- [ RunTime:0.000214s ]
NOTIC: [8] A session had already been started - ignoring session_start() /Users/lawrance/Data/CESBack/ThinkPHP/Common/functions.php 第 1263 行.
SQL: SHOW COLUMNS FROM `tb_survey_group` [ RunTime:0.0014s ]
SQL: SELECT * FROM `tb_survey_group`  [ RunTime:0.0002s ]
INFO: [ view_parse ] --START--
INFO: [ template_filter ] --START--
INFO: Run Behavior\ContentReplaceBehavior [ RunTime:0.000178s ]
INFO: [ template_filter ] --END-- [ RunTime:0.000210s ]
INFO: Run Behavior\ParseTemplateBehavior [ RunTime:0.008007s ]
INFO: [ view_parse ] --END-- [ RunTime:0.008043s ]
INFO: [ view_filter ] --START--
INFO: Run Behavior\WriteHtmlCacheBehavior [ RunTime:0.000150s ]
INFO: [ view_filter ] --END-- [ RunTime:0.000170s ]
INFO: [ app_end ] --START--
INFO: Run Behavior\ShowPageTraceBehavior [ RunTime:0.000450s ]
INFO: [ app_end ] --END-- [ RunTime:0.000480s ]

[ 2017-01-17T19:27:22+08:00 ] ::1 /CESBack/index.php/Home/Method/getSurvey?sort=group_name&order=asc&offset=0&limit=10&_=1484652441889
INFO: [ app_init ] --START--
INFO: Run Behavior\BuildLiteBehavior [ RunTime:0.000007s ]
INFO: [ app_init ] --END-- [ RunTime:0.000168s ]
INFO: [ app_begin ] --START--
INFO: Run Behavior\ReadHtmlCacheBehavior [ RunTime:0.000212s ]
INFO: [ app_begin ] --END-- [ RunTime:0.000234s ]
NOTIC: [8] A session had already been started - ignoring session_start() /Users/lawrance/Data/CESBack/ThinkPHP/Common/functions.php 第 1263 行.
SQL: SHOW COLUMNS FROM `tb_survey` [ RunTime:0.0021s ]
SQL: SHOW COLUMNS FROM `tb_survey_group` [ RunTime:0.0012s ]
SQL: SELECT g.group_name,`name`,`survey_id`,`level`,`owner` FROM tb_survey AS s, `tb_survey_group` AS g  WHERE ( g.group_id=s.survey_group )  [ RunTime:0.0003s ]

[ 2017-01-17T19:27:22+08:00 ] ::1 /CESBack/index.php/Home/DataManage/userInfo
INFO: [ app_init ] --START--
INFO: Run Behavior\BuildLiteBehavior [ RunTime:0.000006s ]
INFO: [ app_init ] --END-- [ RunTime:0.000157s ]
INFO: [ app_begin ] --START--
INFO: Run Behavior\ReadHtmlCacheBehavior [ RunTime:0.000192s ]
INFO: [ app_begin ] --END-- [ RunTime:0.000211s ]
NOTIC: [8] A session had already been started - ignoring session_start() /Users/lawrance/Data/CESBack/ThinkPHP/Common/functions.php 第 1263 行.
INFO: [ view_parse ] --START--
INFO: [ template_filter ] --START--
INFO: Run Behavior\ContentReplaceBehavior [ RunTime:0.000130s ]
INFO: [ template_filter ] --END-- [ RunTime:0.000158s ]
INFO: Run Behavior\ParseTemplateBehavior [ RunTime:0.008109s ]
INFO: [ view_parse ] --END-- [ RunTime:0.008137s ]
INFO: [ view_filter ] --START--
INFO: Run Behavior\WriteHtmlCacheBehavior [ RunTime:0.000122s ]
INFO: [ view_filter ] --END-- [ RunTime:0.000137s ]
INFO: [ app_end ] --START--
INFO: Run Behavior\ShowPageTraceBehavior [ RunTime:0.000345s ]
INFO: [ app_end ] --END-- [ RunTime:0.000372s ]

[ 2017-01-17T20:26:26+08:00 ] ::1 /CESBack/index.php/Home/Home/home
INFO: [ app_init ] --START--
INFO: Run Behavior\BuildLiteBehavior [ RunTime:0.000009s ]
INFO: [ app_init ] --END-- [ RunTime:0.000207s ]
INFO: [ app_begin ] --START--
INFO: Run Behavior\ReadHtmlCacheBehavior [ RunTime:0.000218s ]
INFO: [ app_begin ] --END-- [ RunTime:0.000239s ]
NOTIC: [8] A session had already been started - ignoring session_start() /Users/lawrance/Data/CESBack/ThinkPHP/Common/functions.php 第 1263 行.
SQL: SHOW COLUMNS FROM `tb_home_count` [ RunTime:0.0019s ]
SQL: SELECT `time`,`new`,`all_user`,`survey`,`is_match` FROM `tb_home_count`  WHERE ( time >='2016-12-16' AND time <='2016-12-22' ) ORDER BY time ASC [ RunTime:0.0002s ]
INFO: [ view_parse ] --START--
INFO: [ template_filter ] --START--
INFO: Run Behavior\ContentReplaceBehavior [ RunTime:0.000160s ]
INFO: [ template_filter ] --END-- [ RunTime:0.000188s ]
INFO: Run Behavior\ParseTemplateBehavior [ RunTime:0.006646s ]
INFO: [ view_parse ] --END-- [ RunTime:0.006666s ]
INFO: [ view_filter ] --START--
INFO: Run Behavior\WriteHtmlCacheBehavior [ RunTime:0.000091s ]
INFO: [ view_filter ] --END-- [ RunTime:0.000105s ]
INFO: [ app_end ] --START--
INFO: Run Behavior\ShowPageTraceBehavior [ RunTime:0.000336s ]
INFO: [ app_end ] --END-- [ RunTime:0.000356s ]

[ 2017-01-17T20:27:07+08:00 ] ::1 /CESBack/index.php/Home/DataManage/userCourse
INFO: [ app_init ] --START--
INFO: Run Behavior\BuildLiteBehavior [ RunTime:0.000008s ]
INFO: [ app_init ] --END-- [ RunTime:0.000209s ]
INFO: [ app_begin ] --START--
INFO: Run Behavior\ReadHtmlCacheBehavior [ RunTime:0.000216s ]
INFO: [ app_begin ] --END-- [ RunTime:0.000235s ]
NOTIC: [8] A session had already been started - ignoring session_start() /Users/lawrance/Data/CESBack/ThinkPHP/Common/functions.php 第 1263 行.
INFO: [ view_parse ] --START--
INFO: [ template_filter ] --START--
INFO: Run Behavior\ContentReplaceBehavior [ RunTime:0.000169s ]
INFO: [ template_filter ] --END-- [ RunTime:0.000204s ]
INFO: Run Behavior\ParseTemplateBehavior [ RunTime:0.010828s ]
INFO: [ view_parse ] --END-- [ RunTime:0.010858s ]
INFO: [ view_filter ] --START--
INFO: Run Behavior\WriteHtmlCacheBehavior [ RunTime:0.000120s ]
INFO: [ view_filter ] --END-- [ RunTime:0.000136s ]
INFO: [ app_end ] --START--
INFO: Run Behavior\ShowPageTraceBehavior [ RunTime:0.000454s ]
INFO: [ app_end ] --END-- [ RunTime:0.000494s ]

[ 2017-01-17T20:27:10+08:00 ] ::1 /CESBack/index.php/Home/Home/home
INFO: [ app_init ] --START--
INFO: Run Behavior\BuildLiteBehavior [ RunTime:0.000011s ]
INFO: [ app_init ] --END-- [ RunTime:0.000274s ]
INFO: [ app_begin ] --START--
INFO: Run Behavior\ReadHtmlCacheBehavior [ RunTime:0.000350s ]
INFO: [ app_begin ] --END-- [ RunTime:0.000387s ]
NOTIC: [8] A session had already been started - ignoring session_start() /Users/lawrance/Data/CESBack/ThinkPHP/Common/functions.php 第 1263 行.
SQL: SHOW COLUMNS FROM `tb_home_count` [ RunTime:0.0018s ]
SQL: SELECT `time`,`new`,`all_user`,`survey`,`is_match` FROM `tb_home_count`  WHERE ( time >='2016-12-16' AND time <='2016-12-22' ) ORDER BY time ASC [ RunTime:0.0003s ]
INFO: [ view_parse ] --START--
INFO: [ template_filter ] --START--
INFO: Run Behavior\ContentReplaceBehavior [ RunTime:0.000148s ]
INFO: [ template_filter ] --END-- [ RunTime:0.000181s ]
INFO: Run Behavior\ParseTemplateBehavior [ RunTime:0.006748s ]
INFO: [ view_parse ] --END-- [ RunTime:0.006777s ]
INFO: [ view_filter ] --START--
INFO: Run Behavior\WriteHtmlCacheBehavior [ RunTime:0.000124s ]
INFO: [ view_filter ] --END-- [ RunTime:0.000138s ]
INFO: [ app_end ] --START--
INFO: Run Behavior\ShowPageTraceBehavior [ RunTime:0.000506s ]
INFO: [ app_end ] --END-- [ RunTime:0.000547s ]

[ 2017-01-17T20:27:16+08:00 ] ::1 /CESBack/index.php/Home/WeChat/setWeChatMenu
INFO: [ app_init ] --START--
INFO: Run Behavior\BuildLiteBehavior [ RunTime:0.000006s ]
INFO: [ app_init ] --END-- [ RunTime:0.000190s ]
INFO: [ app_begin ] --START--
INFO: Run Behavior\ReadHtmlCacheBehavior [ RunTime:0.000218s ]
INFO: [ app_begin ] --END-- [ RunTime:0.000238s ]
NOTIC: [8] A session had already been started - ignoring session_start() /Users/lawrance/Data/CESBack/ThinkPHP/Common/functions.php 第 1263 行.
INFO: [ view_parse ] --START--
INFO: [ template_filter ] --START--
INFO: Run Behavior\ContentReplaceBehavior [ RunTime:0.000417s ]
INFO: [ template_filter ] --END-- [ RunTime:0.000442s ]
INFO: Run Behavior\ParseTemplateBehavior [ RunTime:0.013107s ]
INFO: [ view_parse ] --END-- [ RunTime:0.013142s ]
INFO: [ view_filter ] --START--
INFO: Run Behavior\WriteHtmlCacheBehavior [ RunTime:0.000117s ]
INFO: [ view_filter ] --END-- [ RunTime:0.000131s ]
INFO: [ app_end ] --START--
INFO: Run Behavior\ShowPageTraceBehavior [ RunTime:0.000394s ]
INFO: [ app_end ] --END-- [ RunTime:0.000424s ]

[ 2017-01-17T20:27:25+08:00 ] ::1 /CESBack/index.php/Home/Home/home
INFO: [ app_init ] --START--
INFO: Run Behavior\BuildLiteBehavior [ RunTime:0.000017s ]
INFO: [ app_init ] --END-- [ RunTime:0.000706s ]
INFO: [ app_begin ] --START--
INFO: Run Behavior\ReadHtmlCacheBehavior [ RunTime:0.000551s ]
INFO: [ app_begin ] --END-- [ RunTime:0.000596s ]
NOTIC: [8] A session had already been started - ignoring session_start() /Users/lawrance/Data/CESBack/ThinkPHP/Common/functions.php 第 1263 行.
SQL: SHOW COLUMNS FROM `tb_home_count` [ RunTime:0.0019s ]
SQL: SELECT `time`,`new`,`all_user`,`survey`,`is_match` FROM `tb_home_count`  WHERE ( time >='2016-12-16' AND time <='2016-12-22' ) ORDER BY time ASC [ RunTime:0.0002s ]
INFO: [ view_parse ] --START--
INFO: [ template_filter ] --START--
INFO: Run Behavior\ContentReplaceBehavior [ RunTime:0.000453s ]
INFO: [ template_filter ] --END-- [ RunTime:0.000904s ]
INFO: Run Behavior\ParseTemplateBehavior [ RunTime:0.008767s ]
INFO: [ view_parse ] --END-- [ RunTime:0.008802s ]
INFO: [ view_filter ] --START--
INFO: Run Behavior\WriteHtmlCacheBehavior [ RunTime:0.000196s ]
INFO: [ view_filter ] --END-- [ RunTime:0.000223s ]
INFO: [ app_end ] --START--
INFO: Run Behavior\ShowPageTraceBehavior [ RunTime:0.000624s ]
INFO: [ app_end ] --END-- [ RunTime:0.000673s ]

[ 2017-01-17T20:28:49+08:00 ] ::1 /CESBack/index.php/Home/UserManage/userManage
INFO: [ app_init ] --START--
INFO: Run Behavior\BuildLiteBehavior [ RunTime:0.000009s ]
INFO: [ app_init ] --END-- [ RunTime:0.000208s ]
INFO: [ app_begin ] --START--
INFO: Run Behavior\ReadHtmlCacheBehavior [ RunTime:0.000327s ]
INFO: [ app_begin ] --END-- [ RunTime:0.000358s ]
NOTIC: [8] A session had already been started - ignoring session_start() /Users/lawrance/Data/CESBack/ThinkPHP/Common/functions.php 第 1263 行.
INFO: [ view_parse ] --START--
INFO: [ template_filter ] --START--
INFO: Run Behavior\ContentReplaceBehavior [ RunTime:0.000221s ]
INFO: [ template_filter ] --END-- [ RunTime:0.000250s ]
INFO: Run Behavior\ParseTemplateBehavior [ RunTime:0.009160s ]
INFO: [ view_parse ] --END-- [ RunTime:0.009189s ]
INFO: [ view_filter ] --START--
INFO: Run Behavior\WriteHtmlCacheBehavior [ RunTime:0.000107s ]
INFO: [ view_filter ] --END-- [ RunTime:0.000120s ]
INFO: [ app_end ] --START--
INFO: Run Behavior\ShowPageTraceBehavior [ RunTime:0.000289s ]
INFO: [ app_end ] --END-- [ RunTime:0.000315s ]

[ 2017-01-17T20:28:50+08:00 ] ::1 /CESBack/index.php/Home/UserManage/getUser?limit=10&offset=0&_=1484656129863
INFO: [ app_init ] --START--
INFO: Run Behavior\BuildLiteBehavior [ RunTime:0.000012s ]
INFO: [ app_init ] --END-- [ RunTime:0.000281s ]
INFO: [ app_begin ] --START--
INFO: Run Behavior\ReadHtmlCacheBehavior [ RunTime:0.000607s ]
INFO: [ app_begin ] --END-- [ RunTime:0.000684s ]
NOTIC: [8] A session had already been started - ignoring session_start() /Users/lawrance/Data/CESBack/ThinkPHP/Common/functions.php 第 1263 行.
SQL: SHOW COLUMNS FROM `tb_user` [ RunTime:0.0026s ]
SQL: SELECT `stu_num`,`stu_name`,`stu_sex`,`stu_graclass`,`stu_pro`,`stu_class`,`stu_phone`,`stu_qq` FROM `tb_user`  [ RunTime:0.0106s ]

[ 2017-01-17T20:28:55+08:00 ] ::1 /CESBack/index.php/Home/CourseManage/surveyPublish
INFO: [ app_init ] --START--
INFO: Run Behavior\BuildLiteBehavior [ RunTime:0.000008s ]
INFO: [ app_init ] --END-- [ RunTime:0.000206s ]
INFO: [ app_begin ] --START--
INFO: Run Behavior\ReadHtmlCacheBehavior [ RunTime:0.000215s ]
INFO: [ app_begin ] --END-- [ RunTime:0.000234s ]
NOTIC: [8] A session had already been started - ignoring session_start() /Users/lawrance/Data/CESBack/ThinkPHP/Common/functions.php 第 1263 行.
SQL: SHOW COLUMNS FROM `tb_survey_group` [ RunTime:0.0010s ]
SQL: SELECT * FROM `tb_survey_group`  [ RunTime:0.0002s ]
INFO: [ view_parse ] --START--
INFO: [ template_filter ] --START--
INFO: Run Behavior\ContentReplaceBehavior [ RunTime:0.000346s ]
INFO: [ template_filter ] --END-- [ RunTime:0.000384s ]
INFO: Run Behavior\ParseTemplateBehavior [ RunTime:0.011617s ]
INFO: [ view_parse ] --END-- [ RunTime:0.011661s ]
INFO: [ view_filter ] --START--
INFO: Run Behavior\WriteHtmlCacheBehavior [ RunTime:0.000111s ]
INFO: [ view_filter ] --END-- [ RunTime:0.000146s ]
INFO: [ app_end ] --START--
INFO: Run Behavior\ShowPageTraceBehavior [ RunTime:0.000537s ]
INFO: [ app_end ] --END-- [ RunTime:0.000569s ]

[ 2017-01-17T20:28:55+08:00 ] ::1 /CESBack/index.php/Home/Method/getSurvey?limit=10&offset=0&_=1484656135307
INFO: [ app_init ] --START--
INFO: Run Behavior\BuildLiteBehavior [ RunTime:0.000009s ]
INFO: [ app_init ] --END-- [ RunTime:0.000229s ]
INFO: [ app_begin ] --START--
INFO: Run Behavior\ReadHtmlCacheBehavior [ RunTime:0.000255s ]
INFO: [ app_begin ] --END-- [ RunTime:0.000280s ]
NOTIC: [8] A session had already been started - ignoring session_start() /Users/lawrance/Data/CESBack/ThinkPHP/Common/functions.php 第 1263 行.
SQL: SHOW COLUMNS FROM `tb_survey` [ RunTime:0.0019s ]
SQL: SHOW COLUMNS FROM `tb_survey_group` [ RunTime:0.0010s ]
SQL: SELECT g.group_name,`name`,`survey_id`,`level`,`owner` FROM tb_survey AS s, `tb_survey_group` AS g  WHERE ( g.group_id=s.survey_group )  [ RunTime:0.0004s ]

[ 2017-01-17T20:28:55+08:00 ] ::1 /CESBack/index.php/Home/WeChat/getInfo?limit=10&offset=0&_=1484656135308
INFO: [ app_init ] --START--
INFO: Run Behavior\BuildLiteBehavior [ RunTime:0.000031s ]
INFO: [ app_init ] --END-- [ RunTime:0.000817s ]
INFO: [ app_begin ] --START--
INFO: Run Behavior\ReadHtmlCacheBehavior [ RunTime:0.000489s ]
INFO: [ app_begin ] --END-- [ RunTime:0.000536s ]
NOTIC: [8] A session had already been started - ignoring session_start() /Users/lawrance/Data/CESBack/ThinkPHP/Common/functions.php 第 1263 行.
SQL: SELECT u.stu_name,u.stu_num,u.stu_class,stu_graclass,openid,stu_sex,is_match,p.stu_pro FROM tb_user AS u,tb_proclass_list AS p WHERE p.pro_id=u.stu_pro [ RunTime:0.0073s ]
INFO: [ app_end ] --START--
INFO: Run Behavior\ShowPageTraceBehavior [ RunTime:0.000371s ]
INFO: [ app_end ] --END-- [ RunTime:0.000432s ]

[ 2017-01-17T20:28:59+08:00 ] ::1 /CESBack/index.php/Home/CourseManage/surveyCondition
INFO: [ app_init ] --START--
INFO: Run Behavior\BuildLiteBehavior [ RunTime:0.000009s ]
INFO: [ app_init ] --END-- [ RunTime:0.000252s ]
INFO: [ app_begin ] --START--
INFO: Run Behavior\ReadHtmlCacheBehavior [ RunTime:0.000376s ]
INFO: [ app_begin ] --END-- [ RunTime:0.000431s ]
NOTIC: [8] A session had already been started - ignoring session_start() /Users/lawrance/Data/CESBack/ThinkPHP/Common/functions.php 第 1263 行.
SQL: SHOW COLUMNS FROM `tb_survey_group` [ RunTime:0.0020s ]
SQL: SELECT * FROM `tb_survey_group`  [ RunTime:0.0001s ]
INFO: [ view_parse ] --START--
INFO: [ template_filter ] --START--
INFO: Run Behavior\ContentReplaceBehavior [ RunTime:0.000267s ]
INFO: [ template_filter ] --END-- [ RunTime:0.000295s ]
INFO: Run Behavior\ParseTemplateBehavior [ RunTime:0.009778s ]
INFO: [ view_parse ] --END-- [ RunTime:0.009809s ]
INFO: [ view_filter ] --START--
INFO: Run Behavior\WriteHtmlCacheBehavior [ RunTime:0.000124s ]
INFO: [ view_filter ] --END-- [ RunTime:0.000138s ]
INFO: [ app_end ] --START--
INFO: Run Behavior\ShowPageTraceBehavior [ RunTime:0.000486s ]
INFO: [ app_end ] --END-- [ RunTime:0.000549s ]

[ 2017-01-17T20:28:59+08:00 ] ::1 /CESBack/index.php/Home/CourseManage/getSurveyPlan?limit=10&offset=0&_=1484656139093
INFO: [ app_init ] --START--
INFO: Run Behavior\BuildLiteBehavior [ RunTime:0.000008s ]
INFO: [ app_init ] --END-- [ RunTime:0.000303s ]
INFO: [ app_begin ] --START--
INFO: Run Behavior\ReadHtmlCacheBehavior [ RunTime:0.000244s ]
INFO: [ app_begin ] --END-- [ RunTime:0.000274s ]
NOTIC: [8] A session had already been started - ignoring session_start() /Users/lawrance/Data/CESBack/ThinkPHP/Common/functions.php 第 1263 行.
SQL: SHOW COLUMNS FROM `tb_survey_plan` [ RunTime:0.0030s ]
SQL: SELECT p.id,p.survey_id,p.stu_num,p.openid,p.is_finish,s.name FROM `tb_survey_plan` AS p,tb_survey AS s  WHERE ( s.survey_id=p.survey_id ) [ RunTime:0.0013s ]
INFO: [ app_end ] --START--
INFO: Run Behavior\ShowPageTraceBehavior [ RunTime:0.000581s ]
INFO: [ app_end ] --END-- [ RunTime:0.000625s ]

[ 2017-01-17T20:29:01+08:00 ] ::1 /CESBack/index.php/Home/DataManage/surveyCount
INFO: [ app_init ] --START--
INFO: Run Behavior\BuildLiteBehavior [ RunTime:0.000008s ]
INFO: [ app_init ] --END-- [ RunTime:0.000231s ]
INFO: [ app_begin ] --START--
INFO: Run Behavior\ReadHtmlCacheBehavior [ RunTime:0.000224s ]
INFO: [ app_begin ] --END-- [ RunTime:0.000247s ]
NOTIC: [8] A session had already been started - ignoring session_start() /Users/lawrance/Data/CESBack/ThinkPHP/Common/functions.php 第 1263 行.
SQL: SHOW COLUMNS FROM `tb_survey_group` [ RunTime:0.0018s ]
SQL: SELECT * FROM `tb_survey_group`  [ RunTime:0.0003s ]
INFO: [ view_parse ] --START--
INFO: [ template_filter ] --START--
INFO: Run Behavior\ContentReplaceBehavior [ RunTime:0.000175s ]
INFO: [ template_filter ] --END-- [ RunTime:0.000199s ]
INFO: Run Behavior\ParseTemplateBehavior [ RunTime:0.006119s ]
INFO: [ view_parse ] --END-- [ RunTime:0.006141s ]
INFO: [ view_filter ] --START--
INFO: Run Behavior\WriteHtmlCacheBehavior [ RunTime:0.000087s ]
INFO: [ view_filter ] --END-- [ RunTime:0.000100s ]
INFO: [ app_end ] --START--
INFO: Run Behavior\ShowPageTraceBehavior [ RunTime:0.000343s ]
INFO: [ app_end ] --END-- [ RunTime:0.000368s ]

[ 2017-01-17T20:29:02+08:00 ] ::1 /CESBack/index.php/Home/Method/getSurvey?sort=group_name&order=asc&offset=0&limit=10&_=1484656141999
INFO: [ app_init ] --START--
INFO: Run Behavior\BuildLiteBehavior [ RunTime:0.000016s ]
INFO: [ app_init ] --END-- [ RunTime:0.000400s ]
INFO: [ app_begin ] --START--
INFO: Run Behavior\ReadHtmlCacheBehavior [ RunTime:0.000492s ]
INFO: [ app_begin ] --END-- [ RunTime:0.000552s ]
NOTIC: [8] A session had already been started - ignoring session_start() /Users/lawrance/Data/CESBack/ThinkPHP/Common/functions.php 第 1263 行.
SQL: SHOW COLUMNS FROM `tb_survey` [ RunTime:0.0019s ]
SQL: SHOW COLUMNS FROM `tb_survey_group` [ RunTime:0.0010s ]
SQL: SELECT g.group_name,`name`,`survey_id`,`level`,`owner` FROM tb_survey AS s, `tb_survey_group` AS g  WHERE ( g.group_id=s.survey_group )  [ RunTime:0.0005s ]

[ 2017-01-17T20:29:05+08:00 ] ::1 /CESBack/index.php/Home/DataManage/getSurveyImageCount?s_i=1480946991
INFO: [ app_init ] --START--
INFO: Run Behavior\BuildLiteBehavior [ RunTime:0.000005s ]
INFO: [ app_init ] --END-- [ RunTime:0.000163s ]
INFO: [ app_begin ] --START--
INFO: Run Behavior\ReadHtmlCacheBehavior [ RunTime:0.000204s ]
INFO: [ app_begin ] --END-- [ RunTime:0.000223s ]
NOTIC: [8] A session had already been started - ignoring session_start() /Users/lawrance/Data/CESBack/ThinkPHP/Common/functions.php 第 1263 行.
SQL: SHOW COLUMNS FROM `tb_survey` [ RunTime:0.0019s ]
SQL: SELECT * FROM `tb_survey` WHERE `survey_id` = '1480946991'  [ RunTime:0.0002s ]
SQL: SHOW COLUMNS FROM `tb_survey_question` [ RunTime:0.0017s ]
SQL: SELECT * FROM `tb_survey_question` WHERE ( question_id IN (1480946845,1480946878,1480946890,1480946902,1480946919,1480946929,1480946952,1480946964,1480946977,1480946985) )  [ RunTime:0.0002s ]
SQL: SHOW COLUMNS FROM `tb_survey_answer` [ RunTime:0.0021s ]
SQL: SELECT `content`,COUNT(*) AS total FROM `tb_survey_answer`  WHERE `survey_id` = '1480946991' AND `question_id` = '1480946845' AND ( type=1 OR type=2 ) GROUP BY content ORDER BY content [ RunTime:0.0013s ]
SQL: SHOW COLUMNS FROM `tb_survey_answer` [ RunTime:0.0008s ]
SQL: SELECT COUNT(*) AS total FROM `tb_survey_answer`  WHERE `survey_id` = '1480946991' AND `question_id` = '1480946845' AND ( type=1 OR type=2 ) GROUP BY question_id [ RunTime:0.0002s ]
SQL: SHOW COLUMNS FROM `tb_survey_answer` [ RunTime:0.0007s ]
SQL: SELECT `content`,COUNT(*) AS total FROM `tb_survey_answer`  WHERE `survey_id` = '1480946991' AND `question_id` = '1480946878' AND ( type=1 OR type=2 ) GROUP BY content ORDER BY content [ RunTime:0.0003s ]
SQL: SHOW COLUMNS FROM `tb_survey_answer` [ RunTime:0.0011s ]
SQL: SELECT COUNT(*) AS total FROM `tb_survey_answer`  WHERE `survey_id` = '1480946991' AND `question_id` = '1480946878' AND ( type=1 OR type=2 ) GROUP BY question_id [ RunTime:0.0002s ]
SQL: SHOW COLUMNS FROM `tb_survey_answer` [ RunTime:0.0011s ]
SQL: SELECT `content`,COUNT(*) AS total FROM `tb_survey_answer`  WHERE `survey_id` = '1480946991' AND `question_id` = '1480946890' AND ( type=1 OR type=2 ) GROUP BY content ORDER BY content [ RunTime:0.0007s ]
SQL: SHOW COLUMNS FROM `tb_survey_answer` [ RunTime:0.0010s ]
SQL: SELECT COUNT(*) AS total FROM `tb_survey_answer`  WHERE `survey_id` = '1480946991' AND `question_id` = '1480946890' AND ( type=1 OR type=2 ) GROUP BY question_id [ RunTime:0.0004s ]
NOTIC: [8] Undefined offset: 2 /Users/lawrance/Data/CESBack/CESBack/Home/Controller/DataManageController.class.php 第 228 行.
NOTIC: [8] Undefined offset: 2 /Users/lawrance/Data/CESBack/CESBack/Home/Controller/DataManageController.class.php 第 228 行.
NOTIC: [8] Undefined offset: 2 /Users/lawrance/Data/CESBack/CESBack/Home/Controller/DataManageController.class.php 第 228 行.
NOTIC: [8] Undefined offset: 3 /Users/lawrance/Data/CESBack/CESBack/Home/Controller/DataManageController.class.php 第 228 行.
NOTIC: [8] Undefined offset: 3 /Users/lawrance/Data/CESBack/CESBack/Home/Controller/DataManageController.class.php 第 228 行.
SQL: SHOW COLUMNS FROM `tb_survey_answer` [ RunTime:0.0009s ]
SQL: SELECT `content`,COUNT(*) AS total FROM `tb_survey_answer`  WHERE `survey_id` = '1480946991' AND `question_id` = '1480946902' AND ( type=1 OR type=2 ) GROUP BY content ORDER BY content [ RunTime:0.0003s ]
SQL: SHOW COLUMNS FROM `tb_survey_answer` [ RunTime:0.0008s ]
SQL: SELECT COUNT(*) AS total FROM `tb_survey_answer`  WHERE `survey_id` = '1480946991' AND `question_id` = '1480946902' AND ( type=1 OR type=2 ) GROUP BY question_id [ RunTime:0.0002s ]
SQL: SHOW COLUMNS FROM `tb_survey_answer` [ RunTime:0.0010s ]
SQL: SELECT `content`,COUNT(*) AS total FROM `tb_survey_answer`  WHERE `survey_id` = '1480946991' AND `question_id` = '1480946919' AND ( type=1 OR type=2 ) GROUP BY content ORDER BY content [ RunTime:0.0004s ]
SQL: SHOW COLUMNS FROM `tb_survey_answer` [ RunTime:0.0007s ]
SQL: SELECT COUNT(*) AS total FROM `tb_survey_answer`  WHERE `survey_id` = '1480946991' AND `question_id` = '1480946919' AND ( type=1 OR type=2 ) GROUP BY question_id [ RunTime:0.0002s ]
SQL: SHOW COLUMNS FROM `tb_survey_answer` [ RunTime:0.0008s ]
SQL: SELECT `content`,COUNT(*) AS total FROM `tb_survey_answer`  WHERE `survey_id` = '1480946991' AND `question_id` = '1480946929' AND ( type=1 OR type=2 ) GROUP BY content ORDER BY content [ RunTime:0.0003s ]
SQL: SHOW COLUMNS FROM `tb_survey_answer` [ RunTime:0.0008s ]
SQL: SELECT COUNT(*) AS total FROM `tb_survey_answer`  WHERE `survey_id` = '1480946991' AND `question_id` = '1480946929' AND ( type=1 OR type=2 ) GROUP BY question_id [ RunTime:0.0002s ]
SQL: SHOW COLUMNS FROM `tb_survey_answer` [ RunTime:0.0007s ]
SQL: SELECT `content`,COUNT(*) AS total FROM `tb_survey_answer`  WHERE `survey_id` = '1480946991' AND `question_id` = '1480946952' AND ( type=1 OR type=2 ) GROUP BY content ORDER BY content [ RunTime:0.0003s ]
SQL: SHOW COLUMNS FROM `tb_survey_answer` [ RunTime:0.0009s ]
SQL: SELECT COUNT(*) AS total FROM `tb_survey_answer`  WHERE `survey_id` = '1480946991' AND `question_id` = '1480946952' AND ( type=1 OR type=2 ) GROUP BY question_id [ RunTime:0.0002s ]
SQL: SHOW COLUMNS FROM `tb_survey_answer` [ RunTime:0.0008s ]
SQL: SELECT `content`,COUNT(*) AS total FROM `tb_survey_answer`  WHERE `survey_id` = '1480946991' AND `question_id` = '1480946964' AND ( type=1 OR type=2 ) GROUP BY content ORDER BY content [ RunTime:0.0004s ]
SQL: SHOW COLUMNS FROM `tb_survey_answer` [ RunTime:0.0007s ]
SQL: SELECT COUNT(*) AS total FROM `tb_survey_answer`  WHERE `survey_id` = '1480946991' AND `question_id` = '1480946964' AND ( type=1 OR type=2 ) GROUP BY question_id [ RunTime:0.0002s ]
NOTIC: [8] Undefined offset: 2 /Users/lawrance/Data/CESBack/CESBack/Home/Controller/DataManageController.class.php 第 228 行.
SQL: SHOW COLUMNS FROM `tb_survey_answer` [ RunTime:0.0009s ]
SQL: SELECT `content`,COUNT(*) AS total FROM `tb_survey_answer`  WHERE `survey_id` = '1480946991' AND `question_id` = '1480946977' AND ( type=1 OR type=2 ) GROUP BY content ORDER BY content [ RunTime:0.0003s ]
SQL: SHOW COLUMNS FROM `tb_survey_answer` [ RunTime:0.0010s ]
SQL: SELECT COUNT(*) AS total FROM `tb_survey_answer`  WHERE `survey_id` = '1480946991' AND `question_id` = '1480946977' AND ( type=1 OR type=2 ) GROUP BY question_id [ RunTime:0.0003s ]
SQL: SHOW COLUMNS FROM `tb_survey_answer` [ RunTime:0.0010s ]
SQL: SELECT `content`,COUNT(*) AS total FROM `tb_survey_answer`  WHERE `survey_id` = '1480946991' AND `question_id` = '1480946985' AND ( type=1 OR type=2 ) GROUP BY content ORDER BY content [ RunTime:0.0003s ]
SQL: SHOW COLUMNS FROM `tb_survey_answer` [ RunTime:0.0008s ]
SQL: SELECT COUNT(*) AS total FROM `tb_survey_answer`  WHERE `survey_id` = '1480946991' AND `question_id` = '1480946985' AND ( type=1 OR type=2 ) GROUP BY question_id [ RunTime:0.0002s ]
SQL: SHOW COLUMNS FROM `tb_survey_answer` [ RunTime:0.0010s ]
SQL: SELECT `question_id`,`content` FROM `tb_survey_answer`  WHERE `survey_id` = '1480946991' AND `type` = '3' ORDER BY question_id [ RunTime:0.0004s ]
NOTIC: [8] Undefined index: type /Users/lawrance/Data/CESBack/CESBack/Home/Controller/DataManageController.class.php 第 296 行.
NOTIC: [8] Undefined index: type /Users/lawrance/Data/CESBack/CESBack/Home/Controller/DataManageController.class.php 第 296 行.
NOTIC: [8] Undefined index: name /Users/lawrance/Data/CESBack/CESBack/Home/Controller/DataManageController.class.php 第 295 行.
NOTIC: [8] Undefined index: type /Users/lawrance/Data/CESBack/CESBack/Home/Controller/DataManageController.class.php 第 296 行.
NOTIC: [8] Undefined index: type /Users/lawrance/Data/CESBack/CESBack/Home/Controller/DataManageController.class.php 第 296 行.
NOTIC: [8] Only variables should be assigned by reference /Users/lawrance/Data/CESBack/CESBack/Home/Common/function.php 第 34 行.
INFO: [ view_parse ] --START--
INFO: [ template_filter ] --START--
INFO: Run Behavior\ContentReplaceBehavior [ RunTime:0.000137s ]
INFO: [ template_filter ] --END-- [ RunTime:0.000165s ]
INFO: Run Behavior\ParseTemplateBehavior [ RunTime:0.007074s ]
INFO: [ view_parse ] --END-- [ RunTime:0.007131s ]
INFO: [ view_filter ] --START--
INFO: Run Behavior\WriteHtmlCacheBehavior [ RunTime:0.000140s ]
INFO: [ view_filter ] --END-- [ RunTime:0.000172s ]
INFO: [ app_end ] --START--
INFO: Run Behavior\ShowPageTraceBehavior [ RunTime:0.000361s ]
INFO: [ app_end ] --END-- [ RunTime:0.000386s ]

