[ 2017-02-05T11:03:23+08:00 ] ::1 /CESBack/index.php/Home/Home/home
INFO: [ app_init ] --START--
INFO: Run Behavior\BuildLiteBehavior [ RunTime:0.000007s ]
INFO: [ app_init ] --END-- [ RunTime:0.000456s ]
INFO: [ app_begin ] --START--
INFO: Run Behavior\ReadHtmlCacheBehavior [ RunTime:0.000517s ]
INFO: [ app_begin ] --END-- [ RunTime:0.000553s ]
NOTIC: [8] A session had already been started - ignoring session_start() /Users/lawrance/Data/CESBack/ThinkPHP/Common/functions.php 第 1263 行.
NOTIC: [8] Undefined index: token /Users/lawrance/Data/CESBack/CESBack/Home/Controller/MethodController.class.php 第 48 行.
NOTIC: [8] Uninitialized string offset: 1 /Users/lawrance/Data/CESBack/CESBack/Home/Controller/MethodController.class.php 第 42 行.
NOTIC: [8] Undefined offset: 2 /Users/lawrance/Data/CESBack/CESBack/Home/Controller/MethodController.class.php 第 51 行.

[ 2017-02-05T11:03:23+08:00 ] ::1 /CESBack/index.php/Home/Index/index
INFO: [ app_init ] --START--
INFO: Run Behavior\BuildLiteBehavior [ RunTime:0.000004s ]
INFO: [ app_init ] --END-- [ RunTime:0.000167s ]
INFO: [ app_begin ] --START--
INFO: Run Behavior\ReadHtmlCacheBehavior [ RunTime:0.000202s ]
INFO: [ app_begin ] --END-- [ RunTime:0.000223s ]
NOTIC: [8] A session had already been started - ignoring session_start() /Users/lawrance/Data/CESBack/ThinkPHP/Common/functions.php 第 1263 行.
INFO: [ view_parse ] --START--
INFO: [ template_filter ] --START--
INFO: Run Behavior\ContentReplaceBehavior [ RunTime:0.000049s ]
INFO: [ template_filter ] --END-- [ RunTime:0.000075s ]
INFO: Run Behavior\ParseTemplateBehavior [ RunTime:0.006697s ]
INFO: [ view_parse ] --END-- [ RunTime:0.006741s ]
INFO: [ view_filter ] --START--
INFO: Run Behavior\WriteHtmlCacheBehavior [ RunTime:0.000316s ]
INFO: [ view_filter ] --END-- [ RunTime:0.000335s ]
INFO: [ app_end ] --START--
INFO: Run Behavior\ShowPageTraceBehavior [ RunTime:0.000601s ]
INFO: [ app_end ] --END-- [ RunTime:0.000626s ]

[ 2017-02-05T11:03:39+08:00 ] ::1 /CESBack/index.php/Home/Index/login
INFO: [ app_init ] --START--
INFO: Run Behavior\BuildLiteBehavior [ RunTime:0.000008s ]
INFO: [ app_init ] --END-- [ RunTime:0.000217s ]
INFO: [ app_begin ] --START--
INFO: Run Behavior\ReadHtmlCacheBehavior [ RunTime:0.000216s ]
INFO: [ app_begin ] --END-- [ RunTime:0.000235s ]
NOTIC: [8] A session had already been started - ignoring session_start() /Users/lawrance/Data/CESBack/ThinkPHP/Common/functions.php 第 1263 行.
SQL: SHOW COLUMNS FROM `tb_admin` [ RunTime:0.0010s ]
SQL: SELECT * FROM `tb_admin` WHERE `user` = 'admin' AND `password` = '21232f297a57a5a743894a0e4a801fc3'  [ RunTime:0.0005s ]

[ 2017-02-05T11:03:39+08:00 ] ::1 /CESBack/index.php/Home/Home/home
INFO: [ app_init ] --START--
INFO: Run Behavior\BuildLiteBehavior [ RunTime:0.000005s ]
INFO: [ app_init ] --END-- [ RunTime:0.000154s ]
INFO: [ app_begin ] --START--
INFO: Run Behavior\ReadHtmlCacheBehavior [ RunTime:0.000192s ]
INFO: [ app_begin ] --END-- [ RunTime:0.000211s ]
NOTIC: [8] A session had already been started - ignoring session_start() /Users/lawrance/Data/CESBack/ThinkPHP/Common/functions.php 第 1263 行.
SQL: SHOW COLUMNS FROM `tb_home_count` [ RunTime:0.0019s ]
SQL: SELECT `time`,`new`,`all_user`,`survey`,`is_match` FROM `tb_home_count`  WHERE ( time >='2016-12-16' AND time <='2016-12-22' ) ORDER BY time ASC [ RunTime:0.0024s ]
INFO: [ view_parse ] --START--
INFO: [ template_filter ] --START--
INFO: Run Behavior\ContentReplaceBehavior [ RunTime:0.000152s ]
INFO: [ template_filter ] --END-- [ RunTime:0.000181s ]
INFO: Run Behavior\ParseTemplateBehavior [ RunTime:0.015109s ]
INFO: [ view_parse ] --END-- [ RunTime:0.015150s ]
INFO: [ view_filter ] --START--
INFO: Run Behavior\WriteHtmlCacheBehavior [ RunTime:0.000120s ]
INFO: [ view_filter ] --END-- [ RunTime:0.000133s ]
INFO: [ app_end ] --START--
INFO: Run Behavior\ShowPageTraceBehavior [ RunTime:0.000356s ]
INFO: [ app_end ] --END-- [ RunTime:0.000378s ]

[ 2017-02-05T11:03:43+08:00 ] ::1 /CESBack/index.php/Home/UserManage/userManage
INFO: [ app_init ] --START--
INFO: Run Behavior\BuildLiteBehavior [ RunTime:0.000018s ]
INFO: [ app_init ] --END-- [ RunTime:0.000418s ]
INFO: [ app_begin ] --START--
INFO: Run Behavior\ReadHtmlCacheBehavior [ RunTime:0.000550s ]
INFO: [ app_begin ] --END-- [ RunTime:0.000657s ]
NOTIC: [8] A session had already been started - ignoring session_start() /Users/lawrance/Data/CESBack/ThinkPHP/Common/functions.php 第 1263 行.
INFO: [ view_parse ] --START--
INFO: [ template_filter ] --START--
INFO: Run Behavior\ContentReplaceBehavior [ RunTime:0.000226s ]
INFO: [ template_filter ] --END-- [ RunTime:0.000261s ]
INFO: Run Behavior\ParseTemplateBehavior [ RunTime:0.012765s ]
INFO: [ view_parse ] --END-- [ RunTime:0.012811s ]
INFO: [ view_filter ] --START--
INFO: Run Behavior\WriteHtmlCacheBehavior [ RunTime:0.000113s ]
INFO: [ view_filter ] --END-- [ RunTime:0.000127s ]
INFO: [ app_end ] --START--
INFO: Run Behavior\ShowPageTraceBehavior [ RunTime:0.000371s ]
INFO: [ app_end ] --END-- [ RunTime:0.000398s ]

[ 2017-02-05T11:03:43+08:00 ] ::1 /CESBack/index.php/Home/UserManage/getUser?limit=10&offset=0&_=1486263823765
INFO: [ app_init ] --START--
INFO: Run Behavior\BuildLiteBehavior [ RunTime:0.000011s ]
INFO: [ app_init ] --END-- [ RunTime:0.000451s ]
INFO: [ app_begin ] --START--
INFO: Run Behavior\ReadHtmlCacheBehavior [ RunTime:0.000522s ]
INFO: [ app_begin ] --END-- [ RunTime:0.000572s ]
NOTIC: [8] A session had already been started - ignoring session_start() /Users/lawrance/Data/CESBack/ThinkPHP/Common/functions.php 第 1263 行.
SQL: SHOW COLUMNS FROM `tb_user` [ RunTime:0.0013s ]
SQL: SELECT `stu_num`,`stu_name`,`stu_sex`,`stu_graclass`,`stu_pro`,`stu_class`,`stu_phone`,`stu_qq` FROM `tb_user`  [ RunTime:0.0127s ]

[ 2017-02-05T11:03:58+08:00 ] ::1 /CESBack/index.php/Home/UserManage/searchUser?pro=1&gra=2015&&limit=10&offset=0&_=1486263823766
INFO: [ app_init ] --START--
INFO: Run Behavior\BuildLiteBehavior [ RunTime:0.000016s ]
INFO: [ app_init ] --END-- [ RunTime:0.000392s ]
INFO: [ app_begin ] --START--
INFO: Run Behavior\ReadHtmlCacheBehavior [ RunTime:0.000464s ]
INFO: [ app_begin ] --END-- [ RunTime:0.000510s ]
NOTIC: [8] A session had already been started - ignoring session_start() /Users/lawrance/Data/CESBack/ThinkPHP/Common/functions.php 第 1263 行.
SQL: SELECT `stu_num`,`stu_name`,`stu_sex`,`stu_graclass`,`stu_pro`,`stu_class`,`stu_phone`,`stu_qq`,`is_match`,`openid` FROM tb_user  WHERE `stu_pro` = '1' AND `stu_graclass` = '2015' [ RunTime:0.0032s ]

[ 2017-02-05T11:04:15+08:00 ] ::1 /CESBack/index.php/Home/UserManage/searchUser?pro=1&gra=2015&name=%E5%BC%A0&&limit=10&offset=0&_=1486263823767
INFO: [ app_init ] --START--
INFO: Run Behavior\BuildLiteBehavior [ RunTime:0.000010s ]
INFO: [ app_init ] --END-- [ RunTime:0.000260s ]
INFO: [ app_begin ] --START--
INFO: Run Behavior\ReadHtmlCacheBehavior [ RunTime:0.000410s ]
INFO: [ app_begin ] --END-- [ RunTime:0.000680s ]
NOTIC: [8] A session had already been started - ignoring session_start() /Users/lawrance/Data/CESBack/ThinkPHP/Common/functions.php 第 1263 行.
SQL: SELECT `stu_num`,`stu_name`,`stu_sex`,`stu_graclass`,`stu_pro`,`stu_class`,`stu_phone`,`stu_qq`,`is_match`,`openid` FROM tb_user  WHERE `stu_pro` = '1' AND `stu_graclass` = '2015' AND stu_name LIKE '张%' [ RunTime:0.0024s ]

[ 2017-02-05T11:04:30+08:00 ] ::1 /CESBack/index.php/Home/UserManage/searchUser?pro=4&gra=2015&name=%E5%BC%A0&&limit=10&offset=0&_=1486263823768
INFO: [ app_init ] --START--
INFO: Run Behavior\BuildLiteBehavior [ RunTime:0.000010s ]
INFO: [ app_init ] --END-- [ RunTime:0.000352s ]
INFO: [ app_begin ] --START--
INFO: Run Behavior\ReadHtmlCacheBehavior [ RunTime:0.000681s ]
INFO: [ app_begin ] --END-- [ RunTime:0.000725s ]
NOTIC: [8] A session had already been started - ignoring session_start() /Users/lawrance/Data/CESBack/ThinkPHP/Common/functions.php 第 1263 行.
SQL: SELECT `stu_num`,`stu_name`,`stu_sex`,`stu_graclass`,`stu_pro`,`stu_class`,`stu_phone`,`stu_qq`,`is_match`,`openid` FROM tb_user  WHERE `stu_pro` = '4' AND `stu_graclass` = '2015' AND stu_name LIKE '张%' [ RunTime:0.0025s ]

